14-Apr-2019 13:57:36.815 INFO [main] org.apache.catalina.startup.VersionLoggerListener.log Server version name:   Apache Tomcat/9.0.16
14-Apr-2019 13:57:36.823 INFO [main] org.apache.catalina.startup.VersionLoggerListener.log Server built:          Feb 4 2019 16:30:29 UTC
14-Apr-2019 13:57:36.823 INFO [main] org.apache.catalina.startup.VersionLoggerListener.log Server version number: 9.0.16.0
14-Apr-2019 13:57:36.831 INFO [main] org.apache.catalina.startup.VersionLoggerListener.log OS Name:               Windows 10
14-Apr-2019 13:57:36.831 INFO [main] org.apache.catalina.startup.VersionLoggerListener.log OS Version:            10.0
14-Apr-2019 13:57:36.831 INFO [main] org.apache.catalina.startup.VersionLoggerListener.log Architecture:          amd64
14-Apr-2019 13:57:36.831 INFO [main] org.apache.catalina.startup.VersionLoggerListener.log Java Home:             C:\Program Files\Java\jdk1.8.0_171\jre
14-Apr-2019 13:57:36.832 INFO [main] org.apache.catalina.startup.VersionLoggerListener.log JVM Version:           1.8.0_171-b11
14-Apr-2019 13:57:36.832 INFO [main] org.apache.catalina.startup.VersionLoggerListener.log JVM Vendor:            Oracle Corporation
14-Apr-2019 13:57:36.832 INFO [main] org.apache.catalina.startup.VersionLoggerListener.log CATALINA_BASE:         F:\IDB\Git\Servlet\apache-tomcat-9.0.16\apache-tomcat-9.0.16
14-Apr-2019 13:57:36.833 INFO [main] org.apache.catalina.startup.VersionLoggerListener.log CATALINA_HOME:         F:\IDB\Git\Servlet\apache-tomcat-9.0.16\apache-tomcat-9.0.16
14-Apr-2019 13:57:36.836 INFO [main] org.apache.catalina.startup.VersionLoggerListener.log Command line argument: -Djava.util.logging.config.file=F:\IDB\Git\Servlet\apache-tomcat-9.0.16\apache-tomcat-9.0.16\conf\logging.properties
14-Apr-2019 13:57:36.836 INFO [main] org.apache.catalina.startup.VersionLoggerListener.log Command line argument: -Djava.util.logging.manager=org.apache.juli.ClassLoaderLogManager
14-Apr-2019 13:57:36.836 INFO [main] org.apache.catalina.startup.VersionLoggerListener.log Command line argument: -Dhttp.nonProxyHosts=localhost|127.0.0.1|DESKTOP-8B4V8EO
14-Apr-2019 13:57:36.837 INFO [main] org.apache.catalina.startup.VersionLoggerListener.log Command line argument: -Djdk.tls.ephemeralDHKeySize=2048
14-Apr-2019 13:57:36.837 INFO [main] org.apache.catalina.startup.VersionLoggerListener.log Command line argument: -Djava.protocol.handler.pkgs=org.apache.catalina.webresources
14-Apr-2019 13:57:36.837 INFO [main] org.apache.catalina.startup.VersionLoggerListener.log Command line argument: -Dignore.endorsed.dirs=
14-Apr-2019 13:57:36.837 INFO [main] org.apache.catalina.startup.VersionLoggerListener.log Command line argument: -Dcatalina.base=F:\IDB\Git\Servlet\apache-tomcat-9.0.16\apache-tomcat-9.0.16
14-Apr-2019 13:57:36.837 INFO [main] org.apache.catalina.startup.VersionLoggerListener.log Command line argument: -Dcatalina.home=F:\IDB\Git\Servlet\apache-tomcat-9.0.16\apache-tomcat-9.0.16
14-Apr-2019 13:57:36.837 INFO [main] org.apache.catalina.startup.VersionLoggerListener.log Command line argument: -Djava.io.tmpdir=F:\IDB\Git\Servlet\apache-tomcat-9.0.16\apache-tomcat-9.0.16\temp
14-Apr-2019 13:57:36.838 INFO [main] org.apache.catalina.core.AprLifecycleListener.lifecycleEvent Loaded APR based Apache Tomcat Native library [1.2.21] using APR version [1.6.5].
14-Apr-2019 13:57:36.840 INFO [main] org.apache.catalina.core.AprLifecycleListener.lifecycleEvent APR capabilities: IPv6 [true], sendfile [true], accept filters [false], random [true].
14-Apr-2019 13:57:36.844 INFO [main] org.apache.catalina.core.AprLifecycleListener.lifecycleEvent APR/OpenSSL configuration: useAprConnector [false], useOpenSSL [true]
14-Apr-2019 13:57:36.955 INFO [main] org.apache.catalina.core.AprLifecycleListener.initializeSSL OpenSSL successfully initialized [OpenSSL 1.1.1a  20 Nov 2018]
14-Apr-2019 13:57:37.745 INFO [main] org.apache.coyote.AbstractProtocol.init Initializing ProtocolHandler ["http-nio-8081"]
14-Apr-2019 13:57:38.186 INFO [main] org.apache.coyote.AbstractProtocol.init Initializing ProtocolHandler ["ajp-nio-8009"]
14-Apr-2019 13:57:38.194 INFO [main] org.apache.catalina.startup.Catalina.load Server initialization in [3,147] milliseconds
14-Apr-2019 13:57:38.486 INFO [main] org.apache.catalina.core.StandardService.startInternal Starting service [Catalina]
14-Apr-2019 13:57:38.486 INFO [main] org.apache.catalina.core.StandardEngine.startInternal Starting Servlet engine: [Apache Tomcat/9.0.16]
14-Apr-2019 13:57:38.563 INFO [main] org.apache.catalina.startup.HostConfig.deployDescriptor Deploying deployment descriptor [F:\IDB\Git\Servlet\apache-tomcat-9.0.16\apache-tomcat-9.0.16\conf\Catalina\localhost\Basic.xml]
14-Apr-2019 13:57:38.843 WARNING [main] org.apache.catalina.startup.HostConfig.deployDescriptor The path attribute with value [/Basic] in deployment descriptor [F:\IDB\Git\Servlet\apache-tomcat-9.0.16\apache-tomcat-9.0.16\conf\Catalina\localhost\Basic.xml] has been ignored
14-Apr-2019 13:57:39.293 SEVERE [main] org.apache.catalina.startup.HostConfig.deployDescriptor Error deploying deployment descriptor [F:\IDB\Git\Servlet\apache-tomcat-9.0.16\apache-tomcat-9.0.16\conf\Catalina\localhost\Basic.xml]
 java.lang.IllegalStateException: Error starting child
	at org.apache.catalina.core.ContainerBase.addChildInternal(ContainerBase.java:716)
	at org.apache.catalina.core.ContainerBase.addChild(ContainerBase.java:690)
	at org.apache.catalina.core.StandardHost.addChild(StandardHost.java:695)
	at org.apache.catalina.startup.HostConfig.deployDescriptor(HostConfig.java:631)
	at org.apache.catalina.startup.HostConfig$DeployDescriptor.run(HostConfig.java:1832)
	at java.util.concurrent.Executors$RunnableAdapter.call(Executors.java:511)
	at java.util.concurrent.FutureTask.run(FutureTask.java:266)
	at org.apache.tomcat.util.threads.InlineExecutorService.execute(InlineExecutorService.java:75)
	at java.util.concurrent.AbstractExecutorService.submit(AbstractExecutorService.java:112)
	at org.apache.catalina.startup.HostConfig.deployDescriptors(HostConfig.java:526)
	at org.apache.catalina.startup.HostConfig.deployApps(HostConfig.java:425)
	at org.apache.catalina.startup.HostConfig.start(HostConfig.java:1577)
	at org.apache.catalina.startup.HostConfig.lifecycleEvent(HostConfig.java:309)
	at org.apache.catalina.util.LifecycleBase.fireLifecycleEvent(LifecycleBase.java:123)
	at org.apache.catalina.util.LifecycleBase.setStateInternal(LifecycleBase.java:424)
	at org.apache.catalina.util.LifecycleBase.setState(LifecycleBase.java:367)
	at org.apache.catalina.core.ContainerBase.startInternal(ContainerBase.java:929)
	at org.apache.catalina.core.StandardHost.startInternal(StandardHost.java:831)
	at org.apache.catalina.util.LifecycleBase.start(LifecycleBase.java:183)
	at org.apache.catalina.core.ContainerBase$StartChild.call(ContainerBase.java:1377)
	at org.apache.catalina.core.ContainerBase$StartChild.call(ContainerBase.java:1367)
	at java.util.concurrent.FutureTask.run(FutureTask.java:266)
	at org.apache.tomcat.util.threads.InlineExecutorService.execute(InlineExecutorService.java:75)
	at java.util.concurrent.AbstractExecutorService.submit(AbstractExecutorService.java:134)
	at org.apache.catalina.core.ContainerBase.startInternal(ContainerBase.java:902)
	at org.apache.catalina.core.StandardEngine.startInternal(StandardEngine.java:262)
	at org.apache.catalina.util.LifecycleBase.start(LifecycleBase.java:183)
	at org.apache.catalina.core.StandardService.startInternal(StandardService.java:423)
	at org.apache.catalina.util.LifecycleBase.start(LifecycleBase.java:183)
	at org.apache.catalina.core.StandardServer.startInternal(StandardServer.java:928)
	at org.apache.catalina.util.LifecycleBase.start(LifecycleBase.java:183)
	at org.apache.catalina.startup.Catalina.start(Catalina.java:638)
	at sun.reflect.NativeMethodAccessorImpl.invoke0(Native Method)
	at sun.reflect.NativeMethodAccessorImpl.invoke(NativeMethodAccessorImpl.java:62)
	at sun.reflect.DelegatingMethodAccessorImpl.invoke(DelegatingMethodAccessorImpl.java:43)
	at java.lang.reflect.Method.invoke(Method.java:498)
	at org.apache.catalina.startup.Bootstrap.start(Bootstrap.java:350)
	at org.apache.catalina.startup.Bootstrap.main(Bootstrap.java:492)
Caused by: org.apache.catalina.LifecycleException: Failed to start component [org.apache.catalina.webresources.StandardRoot@77ec78b9]
	at org.apache.catalina.util.LifecycleBase.handleSubClassException(LifecycleBase.java:441)
	at org.apache.catalina.util.LifecycleBase.start(LifecycleBase.java:198)
	at org.apache.catalina.core.StandardContext.resourcesStart(StandardContext.java:4783)
	at org.apache.catalina.core.StandardContext.startInternal(StandardContext.java:4918)
	at org.apache.catalina.util.LifecycleBase.start(LifecycleBase.java:183)
	at org.apache.catalina.core.ContainerBase.addChildInternal(ContainerBase.java:713)
	... 37 more
Caused by: java.lang.IllegalArgumentException: The main resource set specified [E:\Git\Servlet\Basic\build\web] is not valid
	at org.apache.catalina.webresources.StandardRoot.createMainResourceSet(StandardRoot.java:749)
	at org.apache.catalina.webresources.StandardRoot.startInternal(StandardRoot.java:706)
	at org.apache.catalina.util.LifecycleBase.start(LifecycleBase.java:183)
	... 41 more

14-Apr-2019 13:57:39.392 INFO [main] org.apache.catalina.startup.HostConfig.deployDescriptor Deployment of deployment descriptor [F:\IDB\Git\Servlet\apache-tomcat-9.0.16\apache-tomcat-9.0.16\conf\Catalina\localhost\Basic.xml] has finished in [827] ms
14-Apr-2019 13:57:39.396 INFO [main] org.apache.catalina.startup.HostConfig.deployDirectory Deploying web application directory [F:\IDB\Git\Servlet\apache-tomcat-9.0.16\apache-tomcat-9.0.16\webapps\docs]
14-Apr-2019 13:57:41.682 INFO [main] org.apache.catalina.startup.HostConfig.deployDirectory Deployment of web application directory [F:\IDB\Git\Servlet\apache-tomcat-9.0.16\apache-tomcat-9.0.16\webapps\docs] has finished in [2,288] ms
14-Apr-2019 13:57:41.683 INFO [main] org.apache.catalina.startup.HostConfig.deployDirectory Deploying web application directory [F:\IDB\Git\Servlet\apache-tomcat-9.0.16\apache-tomcat-9.0.16\webapps\examples]
14-Apr-2019 13:57:48.601 INFO [main] org.apache.catalina.startup.HostConfig.deployDirectory Deployment of web application directory [F:\IDB\Git\Servlet\apache-tomcat-9.0.16\apache-tomcat-9.0.16\webapps\examples] has finished in [6,915] ms
14-Apr-2019 13:57:48.609 INFO [main] org.apache.catalina.startup.HostConfig.deployDirectory Deploying web application directory [F:\IDB\Git\Servlet\apache-tomcat-9.0.16\apache-tomcat-9.0.16\webapps\host-manager]
14-Apr-2019 13:57:49.244 INFO [main] org.apache.catalina.startup.HostConfig.deployDirectory Deployment of web application directory [F:\IDB\Git\Servlet\apache-tomcat-9.0.16\apache-tomcat-9.0.16\webapps\host-manager] has finished in [634] ms
14-Apr-2019 13:57:49.246 INFO [main] org.apache.catalina.startup.HostConfig.deployDirectory Deploying web application directory [F:\IDB\Git\Servlet\apache-tomcat-9.0.16\apache-tomcat-9.0.16\webapps\manager]
14-Apr-2019 13:57:49.504 INFO [main] org.apache.catalina.startup.HostConfig.deployDirectory Deployment of web application directory [F:\IDB\Git\Servlet\apache-tomcat-9.0.16\apache-tomcat-9.0.16\webapps\manager] has finished in [255] ms
14-Apr-2019 13:57:49.507 INFO [main] org.apache.catalina.startup.HostConfig.deployDirectory Deploying web application directory [F:\IDB\Git\Servlet\apache-tomcat-9.0.16\apache-tomcat-9.0.16\webapps\ROOT]
14-Apr-2019 13:57:49.815 INFO [main] org.apache.catalina.startup.HostConfig.deployDirectory Deployment of web application directory [F:\IDB\Git\Servlet\apache-tomcat-9.0.16\apache-tomcat-9.0.16\webapps\ROOT] has finished in [308] ms
14-Apr-2019 13:57:49.838 INFO [main] org.apache.coyote.AbstractProtocol.start Starting ProtocolHandler ["http-nio-8081"]
14-Apr-2019 13:57:49.910 INFO [main] org.apache.coyote.AbstractProtocol.start Starting ProtocolHandler ["ajp-nio-8009"]
14-Apr-2019 13:57:50.584 INFO [main] org.apache.catalina.startup.Catalina.start Server startup in [12,388] milliseconds
14-Apr-2019 13:58:14.654 INFO [http-nio-8081-exec-10] org.apache.catalina.startup.HostConfig.deployDescriptor Deploying deployment descriptor [F:\IDB\Git\Servlet\apache-tomcat-9.0.16\apache-tomcat-9.0.16\conf\Catalina\localhost\SumusingServlet.xml]
14-Apr-2019 13:58:14.657 WARNING [http-nio-8081-exec-10] org.apache.catalina.startup.HostConfig.deployDescriptor The path attribute with value [/SumusingServlet] in deployment descriptor [F:\IDB\Git\Servlet\apache-tomcat-9.0.16\apache-tomcat-9.0.16\conf\Catalina\localhost\SumusingServlet.xml] has been ignored
14-Apr-2019 13:58:14.859 INFO [http-nio-8081-exec-10] org.apache.catalina.startup.HostConfig.deployDescriptor Deployment of deployment descriptor [F:\IDB\Git\Servlet\apache-tomcat-9.0.16\apache-tomcat-9.0.16\conf\Catalina\localhost\SumusingServlet.xml] has finished in [205] ms
14-Apr-2019 13:58:14.866 INFO [http-nio-8081-exec-2] org.apache.catalina.util.LifecycleBase.start The start() method was called on component [StandardEngine[Catalina].StandardHost[localhost].StandardContext[/SumusingServlet]] after start() had already been called. The second call will be ignored.
14-Apr-2019 13:59:36.720 INFO [http-nio-8081-exec-3] org.apache.catalina.core.StandardContext.reload Reloading Context with name [/SumusingServlet] has started
14-Apr-2019 13:59:37.025 INFO [http-nio-8081-exec-3] org.apache.catalina.core.StandardContext.reload Reloading Context with name [/SumusingServlet] is completed
14-Apr-2019 13:59:37.966 INFO [http-nio-8081-exec-11] org.apache.catalina.core.StandardContext.reload Reloading Context with name [/SumusingServlet] has started
14-Apr-2019 13:59:38.029 INFO [http-nio-8081-exec-11] org.apache.catalina.core.StandardContext.reload Reloading Context with name [/SumusingServlet] is completed
14-Apr-2019 14:04:18.155 INFO [http-nio-8081-exec-12] org.apache.catalina.core.StandardContext.reload Reloading Context with name [/SumusingServlet] has started
14-Apr-2019 14:04:18.674 INFO [http-nio-8081-exec-12] org.apache.catalina.core.StandardContext.reload Reloading Context with name [/SumusingServlet] is completed
14-Apr-2019 14:04:23.273 INFO [http-nio-8081-exec-15] org.apache.catalina.core.StandardContext.reload Reloading Context with name [/SumusingServlet] has started
14-Apr-2019 14:04:23.427 INFO [http-nio-8081-exec-15] org.apache.catalina.core.StandardContext.reload Reloading Context with name [/SumusingServlet] is completed
14-Apr-2019 14:07:41.920 INFO [http-nio-8081-exec-20] org.apache.catalina.core.StandardContext.reload Reloading Context with name [/SumusingServlet] has started
14-Apr-2019 14:07:53.168 INFO [http-nio-8081-exec-20] org.apache.jasper.servlet.TldScanner.scanJars At least one JAR was scanned for TLDs yet contained no TLDs. Enable debug logging for this logger for a complete list of JARs that were scanned but no TLDs were found in them. Skipping unneeded JARs during scanning can improve startup time and JSP compilation time.
14-Apr-2019 14:07:53.188 INFO [http-nio-8081-exec-20] org.apache.catalina.core.StandardContext.reload Reloading Context with name [/SumusingServlet] is completed
14-Apr-2019 14:07:53.346 INFO [http-nio-8081-exec-29] org.apache.catalina.core.StandardContext.reload Reloading Context with name [/SumusingServlet] has started
14-Apr-2019 14:07:59.494 INFO [http-nio-8081-exec-29] org.apache.jasper.servlet.TldScanner.scanJars At least one JAR was scanned for TLDs yet contained no TLDs. Enable debug logging for this logger for a complete list of JARs that were scanned but no TLDs were found in them. Skipping unneeded JARs during scanning can improve startup time and JSP compilation time.
14-Apr-2019 14:07:59.499 INFO [http-nio-8081-exec-29] org.apache.catalina.core.StandardContext.reload Reloading Context with name [/SumusingServlet] is completed
14-Apr-2019 14:08:49.788 INFO [http-nio-8081-exec-24] org.apache.jasper.servlet.TldScanner.scanJars At least one JAR was scanned for TLDs yet contained no TLDs. Enable debug logging for this logger for a complete list of JARs that were scanned but no TLDs were found in them. Skipping unneeded JARs during scanning can improve startup time and JSP compilation time.
14-Apr-2019 14:08:52.456 INFO [Catalina-utility-2] org.apache.catalina.startup.HostConfig.reload Reloading context [/SumusingServlet]
14-Apr-2019 14:08:53.710 INFO [http-nio-8081-exec-27] org.apache.jasper.servlet.TldScanner.scanJars At least one JAR was scanned for TLDs yet contained no TLDs. Enable debug logging for this logger for a complete list of JARs that were scanned but no TLDs were found in them. Skipping unneeded JARs during scanning can improve startup time and JSP compilation time.
14-Apr-2019 14:08:53.774 INFO [http-nio-8081-exec-27] com.sun.xml.ws.transport.http.servlet.WSServletContextListener.contextInitialized WSSERVLET12: JAX-WS context listener initializing
14-Apr-2019 14:09:01.011 INFO [http-nio-8081-exec-27] com.sun.xml.ws.server.MonitorBase.createRoot Metro monitoring rootname successfully set to: com.sun.metro:pp=/,type=WSEndpoint,name=/SumusingServlet-xml-xmlPort
14-Apr-2019 14:09:02.458 INFO [http-nio-8081-exec-27] com.sun.xml.ws.transport.http.servlet.WSServletDelegate.<init> WSSERVLET14: JAX-WS servlet initializing
14-Apr-2019 14:09:02.465 INFO [Catalina-utility-2] org.apache.catalina.util.LifecycleBase.start The start() method was called on component [StandardEngine[Catalina].StandardHost[localhost].StandardContext[/SumusingServlet]] after start() had already been called. The second call will be ignored.
14-Apr-2019 14:14:53.068 INFO [Catalina-utility-2] org.apache.catalina.startup.HostConfig.reload Reloading context [/SumusingServlet]
14-Apr-2019 14:14:53.068 INFO [Catalina-utility-2] org.apache.catalina.core.StandardContext.reload Reloading Context with name [/SumusingServlet] has started
14-Apr-2019 14:14:53.073 INFO [Catalina-utility-2] com.sun.xml.ws.transport.http.servlet.WSServletDelegate.destroy WSSERVLET15: JAX-WS servlet destroyed
14-Apr-2019 14:14:53.076 INFO [Catalina-utility-2] com.sun.xml.ws.server.MonitorBase.closeMOM Closing Metro monitoring root: com.sun.metro:pp=/,type=WSEndpoint,name=/SumusingServlet-xml-xmlPort
14-Apr-2019 14:14:53.078 INFO [Catalina-utility-2] com.sun.xml.ws.transport.http.servlet.WSServletContextListener.contextDestroyed WSSERVLET13: JAX-WS context listener destroyed
14-Apr-2019 14:15:01.126 INFO [Catalina-utility-2] org.apache.jasper.servlet.TldScanner.scanJars At least one JAR was scanned for TLDs yet contained no TLDs. Enable debug logging for this logger for a complete list of JARs that were scanned but no TLDs were found in them. Skipping unneeded JARs during scanning can improve startup time and JSP compilation time.
14-Apr-2019 14:15:01.128 INFO [Catalina-utility-2] org.apache.catalina.core.StandardContext.reload Reloading Context with name [/SumusingServlet] is completed
14-Apr-2019 14:15:10.996 INFO [http-nio-8081-exec-40] org.apache.jasper.servlet.TldScanner.scanJars At least one JAR was scanned for TLDs yet contained no TLDs. Enable debug logging for this logger for a complete list of JARs that were scanned but no TLDs were found in them. Skipping unneeded JARs during scanning can improve startup time and JSP compilation time.
14-Apr-2019 14:15:11.136 INFO [Catalina-utility-1] org.apache.catalina.startup.HostConfig.reload Reloading context [/SumusingServlet]
14-Apr-2019 14:15:11.137 INFO [Catalina-utility-1] org.apache.catalina.core.StandardContext.reload Reloading Context with name [/SumusingServlet] has started
14-Apr-2019 14:15:12.847 INFO [Catalina-utility-1] org.apache.jasper.servlet.TldScanner.scanJars At least one JAR was scanned for TLDs yet contained no TLDs. Enable debug logging for this logger for a complete list of JARs that were scanned but no TLDs were found in them. Skipping unneeded JARs during scanning can improve startup time and JSP compilation time.
14-Apr-2019 14:15:12.850 INFO [Catalina-utility-1] org.apache.catalina.core.StandardContext.reload Reloading Context with name [/SumusingServlet] is completed
14-Apr-2019 14:18:28.494 INFO [http-nio-8081-exec-48] org.apache.jasper.servlet.TldScanner.scanJars At least one JAR was scanned for TLDs yet contained no TLDs. Enable debug logging for this logger for a complete list of JARs that were scanned but no TLDs were found in them. Skipping unneeded JARs during scanning can improve startup time and JSP compilation time.
14-Apr-2019 14:18:33.308 INFO [Catalina-utility-2] org.apache.catalina.startup.HostConfig.reload Reloading context [/SumusingServlet]
14-Apr-2019 14:18:33.308 INFO [Catalina-utility-2] org.apache.catalina.core.StandardContext.reload Reloading Context with name [/SumusingServlet] has started
14-Apr-2019 14:18:36.538 INFO [Catalina-utility-2] org.apache.jasper.servlet.TldScanner.scanJars At least one JAR was scanned for TLDs yet contained no TLDs. Enable debug logging for this logger for a complete list of JARs that were scanned but no TLDs were found in them. Skipping unneeded JARs during scanning can improve startup time and JSP compilation time.
14-Apr-2019 14:18:36.545 INFO [Catalina-utility-2] org.apache.catalina.core.StandardContext.reload Reloading Context with name [/SumusingServlet] is completed
14-Apr-2019 14:18:42.101 INFO [http-nio-8081-exec-33] org.apache.jasper.servlet.TldScanner.scanJars At least one JAR was scanned for TLDs yet contained no TLDs. Enable debug logging for this logger for a complete list of JARs that were scanned but no TLDs were found in them. Skipping unneeded JARs during scanning can improve startup time and JSP compilation time.
14-Apr-2019 14:20:06.355 INFO [http-nio-8081-exec-51] org.apache.catalina.core.StandardContext.reload Reloading Context with name [/SumusingServlet] has started
14-Apr-2019 14:20:08.706 INFO [http-nio-8081-exec-51] org.apache.jasper.servlet.TldScanner.scanJars At least one JAR was scanned for TLDs yet contained no TLDs. Enable debug logging for this logger for a complete list of JARs that were scanned but no TLDs were found in them. Skipping unneeded JARs during scanning can improve startup time and JSP compilation time.
14-Apr-2019 14:20:08.709 INFO [http-nio-8081-exec-51] org.apache.catalina.core.StandardContext.reload Reloading Context with name [/SumusingServlet] is completed
14-Apr-2019 14:23:16.687 INFO [http-nio-8081-exec-60] org.apache.catalina.core.StandardContext.reload Reloading Context with name [/SumusingServlet] has started
14-Apr-2019 14:23:23.672 INFO [http-nio-8081-exec-60] org.apache.jasper.servlet.TldScanner.scanJars At least one JAR was scanned for TLDs yet contained no TLDs. Enable debug logging for this logger for a complete list of JARs that were scanned but no TLDs were found in them. Skipping unneeded JARs during scanning can improve startup time and JSP compilation time.
14-Apr-2019 14:23:23.678 INFO [http-nio-8081-exec-60] org.apache.catalina.core.StandardContext.reload Reloading Context with name [/SumusingServlet] is completed
14-Apr-2019 14:24:32.101 INFO [http-nio-8081-exec-70] org.apache.catalina.core.StandardContext.reload Reloading Context with name [/SumusingServlet] has started
14-Apr-2019 14:24:35.632 INFO [http-nio-8081-exec-70] org.apache.jasper.servlet.TldScanner.scanJars At least one JAR was scanned for TLDs yet contained no TLDs. Enable debug logging for this logger for a complete list of JARs that were scanned but no TLDs were found in them. Skipping unneeded JARs during scanning can improve startup time and JSP compilation time.
14-Apr-2019 14:24:35.641 INFO [http-nio-8081-exec-70] org.apache.catalina.core.StandardContext.reload Reloading Context with name [/SumusingServlet] is completed
14-Apr-2019 14:24:42.799 INFO [http-nio-8081-exec-64] org.apache.catalina.core.StandardContext.reload Reloading Context with name [/SumusingServlet] has started
14-Apr-2019 14:24:47.708 INFO [http-nio-8081-exec-64] org.apache.jasper.servlet.TldScanner.scanJars At least one JAR was scanned for TLDs yet contained no TLDs. Enable debug logging for this logger for a complete list of JARs that were scanned but no TLDs were found in them. Skipping unneeded JARs during scanning can improve startup time and JSP compilation time.
14-Apr-2019 14:24:47.712 INFO [http-nio-8081-exec-64] org.apache.catalina.core.StandardContext.reload Reloading Context with name [/SumusingServlet] is completed
14-Apr-2019 14:25:41.339 INFO [http-nio-8081-exec-71] org.apache.catalina.core.StandardContext.reload Reloading Context with name [/SumusingServlet] has started
14-Apr-2019 14:25:43.538 INFO [http-nio-8081-exec-71] org.apache.jasper.servlet.TldScanner.scanJars At least one JAR was scanned for TLDs yet contained no TLDs. Enable debug logging for this logger for a complete list of JARs that were scanned but no TLDs were found in them. Skipping unneeded JARs during scanning can improve startup time and JSP compilation time.
14-Apr-2019 14:25:43.541 INFO [http-nio-8081-exec-71] org.apache.catalina.core.StandardContext.reload Reloading Context with name [/SumusingServlet] is completed
14-Apr-2019 14:26:07.673 INFO [http-nio-8081-exec-81] org.apache.catalina.core.StandardContext.reload Reloading Context with name [/SumusingServlet] has started
14-Apr-2019 14:26:13.571 INFO [http-nio-8081-exec-81] org.apache.jasper.servlet.TldScanner.scanJars At least one JAR was scanned for TLDs yet contained no TLDs. Enable debug logging for this logger for a complete list of JARs that were scanned but no TLDs were found in them. Skipping unneeded JARs during scanning can improve startup time and JSP compilation time.
14-Apr-2019 14:26:13.580 INFO [http-nio-8081-exec-81] org.apache.catalina.core.StandardContext.reload Reloading Context with name [/SumusingServlet] is completed
14-Apr-2019 14:26:20.462 INFO [http-nio-8081-exec-79] org.apache.catalina.core.StandardContext.reload Reloading Context with name [/SumusingServlet] has started
14-Apr-2019 14:26:27.331 INFO [http-nio-8081-exec-79] org.apache.jasper.servlet.TldScanner.scanJars At least one JAR was scanned for TLDs yet contained no TLDs. Enable debug logging for this logger for a complete list of JARs that were scanned but no TLDs were found in them. Skipping unneeded JARs during scanning can improve startup time and JSP compilation time.
14-Apr-2019 14:26:27.340 INFO [http-nio-8081-exec-79] org.apache.catalina.core.StandardContext.reload Reloading Context with name [/SumusingServlet] is completed
14-Apr-2019 14:28:23.862 INFO [http-nio-8081-exec-84] org.apache.catalina.core.StandardContext.reload Reloading Context with name [/SumusingServlet] has started
14-Apr-2019 14:28:31.364 INFO [http-nio-8081-exec-84] org.apache.jasper.servlet.TldScanner.scanJars At least one JAR was scanned for TLDs yet contained no TLDs. Enable debug logging for this logger for a complete list of JARs that were scanned but no TLDs were found in them. Skipping unneeded JARs during scanning can improve startup time and JSP compilation time.
14-Apr-2019 14:28:31.372 INFO [http-nio-8081-exec-84] org.apache.catalina.core.StandardContext.reload Reloading Context with name [/SumusingServlet] is completed
14-Apr-2019 14:29:10.738 INFO [http-nio-8081-exec-62] org.apache.catalina.core.StandardContext.reload Reloading Context with name [/SumusingServlet] has started
14-Apr-2019 14:29:15.398 INFO [http-nio-8081-exec-62] org.apache.jasper.servlet.TldScanner.scanJars At least one JAR was scanned for TLDs yet contained no TLDs. Enable debug logging for this logger for a complete list of JARs that were scanned but no TLDs were found in them. Skipping unneeded JARs during scanning can improve startup time and JSP compilation time.
14-Apr-2019 14:29:15.406 INFO [http-nio-8081-exec-62] org.apache.catalina.core.StandardContext.reload Reloading Context with name [/SumusingServlet] is completed
14-Apr-2019 14:29:15.480 INFO [http-nio-8081-exec-91] org.apache.catalina.core.StandardContext.reload Reloading Context with name [/SumusingServlet] has started
14-Apr-2019 14:29:20.429 INFO [http-nio-8081-exec-91] org.apache.jasper.servlet.TldScanner.scanJars At least one JAR was scanned for TLDs yet contained no TLDs. Enable debug logging for this logger for a complete list of JARs that were scanned but no TLDs were found in them. Skipping unneeded JARs during scanning can improve startup time and JSP compilation time.
14-Apr-2019 14:29:20.433 INFO [http-nio-8081-exec-91] org.apache.catalina.core.StandardContext.reload Reloading Context with name [/SumusingServlet] is completed
14-Apr-2019 14:31:39.249 INFO [http-nio-8081-exec-94] org.apache.catalina.core.StandardContext.reload Reloading Context with name [/SumusingServlet] has started
14-Apr-2019 14:31:46.270 INFO [http-nio-8081-exec-94] org.apache.jasper.servlet.TldScanner.scanJars At least one JAR was scanned for TLDs yet contained no TLDs. Enable debug logging for this logger for a complete list of JARs that were scanned but no TLDs were found in them. Skipping unneeded JARs during scanning can improve startup time and JSP compilation time.
14-Apr-2019 14:31:46.279 INFO [http-nio-8081-exec-94] org.apache.catalina.core.StandardContext.reload Reloading Context with name [/SumusingServlet] is completed
14-Apr-2019 14:33:22.690 INFO [http-nio-8081-exec-100] org.apache.jasper.servlet.TldScanner.scanJars At least one JAR was scanned for TLDs yet contained no TLDs. Enable debug logging for this logger for a complete list of JARs that were scanned but no TLDs were found in them. Skipping unneeded JARs during scanning can improve startup time and JSP compilation time.
14-Apr-2019 14:33:29.909 INFO [Catalina-utility-1] org.apache.catalina.startup.HostConfig.reload Reloading context [/SumusingServlet]
14-Apr-2019 14:33:29.909 INFO [Catalina-utility-1] org.apache.catalina.core.StandardContext.reload Reloading Context with name [/SumusingServlet] has started
14-Apr-2019 14:33:31.555 INFO [Catalina-utility-1] org.apache.jasper.servlet.TldScanner.scanJars At least one JAR was scanned for TLDs yet contained no TLDs. Enable debug logging for this logger for a complete list of JARs that were scanned but no TLDs were found in them. Skipping unneeded JARs during scanning can improve startup time and JSP compilation time.
14-Apr-2019 14:33:31.558 INFO [Catalina-utility-1] org.apache.catalina.core.StandardContext.reload Reloading Context with name [/SumusingServlet] is completed
14-Apr-2019 14:33:38.089 INFO [http-nio-8081-exec-97] org.apache.catalina.core.StandardContext.reload Reloading Context with name [/SumusingServlet] has started
14-Apr-2019 14:33:40.490 INFO [http-nio-8081-exec-97] org.apache.jasper.servlet.TldScanner.scanJars At least one JAR was scanned for TLDs yet contained no TLDs. Enable debug logging for this logger for a complete list of JARs that were scanned but no TLDs were found in them. Skipping unneeded JARs during scanning can improve startup time and JSP compilation time.
14-Apr-2019 14:33:40.493 INFO [http-nio-8081-exec-97] org.apache.catalina.core.StandardContext.reload Reloading Context with name [/SumusingServlet] is completed
14-Apr-2019 14:33:40.533 INFO [http-nio-8081-exec-103] org.apache.catalina.core.StandardContext.reload Reloading Context with name [/SumusingServlet] has started
14-Apr-2019 14:33:43.092 INFO [http-nio-8081-exec-103] org.apache.jasper.servlet.TldScanner.scanJars At least one JAR was scanned for TLDs yet contained no TLDs. Enable debug logging for this logger for a complete list of JARs that were scanned but no TLDs were found in them. Skipping unneeded JARs during scanning can improve startup time and JSP compilation time.
14-Apr-2019 14:33:43.095 INFO [http-nio-8081-exec-103] org.apache.catalina.core.StandardContext.reload Reloading Context with name [/SumusingServlet] is completed
14-Apr-2019 14:33:48.196 INFO [http-nio-8081-exec-99] org.apache.jasper.servlet.TldScanner.scanJars At least one JAR was scanned for TLDs yet contained no TLDs. Enable debug logging for this logger for a complete list of JARs that were scanned but no TLDs were found in them. Skipping unneeded JARs during scanning can improve startup time and JSP compilation time.
14-Apr-2019 14:33:51.576 INFO [Catalina-utility-2] org.apache.catalina.startup.HostConfig.reload Reloading context [/SumusingServlet]
14-Apr-2019 14:33:51.576 INFO [Catalina-utility-2] org.apache.catalina.core.StandardContext.reload Reloading Context with name [/SumusingServlet] has started
14-Apr-2019 14:33:54.812 INFO [Catalina-utility-2] org.apache.jasper.servlet.TldScanner.scanJars At least one JAR was scanned for TLDs yet contained no TLDs. Enable debug logging for this logger for a complete list of JARs that were scanned but no TLDs were found in them. Skipping unneeded JARs during scanning can improve startup time and JSP compilation time.
14-Apr-2019 14:33:54.814 INFO [Catalina-utility-2] org.apache.catalina.core.StandardContext.reload Reloading Context with name [/SumusingServlet] is completed
14-Apr-2019 14:36:19.451 INFO [http-nio-8081-exec-89] org.apache.catalina.core.StandardContext.reload Reloading Context with name [/SumusingServlet] has started
14-Apr-2019 14:36:21.373 INFO [http-nio-8081-exec-89] org.apache.jasper.servlet.TldScanner.scanJars At least one JAR was scanned for TLDs yet contained no TLDs. Enable debug logging for this logger for a complete list of JARs that were scanned but no TLDs were found in them. Skipping unneeded JARs during scanning can improve startup time and JSP compilation time.
14-Apr-2019 14:36:21.376 INFO [http-nio-8081-exec-89] org.apache.catalina.core.StandardContext.reload Reloading Context with name [/SumusingServlet] is completed
14-Apr-2019 14:36:33.370 INFO [http-nio-8081-exec-108] org.apache.jasper.servlet.TldScanner.scanJars At least one JAR was scanned for TLDs yet contained no TLDs. Enable debug logging for this logger for a complete list of JARs that were scanned but no TLDs were found in them. Skipping unneeded JARs during scanning can improve startup time and JSP compilation time.
14-Apr-2019 14:36:34.987 INFO [Catalina-utility-1] org.apache.catalina.startup.HostConfig.reload Reloading context [/SumusingServlet]
14-Apr-2019 14:36:34.988 INFO [Catalina-utility-1] org.apache.catalina.core.StandardContext.reload Reloading Context with name [/SumusingServlet] has started
14-Apr-2019 14:36:38.352 INFO [Catalina-utility-1] org.apache.jasper.servlet.TldScanner.scanJars At least one JAR was scanned for TLDs yet contained no TLDs. Enable debug logging for this logger for a complete list of JARs that were scanned but no TLDs were found in them. Skipping unneeded JARs during scanning can improve startup time and JSP compilation time.
14-Apr-2019 14:36:38.354 INFO [Catalina-utility-1] org.apache.catalina.core.StandardContext.reload Reloading Context with name [/SumusingServlet] is completed
14-Apr-2019 14:36:38.355 INFO [http-nio-8081-exec-98] org.apache.catalina.core.StandardContext.reload Reloading Context with name [/SumusingServlet] has started
14-Apr-2019 14:36:40.601 INFO [http-nio-8081-exec-98] org.apache.jasper.servlet.TldScanner.scanJars At least one JAR was scanned for TLDs yet contained no TLDs. Enable debug logging for this logger for a complete list of JARs that were scanned but no TLDs were found in them. Skipping unneeded JARs during scanning can improve startup time and JSP compilation time.
14-Apr-2019 14:36:40.604 INFO [http-nio-8081-exec-98] org.apache.catalina.core.StandardContext.reload Reloading Context with name [/SumusingServlet] is completed
14-Apr-2019 14:36:40.642 INFO [http-nio-8081-exec-110] org.apache.catalina.core.StandardContext.reload Reloading Context with name [/SumusingServlet] has started
14-Apr-2019 14:36:42.725 INFO [http-nio-8081-exec-110] org.apache.jasper.servlet.TldScanner.scanJars At least one JAR was scanned for TLDs yet contained no TLDs. Enable debug logging for this logger for a complete list of JARs that were scanned but no TLDs were found in them. Skipping unneeded JARs during scanning can improve startup time and JSP compilation time.
14-Apr-2019 14:36:42.727 INFO [http-nio-8081-exec-110] org.apache.catalina.core.StandardContext.reload Reloading Context with name [/SumusingServlet] is completed
14-Apr-2019 14:37:57.096 INFO [http-nio-8081-exec-90] org.apache.catalina.core.StandardContext.reload Reloading Context with name [/SumusingServlet] has started
14-Apr-2019 14:37:58.576 INFO [http-nio-8081-exec-90] org.apache.jasper.servlet.TldScanner.scanJars At least one JAR was scanned for TLDs yet contained no TLDs. Enable debug logging for this logger for a complete list of JARs that were scanned but no TLDs were found in them. Skipping unneeded JARs during scanning can improve startup time and JSP compilation time.
14-Apr-2019 14:37:58.578 INFO [http-nio-8081-exec-90] org.apache.catalina.core.StandardContext.reload Reloading Context with name [/SumusingServlet] is completed
14-Apr-2019 14:38:27.237 INFO [http-nio-8081-exec-118] org.apache.jasper.servlet.TldScanner.scanJars At least one JAR was scanned for TLDs yet contained no TLDs. Enable debug logging for this logger for a complete list of JARs that were scanned but no TLDs were found in them. Skipping unneeded JARs during scanning can improve startup time and JSP compilation time.
14-Apr-2019 14:39:34.634 INFO [http-nio-8081-exec-130] org.apache.catalina.core.StandardContext.reload Reloading Context with name [/SumusingServlet] has started
14-Apr-2019 14:39:38.120 INFO [http-nio-8081-exec-130] org.apache.jasper.servlet.TldScanner.scanJars At least one JAR was scanned for TLDs yet contained no TLDs. Enable debug logging for this logger for a complete list of JARs that were scanned but no TLDs were found in them. Skipping unneeded JARs during scanning can improve startup time and JSP compilation time.
14-Apr-2019 14:39:38.122 INFO [http-nio-8081-exec-130] org.apache.catalina.core.StandardContext.reload Reloading Context with name [/SumusingServlet] is completed
14-Apr-2019 14:39:51.137 INFO [http-nio-8081-exec-131] org.apache.catalina.core.StandardContext.reload Reloading Context with name [/SumusingServlet] has started
14-Apr-2019 14:39:53.019 INFO [http-nio-8081-exec-131] org.apache.jasper.servlet.TldScanner.scanJars At least one JAR was scanned for TLDs yet contained no TLDs. Enable debug logging for this logger for a complete list of JARs that were scanned but no TLDs were found in them. Skipping unneeded JARs during scanning can improve startup time and JSP compilation time.
14-Apr-2019 14:39:53.021 INFO [http-nio-8081-exec-131] org.apache.catalina.core.StandardContext.reload Reloading Context with name [/SumusingServlet] is completed
14-Apr-2019 14:46:09.844 INFO [http-nio-8081-exec-135] org.apache.catalina.core.StandardContext.reload Reloading Context with name [/SumusingServlet] has started
14-Apr-2019 14:46:15.009 INFO [http-nio-8081-exec-135] org.apache.jasper.servlet.TldScanner.scanJars At least one JAR was scanned for TLDs yet contained no TLDs. Enable debug logging for this logger for a complete list of JARs that were scanned but no TLDs were found in them. Skipping unneeded JARs during scanning can improve startup time and JSP compilation time.
14-Apr-2019 14:46:15.012 INFO [http-nio-8081-exec-135] org.apache.catalina.core.StandardContext.reload Reloading Context with name [/SumusingServlet] is completed
14-Apr-2019 14:47:22.512 INFO [http-nio-8081-exec-144] org.apache.catalina.core.StandardContext.reload Reloading Context with name [/SumusingServlet] has started
14-Apr-2019 14:47:24.951 INFO [http-nio-8081-exec-144] org.apache.jasper.servlet.TldScanner.scanJars At least one JAR was scanned for TLDs yet contained no TLDs. Enable debug logging for this logger for a complete list of JARs that were scanned but no TLDs were found in them. Skipping unneeded JARs during scanning can improve startup time and JSP compilation time.
14-Apr-2019 14:47:24.953 INFO [http-nio-8081-exec-144] org.apache.catalina.core.StandardContext.reload Reloading Context with name [/SumusingServlet] is completed
14-Apr-2019 14:47:29.253 INFO [http-nio-8081-exec-139] org.apache.catalina.core.StandardContext.reload Reloading Context with name [/SumusingServlet] has started
14-Apr-2019 14:47:31.210 INFO [http-nio-8081-exec-139] org.apache.jasper.servlet.TldScanner.scanJars At least one JAR was scanned for TLDs yet contained no TLDs. Enable debug logging for this logger for a complete list of JARs that were scanned but no TLDs were found in them. Skipping unneeded JARs during scanning can improve startup time and JSP compilation time.
14-Apr-2019 14:47:31.212 INFO [http-nio-8081-exec-139] org.apache.catalina.core.StandardContext.reload Reloading Context with name [/SumusingServlet] is completed
14-Apr-2019 14:48:13.337 INFO [http-nio-8081-exec-155] org.apache.catalina.core.StandardContext.reload Reloading Context with name [/SumusingServlet] has started
14-Apr-2019 14:48:15.554 INFO [http-nio-8081-exec-155] org.apache.jasper.servlet.TldScanner.scanJars At least one JAR was scanned for TLDs yet contained no TLDs. Enable debug logging for this logger for a complete list of JARs that were scanned but no TLDs were found in them. Skipping unneeded JARs during scanning can improve startup time and JSP compilation time.
14-Apr-2019 14:48:15.556 INFO [http-nio-8081-exec-155] org.apache.catalina.core.StandardContext.reload Reloading Context with name [/SumusingServlet] is completed
14-Apr-2019 14:48:51.555 INFO [http-nio-8081-exec-150] org.apache.catalina.core.StandardContext.reload Reloading Context with name [/SumusingServlet] has started
14-Apr-2019 14:48:53.831 INFO [http-nio-8081-exec-150] org.apache.jasper.servlet.TldScanner.scanJars At least one JAR was scanned for TLDs yet contained no TLDs. Enable debug logging for this logger for a complete list of JARs that were scanned but no TLDs were found in them. Skipping unneeded JARs during scanning can improve startup time and JSP compilation time.
14-Apr-2019 14:48:53.833 INFO [http-nio-8081-exec-150] org.apache.catalina.core.StandardContext.reload Reloading Context with name [/SumusingServlet] is completed
14-Apr-2019 14:49:01.808 INFO [http-nio-8081-exec-149] org.apache.catalina.core.StandardContext.reload Reloading Context with name [/SumusingServlet] has started
14-Apr-2019 14:49:03.824 INFO [http-nio-8081-exec-149] org.apache.jasper.servlet.TldScanner.scanJars At least one JAR was scanned for TLDs yet contained no TLDs. Enable debug logging for this logger for a complete list of JARs that were scanned but no TLDs were found in them. Skipping unneeded JARs during scanning can improve startup time and JSP compilation time.
14-Apr-2019 14:49:03.827 INFO [http-nio-8081-exec-149] org.apache.catalina.core.StandardContext.reload Reloading Context with name [/SumusingServlet] is completed
14-Apr-2019 14:49:24.995 INFO [http-nio-8081-exec-140] org.apache.catalina.core.StandardContext.reload Reloading Context with name [/SumusingServlet] has started
14-Apr-2019 14:49:27.590 INFO [http-nio-8081-exec-140] org.apache.jasper.servlet.TldScanner.scanJars At least one JAR was scanned for TLDs yet contained no TLDs. Enable debug logging for this logger for a complete list of JARs that were scanned but no TLDs were found in them. Skipping unneeded JARs during scanning can improve startup time and JSP compilation time.
14-Apr-2019 14:49:27.592 INFO [http-nio-8081-exec-140] org.apache.catalina.core.StandardContext.reload Reloading Context with name [/SumusingServlet] is completed
14-Apr-2019 15:05:20.924 INFO [http-nio-8081-exec-167] org.apache.catalina.core.StandardContext.reload Reloading Context with name [/SumusingServlet] has started
14-Apr-2019 15:05:27.897 INFO [http-nio-8081-exec-167] org.apache.jasper.servlet.TldScanner.scanJars At least one JAR was scanned for TLDs yet contained no TLDs. Enable debug logging for this logger for a complete list of JARs that were scanned but no TLDs were found in them. Skipping unneeded JARs during scanning can improve startup time and JSP compilation time.
14-Apr-2019 15:05:27.900 INFO [http-nio-8081-exec-167] org.apache.catalina.core.StandardContext.reload Reloading Context with name [/SumusingServlet] is completed
14-Apr-2019 15:06:35.492 INFO [http-nio-8081-exec-170] org.apache.catalina.core.StandardContext.reload Reloading Context with name [/SumusingServlet] has started
14-Apr-2019 15:06:36.908 INFO [http-nio-8081-exec-170] org.apache.jasper.servlet.TldScanner.scanJars At least one JAR was scanned for TLDs yet contained no TLDs. Enable debug logging for this logger for a complete list of JARs that were scanned but no TLDs were found in them. Skipping unneeded JARs during scanning can improve startup time and JSP compilation time.
14-Apr-2019 15:06:36.910 INFO [http-nio-8081-exec-170] org.apache.catalina.core.StandardContext.reload Reloading Context with name [/SumusingServlet] is completed
14-Apr-2019 15:11:36.657 INFO [http-nio-8081-exec-179] org.apache.catalina.core.StandardContext.reload Reloading Context with name [/SumusingServlet] has started
14-Apr-2019 15:11:38.425 INFO [http-nio-8081-exec-179] org.apache.jasper.servlet.TldScanner.scanJars At least one JAR was scanned for TLDs yet contained no TLDs. Enable debug logging for this logger for a complete list of JARs that were scanned but no TLDs were found in them. Skipping unneeded JARs during scanning can improve startup time and JSP compilation time.
14-Apr-2019 15:11:38.442 INFO [http-nio-8081-exec-179] org.apache.catalina.core.StandardContext.reload Reloading Context with name [/SumusingServlet] is completed
14-Apr-2019 15:11:42.269 INFO [http-nio-8081-exec-182] org.apache.catalina.core.StandardContext.reload Reloading Context with name [/SumusingServlet] has started
14-Apr-2019 15:11:44.037 INFO [http-nio-8081-exec-182] org.apache.jasper.servlet.TldScanner.scanJars At least one JAR was scanned for TLDs yet contained no TLDs. Enable debug logging for this logger for a complete list of JARs that were scanned but no TLDs were found in them. Skipping unneeded JARs during scanning can improve startup time and JSP compilation time.
14-Apr-2019 15:11:44.039 INFO [http-nio-8081-exec-182] org.apache.catalina.core.StandardContext.reload Reloading Context with name [/SumusingServlet] is completed
14-Apr-2019 15:12:54.137 INFO [http-nio-8081-exec-191] org.apache.catalina.core.StandardContext.reload Reloading Context with name [/SumusingServlet] has started
14-Apr-2019 15:12:57.183 INFO [http-nio-8081-exec-191] org.apache.jasper.servlet.TldScanner.scanJars At least one JAR was scanned for TLDs yet contained no TLDs. Enable debug logging for this logger for a complete list of JARs that were scanned but no TLDs were found in them. Skipping unneeded JARs during scanning can improve startup time and JSP compilation time.
14-Apr-2019 15:12:57.186 INFO [http-nio-8081-exec-191] org.apache.catalina.core.StandardContext.reload Reloading Context with name [/SumusingServlet] is completed
14-Apr-2019 15:12:59.298 INFO [http-nio-8081-exec-196] org.apache.catalina.core.StandardContext.reload Reloading Context with name [/SumusingServlet] has started
14-Apr-2019 15:13:02.439 INFO [http-nio-8081-exec-196] org.apache.jasper.servlet.TldScanner.scanJars At least one JAR was scanned for TLDs yet contained no TLDs. Enable debug logging for this logger for a complete list of JARs that were scanned but no TLDs were found in them. Skipping unneeded JARs during scanning can improve startup time and JSP compilation time.
14-Apr-2019 15:13:02.442 INFO [http-nio-8081-exec-196] org.apache.catalina.core.StandardContext.reload Reloading Context with name [/SumusingServlet] is completed
14-Apr-2019 15:16:46.385 INFO [http-nio-8081-exec-203] org.apache.catalina.core.StandardContext.reload Reloading Context with name [/SumusingServlet] has started
14-Apr-2019 15:16:48.153 INFO [http-nio-8081-exec-203] org.apache.jasper.servlet.TldScanner.scanJars At least one JAR was scanned for TLDs yet contained no TLDs. Enable debug logging for this logger for a complete list of JARs that were scanned but no TLDs were found in them. Skipping unneeded JARs during scanning can improve startup time and JSP compilation time.
14-Apr-2019 15:16:48.155 INFO [http-nio-8081-exec-203] org.apache.catalina.core.StandardContext.reload Reloading Context with name [/SumusingServlet] is completed
14-Apr-2019 15:19:24.172 INFO [http-nio-8081-exec-210] org.apache.catalina.core.StandardContext.reload Reloading Context with name [/SumusingServlet] has started
14-Apr-2019 15:19:28.706 INFO [http-nio-8081-exec-210] org.apache.jasper.servlet.TldScanner.scanJars At least one JAR was scanned for TLDs yet contained no TLDs. Enable debug logging for this logger for a complete list of JARs that were scanned but no TLDs were found in them. Skipping unneeded JARs during scanning can improve startup time and JSP compilation time.
14-Apr-2019 15:19:28.711 INFO [http-nio-8081-exec-210] org.apache.catalina.core.StandardContext.reload Reloading Context with name [/SumusingServlet] is completed
14-Apr-2019 15:19:42.946 INFO [http-nio-8081-exec-204] org.apache.catalina.core.StandardContext.reload Reloading Context with name [/SumusingServlet] has started
14-Apr-2019 15:19:45.422 INFO [http-nio-8081-exec-204] org.apache.jasper.servlet.TldScanner.scanJars At least one JAR was scanned for TLDs yet contained no TLDs. Enable debug logging for this logger for a complete list of JARs that were scanned but no TLDs were found in them. Skipping unneeded JARs during scanning can improve startup time and JSP compilation time.
14-Apr-2019 15:19:45.434 INFO [http-nio-8081-exec-204] org.apache.catalina.core.StandardContext.reload Reloading Context with name [/SumusingServlet] is completed
14-Apr-2019 15:21:53.617 INFO [http-nio-8081-exec-220] org.apache.catalina.core.StandardContext.reload Reloading Context with name [/SumusingServlet] has started
14-Apr-2019 15:21:56.596 INFO [http-nio-8081-exec-220] org.apache.jasper.servlet.TldScanner.scanJars At least one JAR was scanned for TLDs yet contained no TLDs. Enable debug logging for this logger for a complete list of JARs that were scanned but no TLDs were found in them. Skipping unneeded JARs during scanning can improve startup time and JSP compilation time.
14-Apr-2019 15:21:56.598 INFO [http-nio-8081-exec-220] org.apache.catalina.core.StandardContext.reload Reloading Context with name [/SumusingServlet] is completed
14-Apr-2019 15:22:15.753 INFO [http-nio-8081-exec-214] org.apache.catalina.core.StandardContext.reload Reloading Context with name [/SumusingServlet] has started
14-Apr-2019 15:22:17.290 INFO [http-nio-8081-exec-214] org.apache.jasper.servlet.TldScanner.scanJars At least one JAR was scanned for TLDs yet contained no TLDs. Enable debug logging for this logger for a complete list of JARs that were scanned but no TLDs were found in them. Skipping unneeded JARs during scanning can improve startup time and JSP compilation time.
14-Apr-2019 15:22:17.291 INFO [http-nio-8081-exec-214] org.apache.catalina.core.StandardContext.reload Reloading Context with name [/SumusingServlet] is completed
14-Apr-2019 15:23:27.174 INFO [http-nio-8081-exec-231] org.apache.catalina.core.StandardContext.reload Reloading Context with name [/SumusingServlet] has started
14-Apr-2019 15:23:30.496 INFO [http-nio-8081-exec-231] org.apache.jasper.servlet.TldScanner.scanJars At least one JAR was scanned for TLDs yet contained no TLDs. Enable debug logging for this logger for a complete list of JARs that were scanned but no TLDs were found in them. Skipping unneeded JARs during scanning can improve startup time and JSP compilation time.
14-Apr-2019 15:23:30.500 INFO [http-nio-8081-exec-231] org.apache.catalina.core.StandardContext.reload Reloading Context with name [/SumusingServlet] is completed
14-Apr-2019 15:23:34.207 INFO [http-nio-8081-exec-237] org.apache.catalina.core.StandardContext.reload Reloading Context with name [/SumusingServlet] has started
14-Apr-2019 15:23:36.720 INFO [http-nio-8081-exec-237] org.apache.jasper.servlet.TldScanner.scanJars At least one JAR was scanned for TLDs yet contained no TLDs. Enable debug logging for this logger for a complete list of JARs that were scanned but no TLDs were found in them. Skipping unneeded JARs during scanning can improve startup time and JSP compilation time.
14-Apr-2019 15:23:36.722 INFO [334] org.apache.catalina.core.StandardContext.reload Reloading Context with name [/SumusingServlet] is completed
14-Apr-2019 15:26:09.834 INFO [http-nio-8081-exec-239] org.apache.catalina.core.StandardContext.reload Reloading Context with name [/SumusingServlet] has started
14-Apr-2019 15:26:13.370 INFO [http-nio-8081-exec-239] org.apache.jasper.servlet.TldScanner.scanJars At least one JAR was scanned for TLDs yet contained no TLDs. Enable debug logging for this logger for a complete list of JARs that were scanned but no TLDs were found in them. Skipping unneeded JARs during scanning can improve startup time and JSP compilation time.
14-Apr-2019 15:26:13.372 INFO [http-nio-8081-exec-239] org.apache.catalina.core.StandardContext.reload Reloading Context with name [/SumusingServlet] is completed
14-Apr-2019 15:26:21.931 INFO [http-nio-8081-exec-233] org.apache.catalina.core.StandardContext.reload Reloading Context with name [/SumusingServlet] has started
14-Apr-2019 15:26:23.928 INFO [http-nio-8081-exec-233] org.apache.jasper.servlet.TldScanner.scanJars At least one JAR was scanned for TLDs yet contained no TLDs. Enable debug logging for this logger for a complete list of JARs that were scanned but no TLDs were found in them. Skipping unneeded JARs during scanning can improve startup time and JSP compilation time.
14-Apr-2019 15:26:23.931 INFO [http-nio-8081-exec-233] org.apache.catalina.core.StandardContext.reload Reloading Context with name [/SumusingServlet] is completed
14-Apr-2019 15:27:58.394 INFO [http-nio-8081-exec-243] org.apache.catalina.core.StandardContext.reload Reloading Context with name [/SumusingServlet] has started
14-Apr-2019 15:27:59.859 INFO [http-nio-8081-exec-243] org.apache.jasper.servlet.TldScanner.scanJars At least one JAR was scanned for TLDs yet contained no TLDs. Enable debug logging for this logger for a complete list of JARs that were scanned but no TLDs were found in them. Skipping unneeded JARs during scanning can improve startup time and JSP compilation time.
14-Apr-2019 15:27:59.861 INFO [http-nio-8081-exec-243] org.apache.catalina.core.StandardContext.reload Reloading Context with name [/SumusingServlet] is completed
14-Apr-2019 15:28:15.972 INFO [http-nio-8081-exec-246] org.apache.tomcat.util.http.Parameters.processParameters Invalid chunk starting at byte [0] and ending at byte [2] with a value of [=7] ignored
 Note: further occurrences of Parameter errors will be logged at DEBUG level.
14-Apr-2019 15:29:04.619 INFO [http-nio-8081-exec-258] org.apache.catalina.core.StandardContext.reload Reloading Context with name [/SumusingServlet] has started
14-Apr-2019 15:29:06.858 INFO [http-nio-8081-exec-258] org.apache.jasper.servlet.TldScanner.scanJars At least one JAR was scanned for TLDs yet contained no TLDs. Enable debug logging for this logger for a complete list of JARs that were scanned but no TLDs were found in them. Skipping unneeded JARs during scanning can improve startup time and JSP compilation time.
14-Apr-2019 15:29:06.862 INFO [http-nio-8081-exec-258] org.apache.catalina.core.StandardContext.reload Reloading Context with name [/SumusingServlet] is completed
14-Apr-2019 15:29:10.133 INFO [http-nio-8081-exec-259] org.apache.catalina.core.StandardContext.reload Reloading Context with name [/SumusingServlet] has started
14-Apr-2019 15:29:12.188 INFO [http-nio-8081-exec-259] org.apache.jasper.servlet.TldScanner.scanJars At least one JAR was scanned for TLDs yet contained no TLDs. Enable debug logging for this logger for a complete list of JARs that were scanned but no TLDs were found in them. Skipping unneeded JARs during scanning can improve startup time and JSP compilation time.
14-Apr-2019 15:29:12.191 INFO [http-nio-8081-exec-259] org.apache.catalina.core.StandardContext.reload Reloading Context with name [/SumusingServlet] is completed
14-Apr-2019 15:29:56.782 INFO [http-nio-8081-exec-253] org.apache.catalina.core.StandardContext.reload Reloading Context with name [/SumusingServlet] has started
14-Apr-2019 15:29:58.610 INFO [http-nio-8081-exec-253] org.apache.jasper.servlet.TldScanner.scanJars At least one JAR was scanned for TLDs yet contained no TLDs. Enable debug logging for this logger for a complete list of JARs that were scanned but no TLDs were found in them. Skipping unneeded JARs during scanning can improve startup time and JSP compilation time.
14-Apr-2019 15:29:58.612 INFO [http-nio-8081-exec-253] org.apache.catalina.core.StandardContext.reload Reloading Context with name [/SumusingServlet] is completed
14-Apr-2019 15:30:23.903 INFO [http-nio-8081-exec-257] org.apache.catalina.core.StandardContext.reload Reloading Context with name [/SumusingServlet] has started
14-Apr-2019 15:30:25.753 INFO [http-nio-8081-exec-257] org.apache.jasper.servlet.TldScanner.scanJars At least one JAR was scanned for TLDs yet contained no TLDs. Enable debug logging for this logger for a complete list of JARs that were scanned but no TLDs were found in them. Skipping unneeded JARs during scanning can improve startup time and JSP compilation time.
14-Apr-2019 15:30:25.755 INFO [http-nio-8081-exec-257] org.apache.catalina.core.StandardContext.reload Reloading Context with name [/SumusingServlet] is completed
14-Apr-2019 15:52:30.458 INFO [http-nio-8081-exec-284] org.apache.catalina.core.StandardContext.reload Reloading Context with name [/SumusingServlet] has started
14-Apr-2019 15:52:40.905 INFO [http-nio-8081-exec-284] org.apache.jasper.servlet.TldScanner.scanJars At least one JAR was scanned for TLDs yet contained no TLDs. Enable debug logging for this logger for a complete list of JARs that were scanned but no TLDs were found in them. Skipping unneeded JARs during scanning can improve startup time and JSP compilation time.
14-Apr-2019 15:52:40.910 INFO [http-nio-8081-exec-284] org.apache.catalina.core.StandardContext.reload Reloading Context with name [/SumusingServlet] is completed
14-Apr-2019 15:52:41.034 INFO [http-nio-8081-exec-285] org.apache.catalina.core.StandardContext.reload Reloading Context with name [/SumusingServlet] has started
14-Apr-2019 15:52:45.798 INFO [http-nio-8081-exec-285] org.apache.jasper.servlet.TldScanner.scanJars At least one JAR was scanned for TLDs yet contained no TLDs. Enable debug logging for this logger for a complete list of JARs that were scanned but no TLDs were found in them. Skipping unneeded JARs during scanning can improve startup time and JSP compilation time.
14-Apr-2019 15:52:45.801 INFO [http-nio-8081-exec-285] org.apache.catalina.core.StandardContext.reload Reloading Context with name [/SumusingServlet] is completed
14-Apr-2019 15:54:51.383 INFO [http-nio-8081-exec-287] org.apache.catalina.core.StandardContext.reload Reloading Context with name [/SumusingServlet] has started
14-Apr-2019 15:54:53.719 INFO [http-nio-8081-exec-287] org.apache.jasper.servlet.TldScanner.scanJars At least one JAR was scanned for TLDs yet contained no TLDs. Enable debug logging for this logger for a complete list of JARs that were scanned but no TLDs were found in them. Skipping unneeded JARs during scanning can improve startup time and JSP compilation time.
14-Apr-2019 15:54:53.721 INFO [http-nio-8081-exec-287] org.apache.catalina.core.StandardContext.reload Reloading Context with name [/SumusingServlet] is completed
14-Apr-2019 15:55:01.601 INFO [http-nio-8081-exec-288] org.apache.catalina.core.StandardContext.reload Reloading Context with name [/SumusingServlet] has started
14-Apr-2019 15:55:04.380 INFO [http-nio-8081-exec-288] org.apache.jasper.servlet.TldScanner.scanJars At least one JAR was scanned for TLDs yet contained no TLDs. Enable debug logging for this logger for a complete list of JARs that were scanned but no TLDs were found in them. Skipping unneeded JARs during scanning can improve startup time and JSP compilation time.
14-Apr-2019 15:55:04.382 INFO [http-nio-8081-exec-288] org.apache.catalina.core.StandardContext.reload Reloading Context with name [/SumusingServlet] is completed
14-Apr-2019 15:56:01.019 INFO [http-nio-8081-exec-294] org.apache.catalina.core.StandardContext.reload Reloading Context with name [/SumusingServlet] has started
14-Apr-2019 15:56:03.399 INFO [http-nio-8081-exec-294] org.apache.jasper.servlet.TldScanner.scanJars At least one JAR was scanned for TLDs yet contained no TLDs. Enable debug logging for this logger for a complete list of JARs that were scanned but no TLDs were found in them. Skipping unneeded JARs during scanning can improve startup time and JSP compilation time.
14-Apr-2019 15:56:03.414 INFO [http-nio-8081-exec-294] org.apache.catalina.core.StandardContext.reload Reloading Context with name [/SumusingServlet] is completed
14-Apr-2019 15:56:50.662 INFO [http-nio-8081-exec-292] org.apache.catalina.core.StandardContext.reload Reloading Context with name [/SumusingServlet] has started
14-Apr-2019 15:56:52.178 INFO [http-nio-8081-exec-292] org.apache.jasper.servlet.TldScanner.scanJars At least one JAR was scanned for TLDs yet contained no TLDs. Enable debug logging for this logger for a complete list of JARs that were scanned but no TLDs were found in them. Skipping unneeded JARs during scanning can improve startup time and JSP compilation time.
14-Apr-2019 15:56:52.180 INFO [http-nio-8081-exec-292] org.apache.catalina.core.StandardContext.reload Reloading Context with name [/SumusingServlet] is completed
14-Apr-2019 15:59:00.358 INFO [http-nio-8081-exec-304] org.apache.catalina.core.StandardContext.reload Reloading Context with name [/SumusingServlet] has started
14-Apr-2019 15:59:07.768 INFO [http-nio-8081-exec-304] org.apache.jasper.servlet.TldScanner.scanJars At least one JAR was scanned for TLDs yet contained no TLDs. Enable debug logging for this logger for a complete list of JARs that were scanned but no TLDs were found in them. Skipping unneeded JARs during scanning can improve startup time and JSP compilation time.
14-Apr-2019 15:59:08.120 INFO [http-nio-8081-exec-304] org.apache.catalina.core.StandardContext.reload Reloading Context with name [/SumusingServlet] is completed
14-Apr-2019 16:00:13.485 INFO [http-nio-8081-exec-298] org.apache.catalina.core.StandardContext.reload Reloading Context with name [/SumusingServlet] has started
14-Apr-2019 16:00:22.091 INFO [http-nio-8081-exec-298] org.apache.jasper.servlet.TldScanner.scanJars At least one JAR was scanned for TLDs yet contained no TLDs. Enable debug logging for this logger for a complete list of JARs that were scanned but no TLDs were found in them. Skipping unneeded JARs during scanning can improve startup time and JSP compilation time.
14-Apr-2019 16:00:22.102 INFO [http-nio-8081-exec-298] org.apache.catalina.core.StandardContext.reload Reloading Context with name [/SumusingServlet] is completed
14-Apr-2019 16:03:53.257 INFO [http-nio-8081-exec-316] org.apache.catalina.core.StandardContext.reload Reloading Context with name [/SumusingServlet] has started
14-Apr-2019 16:03:55.659 INFO [http-nio-8081-exec-316] org.apache.jasper.servlet.TldScanner.scanJars At least one JAR was scanned for TLDs yet contained no TLDs. Enable debug logging for this logger for a complete list of JARs that were scanned but no TLDs were found in them. Skipping unneeded JARs during scanning can improve startup time and JSP compilation time.
14-Apr-2019 16:03:55.663 INFO [http-nio-8081-exec-316] org.apache.catalina.core.StandardContext.reload Reloading Context with name [/SumusingServlet] is completed
14-Apr-2019 16:06:17.188 INFO [http-nio-8081-exec-322] org.apache.catalina.core.StandardContext.reload Reloading Context with name [/SumusingServlet] has started
14-Apr-2019 16:06:26.832 INFO [http-nio-8081-exec-322] org.apache.jasper.servlet.TldScanner.scanJars At least one JAR was scanned for TLDs yet contained no TLDs. Enable debug logging for this logger for a complete list of JARs that were scanned but no TLDs were found in them. Skipping unneeded JARs during scanning can improve startup time and JSP compilation time.
14-Apr-2019 16:06:26.963 INFO [http-nio-8081-exec-322] org.apache.catalina.core.StandardContext.reload Reloading Context with name [/SumusingServlet] is completed
14-Apr-2019 16:06:34.889 INFO [http-nio-8081-exec-325] org.apache.catalina.core.StandardContext.reload Reloading Context with name [/SumusingServlet] has started
14-Apr-2019 16:06:38.361 INFO [http-nio-8081-exec-325] org.apache.jasper.servlet.TldScanner.scanJars At least one JAR was scanned for TLDs yet contained no TLDs. Enable debug logging for this logger for a complete list of JARs that were scanned but no TLDs were found in them. Skipping unneeded JARs during scanning can improve startup time and JSP compilation time.
14-Apr-2019 16:06:38.371 INFO [http-nio-8081-exec-325] org.apache.catalina.core.StandardContext.reload Reloading Context with name [/SumusingServlet] is completed
14-Apr-2019 16:37:41.061 INFO [http-nio-8081-exec-335] org.apache.catalina.startup.HostConfig.deployDescriptor Deploying deployment descriptor [F:\IDB\Git\Servlet\apache-tomcat-9.0.16\apache-tomcat-9.0.16\conf\Catalina\localhost\MyServlet.xml]
14-Apr-2019 16:37:41.111 WARNING [http-nio-8081-exec-335] org.apache.catalina.startup.HostConfig.deployDescriptor The path attribute with value [/MyServlet] in deployment descriptor [F:\IDB\Git\Servlet\apache-tomcat-9.0.16\apache-tomcat-9.0.16\conf\Catalina\localhost\MyServlet.xml] has been ignored
14-Apr-2019 16:37:41.637 INFO [http-nio-8081-exec-335] org.apache.catalina.startup.HostConfig.deployDescriptor Deployment of deployment descriptor [F:\IDB\Git\Servlet\apache-tomcat-9.0.16\apache-tomcat-9.0.16\conf\Catalina\localhost\MyServlet.xml] has finished in [641] ms
14-Apr-2019 16:37:41.650 INFO [http-nio-8081-exec-334] org.apache.catalina.util.LifecycleBase.start The start() method was called on component [StandardEngine[Catalina].StandardHost[localhost].StandardContext[/MyServlet]] after start() had already been called. The second call will be ignored.
14-Apr-2019 16:38:21.247 INFO [http-nio-8081-exec-337] org.apache.catalina.core.StandardContext.reload Reloading Context with name [/MyServlet] has started
14-Apr-2019 16:38:21.471 INFO [http-nio-8081-exec-337] org.apache.catalina.core.StandardContext.reload Reloading Context with name [/MyServlet] is completed
14-Apr-2019 16:38:26.269 INFO [http-nio-8081-exec-338] org.apache.catalina.core.StandardContext.reload Reloading Context with name [/MyServlet] has started
14-Apr-2019 16:38:26.332 INFO [http-nio-8081-exec-338] org.apache.catalina.core.StandardContext.reload Reloading Context with name [/MyServlet] is completed
14-Apr-2019 16:39:27.997 INFO [http-nio-8081-exec-344] org.apache.catalina.core.StandardContext.reload Reloading Context with name [/MyServlet] has started
14-Apr-2019 16:39:28.207 INFO [http-nio-8081-exec-344] org.apache.catalina.core.StandardContext.reload Reloading Context with name [/MyServlet] is completed
14-Apr-2019 16:40:28.133 INFO [http-nio-8081-exec-344] org.apache.catalina.core.StandardContext.reload Reloading Context with name [/MyServlet] has started
14-Apr-2019 16:40:28.204 INFO [http-nio-8081-exec-344] org.apache.catalina.core.StandardContext.reload Reloading Context with name [/MyServlet] is completed
14-Apr-2019 16:40:35.579 INFO [http-nio-8081-exec-336] org.apache.catalina.core.StandardContext.reload Reloading Context with name [/MyServlet] has started
14-Apr-2019 16:40:35.739 INFO [http-nio-8081-exec-336] org.apache.catalina.core.StandardContext.reload Reloading Context with name [/MyServlet] is completed
14-Apr-2019 16:41:01.807 INFO [http-nio-8081-exec-354] org.apache.catalina.core.StandardContext.reload Reloading Context with name [/MyServlet] has started
14-Apr-2019 16:41:02.254 INFO [http-nio-8081-exec-354] org.apache.catalina.core.StandardContext.reload Reloading Context with name [/MyServlet] is completed
14-Apr-2019 16:41:17.671 INFO [http-nio-8081-exec-356] org.apache.catalina.core.StandardContext.reload Reloading Context with name [/MyServlet] has started
14-Apr-2019 16:41:17.783 INFO [http-nio-8081-exec-356] org.apache.catalina.core.StandardContext.reload Reloading Context with name [/MyServlet] is completed
14-Apr-2019 16:41:33.063 INFO [http-nio-8081-exec-358] org.apache.catalina.core.StandardContext.reload Reloading Context with name [/MyServlet] has started
14-Apr-2019 16:41:33.166 INFO [http-nio-8081-exec-358] org.apache.catalina.core.StandardContext.reload Reloading Context with name [/MyServlet] is completed
14-Apr-2019 16:44:51.919 INFO [Catalina-utility-1] org.apache.catalina.startup.HostConfig.reload Reloading context [/MyServlet]
14-Apr-2019 16:44:51.926 INFO [Catalina-utility-1] org.apache.catalina.core.StandardContext.reload Reloading Context with name [/MyServlet] has started
14-Apr-2019 16:44:52.069 INFO [Catalina-utility-1] org.apache.catalina.core.StandardContext.reload Reloading Context with name [/MyServlet] is completed
14-Apr-2019 16:45:02.083 INFO [Catalina-utility-1] org.apache.catalina.startup.HostConfig.reload Reloading context [/MyServlet]
14-Apr-2019 16:45:02.083 INFO [Catalina-utility-1] org.apache.catalina.core.StandardContext.reload Reloading Context with name [/MyServlet] has started
14-Apr-2019 16:45:02.206 INFO [Catalina-utility-1] org.apache.catalina.core.StandardContext.reload Reloading Context with name [/MyServlet] is completed
14-Apr-2019 16:46:35.628 INFO [http-nio-8081-exec-366] org.apache.catalina.core.StandardContext.reload Reloading Context with name [/MyServlet] has started
14-Apr-2019 16:46:35.732 INFO [http-nio-8081-exec-366] org.apache.catalina.core.StandardContext.reload Reloading Context with name [/MyServlet] is completed
14-Apr-2019 16:46:40.228 INFO [http-nio-8081-exec-367] org.apache.catalina.core.StandardContext.reload Reloading Context with name [/MyServlet] has started
14-Apr-2019 16:46:40.409 INFO [http-nio-8081-exec-367] org.apache.catalina.core.StandardContext.reload Reloading Context with name [/MyServlet] is completed
14-Apr-2019 16:48:22.526 INFO [Catalina-utility-2] org.apache.catalina.startup.HostConfig.reload Reloading context [/MyServlet]
14-Apr-2019 16:48:22.526 INFO [Catalina-utility-2] org.apache.catalina.core.StandardContext.reload Reloading Context with name [/MyServlet] has started
14-Apr-2019 16:48:22.657 INFO [Catalina-utility-2] org.apache.catalina.core.StandardContext.reload Reloading Context with name [/MyServlet] is completed
14-Apr-2019 23:23:41.214 INFO [main] org.apache.catalina.startup.VersionLoggerListener.log Server version name:   Apache Tomcat/9.0.16
14-Apr-2019 23:23:41.226 INFO [main] org.apache.catalina.startup.VersionLoggerListener.log Server built:          Feb 4 2019 16:30:29 UTC
14-Apr-2019 23:23:41.226 INFO [main] org.apache.catalina.startup.VersionLoggerListener.log Server version number: 9.0.16.0
14-Apr-2019 23:23:41.230 INFO [main] org.apache.catalina.startup.VersionLoggerListener.log OS Name:               Windows 10
14-Apr-2019 23:23:41.230 INFO [main] org.apache.catalina.startup.VersionLoggerListener.log OS Version:            10.0
14-Apr-2019 23:23:41.230 INFO [main] org.apache.catalina.startup.VersionLoggerListener.log Architecture:          amd64
14-Apr-2019 23:23:41.230 INFO [main] org.apache.catalina.startup.VersionLoggerListener.log Java Home:             C:\Program Files\Java\jdk1.8.0_171\jre
14-Apr-2019 23:23:41.230 INFO [main] org.apache.catalina.startup.VersionLoggerListener.log JVM Version:           1.8.0_171-b11
14-Apr-2019 23:23:41.230 INFO [main] org.apache.catalina.startup.VersionLoggerListener.log JVM Vendor:            Oracle Corporation
14-Apr-2019 23:23:41.230 INFO [main] org.apache.catalina.startup.VersionLoggerListener.log CATALINA_BASE:         F:\IDB\Git\Servlet\apache-tomcat-9.0.16\apache-tomcat-9.0.16
14-Apr-2019 23:23:41.230 INFO [main] org.apache.catalina.startup.VersionLoggerListener.log CATALINA_HOME:         F:\IDB\Git\Servlet\apache-tomcat-9.0.16\apache-tomcat-9.0.16
14-Apr-2019 23:23:41.231 INFO [main] org.apache.catalina.startup.VersionLoggerListener.log Command line argument: -Djava.util.logging.config.file=F:\IDB\Git\Servlet\apache-tomcat-9.0.16\apache-tomcat-9.0.16\conf\logging.properties
14-Apr-2019 23:23:41.231 INFO [main] org.apache.catalina.startup.VersionLoggerListener.log Command line argument: -Djava.util.logging.manager=org.apache.juli.ClassLoaderLogManager
14-Apr-2019 23:23:41.231 INFO [main] org.apache.catalina.startup.VersionLoggerListener.log Command line argument: -Dhttp.nonProxyHosts=localhost|127.0.0.1|DESKTOP-8B4V8EO
14-Apr-2019 23:23:41.231 INFO [main] org.apache.catalina.startup.VersionLoggerListener.log Command line argument: -Djdk.tls.ephemeralDHKeySize=2048
14-Apr-2019 23:23:41.231 INFO [main] org.apache.catalina.startup.VersionLoggerListener.log Command line argument: -Djava.protocol.handler.pkgs=org.apache.catalina.webresources
14-Apr-2019 23:23:41.231 INFO [main] org.apache.catalina.startup.VersionLoggerListener.log Command line argument: -Dignore.endorsed.dirs=
14-Apr-2019 23:23:41.231 INFO [main] org.apache.catalina.startup.VersionLoggerListener.log Command line argument: -Dcatalina.base=F:\IDB\Git\Servlet\apache-tomcat-9.0.16\apache-tomcat-9.0.16
14-Apr-2019 23:23:41.231 INFO [main] org.apache.catalina.startup.VersionLoggerListener.log Command line argument: -Dcatalina.home=F:\IDB\Git\Servlet\apache-tomcat-9.0.16\apache-tomcat-9.0.16
14-Apr-2019 23:23:41.231 INFO [main] org.apache.catalina.startup.VersionLoggerListener.log Command line argument: -Djava.io.tmpdir=F:\IDB\Git\Servlet\apache-tomcat-9.0.16\apache-tomcat-9.0.16\temp
14-Apr-2019 23:23:41.231 INFO [main] org.apache.catalina.core.AprLifecycleListener.lifecycleEvent Loaded APR based Apache Tomcat Native library [1.2.21] using APR version [1.6.5].
14-Apr-2019 23:23:41.231 INFO [main] org.apache.catalina.core.AprLifecycleListener.lifecycleEvent APR capabilities: IPv6 [true], sendfile [true], accept filters [false], random [true].
14-Apr-2019 23:23:41.231 INFO [main] org.apache.catalina.core.AprLifecycleListener.lifecycleEvent APR/OpenSSL configuration: useAprConnector [false], useOpenSSL [true]
14-Apr-2019 23:23:41.390 INFO [main] org.apache.catalina.core.AprLifecycleListener.initializeSSL OpenSSL successfully initialized [OpenSSL 1.1.1a  20 Nov 2018]
14-Apr-2019 23:23:42.229 INFO [main] org.apache.coyote.AbstractProtocol.init Initializing ProtocolHandler ["http-nio-8081"]
14-Apr-2019 23:23:42.654 INFO [main] org.apache.coyote.AbstractProtocol.init Initializing ProtocolHandler ["ajp-nio-8009"]
14-Apr-2019 23:23:42.659 INFO [main] org.apache.catalina.startup.Catalina.load Server initialization in [3,902] milliseconds
14-Apr-2019 23:23:42.848 INFO [main] org.apache.catalina.core.StandardService.startInternal Starting service [Catalina]
14-Apr-2019 23:23:42.848 INFO [main] org.apache.catalina.core.StandardEngine.startInternal Starting Servlet engine: [Apache Tomcat/9.0.16]
14-Apr-2019 23:23:42.861 INFO [main] org.apache.catalina.startup.HostConfig.deployDescriptor Deploying deployment descriptor [F:\IDB\Git\Servlet\apache-tomcat-9.0.16\apache-tomcat-9.0.16\conf\Catalina\localhost\Basic.xml]
14-Apr-2019 23:23:42.963 WARNING [main] org.apache.catalina.startup.HostConfig.deployDescriptor The path attribute with value [/Basic] in deployment descriptor [F:\IDB\Git\Servlet\apache-tomcat-9.0.16\apache-tomcat-9.0.16\conf\Catalina\localhost\Basic.xml] has been ignored
14-Apr-2019 23:23:43.259 SEVERE [main] org.apache.catalina.startup.HostConfig.deployDescriptor Error deploying deployment descriptor [F:\IDB\Git\Servlet\apache-tomcat-9.0.16\apache-tomcat-9.0.16\conf\Catalina\localhost\Basic.xml]
 java.lang.IllegalStateException: Error starting child
	at org.apache.catalina.core.ContainerBase.addChildInternal(ContainerBase.java:716)
	at org.apache.catalina.core.ContainerBase.addChild(ContainerBase.java:690)
	at org.apache.catalina.core.StandardHost.addChild(StandardHost.java:695)
	at org.apache.catalina.startup.HostConfig.deployDescriptor(HostConfig.java:631)
	at org.apache.catalina.startup.HostConfig$DeployDescriptor.run(HostConfig.java:1832)
	at java.util.concurrent.Executors$RunnableAdapter.call(Executors.java:511)
	at java.util.concurrent.FutureTask.run(FutureTask.java:266)
	at org.apache.tomcat.util.threads.InlineExecutorService.execute(InlineExecutorService.java:75)
	at java.util.concurrent.AbstractExecutorService.submit(AbstractExecutorService.java:112)
	at org.apache.catalina.startup.HostConfig.deployDescriptors(HostConfig.java:526)
	at org.apache.catalina.startup.HostConfig.deployApps(HostConfig.java:425)
	at org.apache.catalina.startup.HostConfig.start(HostConfig.java:1577)
	at org.apache.catalina.startup.HostConfig.lifecycleEvent(HostConfig.java:309)
	at org.apache.catalina.util.LifecycleBase.fireLifecycleEvent(LifecycleBase.java:123)
	at org.apache.catalina.util.LifecycleBase.setStateInternal(LifecycleBase.java:424)
	at org.apache.catalina.util.LifecycleBase.setState(LifecycleBase.java:367)
	at org.apache.catalina.core.ContainerBase.startInternal(ContainerBase.java:929)
	at org.apache.catalina.core.StandardHost.startInternal(StandardHost.java:831)
	at org.apache.catalina.util.LifecycleBase.start(LifecycleBase.java:183)
	at org.apache.catalina.core.ContainerBase$StartChild.call(ContainerBase.java:1377)
	at org.apache.catalina.core.ContainerBase$StartChild.call(ContainerBase.java:1367)
	at java.util.concurrent.FutureTask.run(FutureTask.java:266)
	at org.apache.tomcat.util.threads.InlineExecutorService.execute(InlineExecutorService.java:75)
	at java.util.concurrent.AbstractExecutorService.submit(AbstractExecutorService.java:134)
	at org.apache.catalina.core.ContainerBase.startInternal(ContainerBase.java:902)
	at org.apache.catalina.core.StandardEngine.startInternal(StandardEngine.java:262)
	at org.apache.catalina.util.LifecycleBase.start(LifecycleBase.java:183)
	at org.apache.catalina.core.StandardService.startInternal(StandardService.java:423)
	at org.apache.catalina.util.LifecycleBase.start(LifecycleBase.java:183)
	at org.apache.catalina.core.StandardServer.startInternal(StandardServer.java:928)
	at org.apache.catalina.util.LifecycleBase.start(LifecycleBase.java:183)
	at org.apache.catalina.startup.Catalina.start(Catalina.java:638)
	at sun.reflect.NativeMethodAccessorImpl.invoke0(Native Method)
	at sun.reflect.NativeMethodAccessorImpl.invoke(NativeMethodAccessorImpl.java:62)
	at sun.reflect.DelegatingMethodAccessorImpl.invoke(DelegatingMethodAccessorImpl.java:43)
	at java.lang.reflect.Method.invoke(Method.java:498)
	at org.apache.catalina.startup.Bootstrap.start(Bootstrap.java:350)
	at org.apache.catalina.startup.Bootstrap.main(Bootstrap.java:492)
Caused by: org.apache.catalina.LifecycleException: Failed to start component [org.apache.catalina.webresources.StandardRoot@77ec78b9]
	at org.apache.catalina.util.LifecycleBase.handleSubClassException(LifecycleBase.java:441)
	at org.apache.catalina.util.LifecycleBase.start(LifecycleBase.java:198)
	at org.apache.catalina.core.StandardContext.resourcesStart(StandardContext.java:4783)
	at org.apache.catalina.core.StandardContext.startInternal(StandardContext.java:4918)
	at org.apache.catalina.util.LifecycleBase.start(LifecycleBase.java:183)
	at org.apache.catalina.core.ContainerBase.addChildInternal(ContainerBase.java:713)
	... 37 more
Caused by: java.lang.IllegalArgumentException: The main resource set specified [E:\Git\Servlet\Basic\build\web] is not valid
	at org.apache.catalina.webresources.StandardRoot.createMainResourceSet(StandardRoot.java:749)
	at org.apache.catalina.webresources.StandardRoot.startInternal(StandardRoot.java:706)
	at org.apache.catalina.util.LifecycleBase.start(LifecycleBase.java:183)
	... 41 more

14-Apr-2019 23:23:43.300 INFO [main] org.apache.catalina.startup.HostConfig.deployDescriptor Deployment of deployment descriptor [F:\IDB\Git\Servlet\apache-tomcat-9.0.16\apache-tomcat-9.0.16\conf\Catalina\localhost\Basic.xml] has finished in [440] ms
14-Apr-2019 23:23:43.302 INFO [main] org.apache.catalina.startup.HostConfig.deployDescriptor Deploying deployment descriptor [F:\IDB\Git\Servlet\apache-tomcat-9.0.16\apache-tomcat-9.0.16\conf\Catalina\localhost\MyServlet.xml]
14-Apr-2019 23:23:43.341 WARNING [main] org.apache.catalina.startup.HostConfig.deployDescriptor The path attribute with value [/MyServlet] in deployment descriptor [F:\IDB\Git\Servlet\apache-tomcat-9.0.16\apache-tomcat-9.0.16\conf\Catalina\localhost\MyServlet.xml] has been ignored
14-Apr-2019 23:23:44.734 INFO [main] org.apache.catalina.startup.HostConfig.deployDescriptor Deployment of deployment descriptor [F:\IDB\Git\Servlet\apache-tomcat-9.0.16\apache-tomcat-9.0.16\conf\Catalina\localhost\MyServlet.xml] has finished in [1,433] ms
14-Apr-2019 23:23:44.734 INFO [main] org.apache.catalina.startup.HostConfig.deployDescriptor Deploying deployment descriptor [F:\IDB\Git\Servlet\apache-tomcat-9.0.16\apache-tomcat-9.0.16\conf\Catalina\localhost\SumusingServlet.xml]
14-Apr-2019 23:23:44.738 WARNING [main] org.apache.catalina.startup.HostConfig.deployDescriptor The path attribute with value [/SumusingServlet] in deployment descriptor [F:\IDB\Git\Servlet\apache-tomcat-9.0.16\apache-tomcat-9.0.16\conf\Catalina\localhost\SumusingServlet.xml] has been ignored
14-Apr-2019 23:23:50.553 INFO [main] org.apache.jasper.servlet.TldScanner.scanJars At least one JAR was scanned for TLDs yet contained no TLDs. Enable debug logging for this logger for a complete list of JARs that were scanned but no TLDs were found in them. Skipping unneeded JARs during scanning can improve startup time and JSP compilation time.
14-Apr-2019 23:23:50.567 INFO [main] org.apache.catalina.startup.HostConfig.deployDescriptor Deployment of deployment descriptor [F:\IDB\Git\Servlet\apache-tomcat-9.0.16\apache-tomcat-9.0.16\conf\Catalina\localhost\SumusingServlet.xml] has finished in [5,832] ms
14-Apr-2019 23:23:50.568 INFO [main] org.apache.catalina.startup.HostConfig.deployDirectory Deploying web application directory [F:\IDB\Git\Servlet\apache-tomcat-9.0.16\apache-tomcat-9.0.16\webapps\docs]
14-Apr-2019 23:23:50.857 INFO [main] org.apache.catalina.startup.HostConfig.deployDirectory Deployment of web application directory [F:\IDB\Git\Servlet\apache-tomcat-9.0.16\apache-tomcat-9.0.16\webapps\docs] has finished in [288] ms
14-Apr-2019 23:23:50.857 INFO [main] org.apache.catalina.startup.HostConfig.deployDirectory Deploying web application directory [F:\IDB\Git\Servlet\apache-tomcat-9.0.16\apache-tomcat-9.0.16\webapps\examples]
14-Apr-2019 23:23:54.281 INFO [main] org.apache.catalina.startup.HostConfig.deployDirectory Deployment of web application directory [F:\IDB\Git\Servlet\apache-tomcat-9.0.16\apache-tomcat-9.0.16\webapps\examples] has finished in [3,424] ms
14-Apr-2019 23:23:54.282 INFO [main] org.apache.catalina.startup.HostConfig.deployDirectory Deploying web application directory [F:\IDB\Git\Servlet\apache-tomcat-9.0.16\apache-tomcat-9.0.16\webapps\host-manager]
14-Apr-2019 23:23:54.468 INFO [main] org.apache.catalina.startup.HostConfig.deployDirectory Deployment of web application directory [F:\IDB\Git\Servlet\apache-tomcat-9.0.16\apache-tomcat-9.0.16\webapps\host-manager] has finished in [186] ms
14-Apr-2019 23:23:54.469 INFO [main] org.apache.catalina.startup.HostConfig.deployDirectory Deploying web application directory [F:\IDB\Git\Servlet\apache-tomcat-9.0.16\apache-tomcat-9.0.16\webapps\manager]
14-Apr-2019 23:23:54.590 INFO [main] org.apache.catalina.startup.HostConfig.deployDirectory Deployment of web application directory [F:\IDB\Git\Servlet\apache-tomcat-9.0.16\apache-tomcat-9.0.16\webapps\manager] has finished in [121] ms
14-Apr-2019 23:23:54.590 INFO [main] org.apache.catalina.startup.HostConfig.deployDirectory Deploying web application directory [F:\IDB\Git\Servlet\apache-tomcat-9.0.16\apache-tomcat-9.0.16\webapps\ROOT]
14-Apr-2019 23:23:54.660 INFO [main] org.apache.catalina.startup.HostConfig.deployDirectory Deployment of web application directory [F:\IDB\Git\Servlet\apache-tomcat-9.0.16\apache-tomcat-9.0.16\webapps\ROOT] has finished in [69] ms
14-Apr-2019 23:23:54.669 INFO [main] org.apache.coyote.AbstractProtocol.start Starting ProtocolHandler ["http-nio-8081"]
14-Apr-2019 23:23:54.716 INFO [main] org.apache.coyote.AbstractProtocol.start Starting ProtocolHandler ["ajp-nio-8009"]
14-Apr-2019 23:23:54.723 INFO [main] org.apache.catalina.startup.Catalina.start Server startup in [12,064] milliseconds
14-Apr-2019 23:23:59.138 INFO [http-nio-8081-exec-2] org.apache.catalina.startup.HostConfig.deployDescriptor Deploying deployment descriptor [F:\IDB\Git\Servlet\apache-tomcat-9.0.16\apache-tomcat-9.0.16\conf\Catalina\localhost\MyJsp.xml]
14-Apr-2019 23:23:59.142 WARNING [http-nio-8081-exec-2] org.apache.catalina.startup.HostConfig.deployDescriptor The path attribute with value [/MyJsp] in deployment descriptor [F:\IDB\Git\Servlet\apache-tomcat-9.0.16\apache-tomcat-9.0.16\conf\Catalina\localhost\MyJsp.xml] has been ignored
14-Apr-2019 23:23:59.306 INFO [http-nio-8081-exec-2] org.apache.catalina.startup.HostConfig.deployDescriptor Deployment of deployment descriptor [F:\IDB\Git\Servlet\apache-tomcat-9.0.16\apache-tomcat-9.0.16\conf\Catalina\localhost\MyJsp.xml] has finished in [168] ms
14-Apr-2019 23:23:59.318 INFO [http-nio-8081-exec-1] org.apache.catalina.util.LifecycleBase.start The start() method was called on component [StandardEngine[Catalina].StandardHost[localhost].StandardContext[/MyJsp]] after start() had already been called. The second call will be ignored.
14-Apr-2019 23:28:20.149 INFO [http-nio-8081-exec-2] org.apache.catalina.core.StandardContext.reload Reloading Context with name [/MyJsp] has started
14-Apr-2019 23:28:20.370 INFO [http-nio-8081-exec-2] org.apache.catalina.core.StandardContext.reload Reloading Context with name [/MyJsp] is completed
14-Apr-2019 23:28:37.495 INFO [http-nio-8081-exec-12] org.apache.catalina.core.StandardContext.reload Reloading Context with name [/MyJsp] has started
14-Apr-2019 23:28:37.519 INFO [http-nio-8081-exec-12] org.apache.catalina.core.StandardContext.reload Reloading Context with name [/MyJsp] is completed
14-Apr-2019 23:29:55.395 INFO [Catalina-utility-2] org.apache.catalina.startup.HostConfig.reload Reloading context [/MyJsp]
14-Apr-2019 23:29:55.396 INFO [Catalina-utility-2] org.apache.catalina.core.StandardContext.reload Reloading Context with name [/MyJsp] has started
14-Apr-2019 23:29:55.433 INFO [Catalina-utility-2] org.apache.catalina.core.StandardContext.reload Reloading Context with name [/MyJsp] is completed
14-Apr-2019 23:32:19.023 INFO [http-nio-8081-exec-27] org.apache.catalina.core.StandardContext.reload Reloading Context with name [/MyJsp] has started
14-Apr-2019 23:32:19.070 INFO [http-nio-8081-exec-27] org.apache.catalina.core.StandardContext.reload Reloading Context with name [/MyJsp] is completed
14-Apr-2019 23:32:54.024 INFO [http-nio-8081-exec-31] org.apache.catalina.core.StandardContext.reload Reloading Context with name [/MyJsp] has started
14-Apr-2019 23:32:54.058 INFO [http-nio-8081-exec-31] org.apache.catalina.core.StandardContext.reload Reloading Context with name [/MyJsp] is completed
14-Apr-2019 23:33:35.856 INFO [Catalina-utility-1] org.apache.catalina.startup.HostConfig.reload Reloading context [/MyJsp]
14-Apr-2019 23:33:35.856 INFO [Catalina-utility-1] org.apache.catalina.core.StandardContext.reload Reloading Context with name [/MyJsp] has started
14-Apr-2019 23:33:35.913 INFO [Catalina-utility-1] org.apache.catalina.core.StandardContext.reload Reloading Context with name [/MyJsp] is completed
14-Apr-2019 23:38:49.594 INFO [http-nio-8081-exec-48] org.apache.catalina.core.StandardContext.reload Reloading Context with name [/MyJsp] has started
14-Apr-2019 23:38:49.637 INFO [http-nio-8081-exec-48] org.apache.catalina.core.StandardContext.reload Reloading Context with name [/MyJsp] is completed
