20-Apr-2019 00:39:47.799 INFO [main] org.apache.catalina.startup.VersionLoggerListener.log Server version name:   Apache Tomcat/9.0.16
20-Apr-2019 00:39:47.809 INFO [main] org.apache.catalina.startup.VersionLoggerListener.log Server built:          Feb 4 2019 16:30:29 UTC
20-Apr-2019 00:39:47.809 INFO [main] org.apache.catalina.startup.VersionLoggerListener.log Server version number: 9.0.16.0
20-Apr-2019 00:39:47.814 INFO [main] org.apache.catalina.startup.VersionLoggerListener.log OS Name:               Windows 10
20-Apr-2019 00:39:47.814 INFO [main] org.apache.catalina.startup.VersionLoggerListener.log OS Version:            10.0
20-Apr-2019 00:39:47.814 INFO [main] org.apache.catalina.startup.VersionLoggerListener.log Architecture:          amd64
20-Apr-2019 00:39:47.814 INFO [main] org.apache.catalina.startup.VersionLoggerListener.log Java Home:             C:\Program Files\Java\jdk1.8.0_171\jre
20-Apr-2019 00:39:47.814 INFO [main] org.apache.catalina.startup.VersionLoggerListener.log JVM Version:           1.8.0_171-b11
20-Apr-2019 00:39:47.814 INFO [main] org.apache.catalina.startup.VersionLoggerListener.log JVM Vendor:            Oracle Corporation
20-Apr-2019 00:39:47.814 INFO [main] org.apache.catalina.startup.VersionLoggerListener.log CATALINA_BASE:         F:\IDB\Git\Servlet\apache-tomcat-9.0.16\apache-tomcat-9.0.16
20-Apr-2019 00:39:47.814 INFO [main] org.apache.catalina.startup.VersionLoggerListener.log CATALINA_HOME:         F:\IDB\Git\Servlet\apache-tomcat-9.0.16\apache-tomcat-9.0.16
20-Apr-2019 00:39:47.814 INFO [main] org.apache.catalina.startup.VersionLoggerListener.log Command line argument: -Djava.util.logging.config.file=F:\IDB\Git\Servlet\apache-tomcat-9.0.16\apache-tomcat-9.0.16\conf\logging.properties
20-Apr-2019 00:39:47.814 INFO [main] org.apache.catalina.startup.VersionLoggerListener.log Command line argument: -Djava.util.logging.manager=org.apache.juli.ClassLoaderLogManager
20-Apr-2019 00:39:47.815 INFO [main] org.apache.catalina.startup.VersionLoggerListener.log Command line argument: -Dhttp.nonProxyHosts=localhost|127.0.0.1|DESKTOP-8B4V8EO
20-Apr-2019 00:39:47.815 INFO [main] org.apache.catalina.startup.VersionLoggerListener.log Command line argument: -Djdk.tls.ephemeralDHKeySize=2048
20-Apr-2019 00:39:47.815 INFO [main] org.apache.catalina.startup.VersionLoggerListener.log Command line argument: -Djava.protocol.handler.pkgs=org.apache.catalina.webresources
20-Apr-2019 00:39:47.815 INFO [main] org.apache.catalina.startup.VersionLoggerListener.log Command line argument: -Dignore.endorsed.dirs=
20-Apr-2019 00:39:47.815 INFO [main] org.apache.catalina.startup.VersionLoggerListener.log Command line argument: -Dcatalina.base=F:\IDB\Git\Servlet\apache-tomcat-9.0.16\apache-tomcat-9.0.16
20-Apr-2019 00:39:47.815 INFO [main] org.apache.catalina.startup.VersionLoggerListener.log Command line argument: -Dcatalina.home=F:\IDB\Git\Servlet\apache-tomcat-9.0.16\apache-tomcat-9.0.16
20-Apr-2019 00:39:47.815 INFO [main] org.apache.catalina.startup.VersionLoggerListener.log Command line argument: -Djava.io.tmpdir=F:\IDB\Git\Servlet\apache-tomcat-9.0.16\apache-tomcat-9.0.16\temp
20-Apr-2019 00:39:47.815 INFO [main] org.apache.catalina.core.AprLifecycleListener.lifecycleEvent Loaded APR based Apache Tomcat Native library [1.2.21] using APR version [1.6.5].
20-Apr-2019 00:39:47.816 INFO [main] org.apache.catalina.core.AprLifecycleListener.lifecycleEvent APR capabilities: IPv6 [true], sendfile [true], accept filters [false], random [true].
20-Apr-2019 00:39:47.816 INFO [main] org.apache.catalina.core.AprLifecycleListener.lifecycleEvent APR/OpenSSL configuration: useAprConnector [false], useOpenSSL [true]
20-Apr-2019 00:39:47.902 INFO [main] org.apache.catalina.core.AprLifecycleListener.initializeSSL OpenSSL successfully initialized [OpenSSL 1.1.1a  20 Nov 2018]
20-Apr-2019 00:39:48.898 INFO [main] org.apache.coyote.AbstractProtocol.init Initializing ProtocolHandler ["http-nio-8081"]
20-Apr-2019 00:39:49.365 INFO [main] org.apache.coyote.AbstractProtocol.init Initializing ProtocolHandler ["ajp-nio-8009"]
20-Apr-2019 00:39:49.412 INFO [main] org.apache.catalina.startup.Catalina.load Server initialization in [4,690] milliseconds
20-Apr-2019 00:39:49.899 INFO [main] org.apache.catalina.core.StandardService.startInternal Starting service [Catalina]
20-Apr-2019 00:39:49.899 INFO [main] org.apache.catalina.core.StandardEngine.startInternal Starting Servlet engine: [Apache Tomcat/9.0.16]
20-Apr-2019 00:39:49.931 INFO [main] org.apache.catalina.startup.HostConfig.deployDescriptor Deploying deployment descriptor [F:\IDB\Git\Servlet\apache-tomcat-9.0.16\apache-tomcat-9.0.16\conf\Catalina\localhost\Basic.xml]
20-Apr-2019 00:39:50.032 WARNING [main] org.apache.catalina.startup.HostConfig.deployDescriptor The path attribute with value [/Basic] in deployment descriptor [F:\IDB\Git\Servlet\apache-tomcat-9.0.16\apache-tomcat-9.0.16\conf\Catalina\localhost\Basic.xml] has been ignored
20-Apr-2019 00:39:50.172 SEVERE [main] org.apache.catalina.startup.HostConfig.deployDescriptor Error deploying deployment descriptor [F:\IDB\Git\Servlet\apache-tomcat-9.0.16\apache-tomcat-9.0.16\conf\Catalina\localhost\Basic.xml]
 java.lang.IllegalStateException: Error starting child
	at org.apache.catalina.core.ContainerBase.addChildInternal(ContainerBase.java:716)
	at org.apache.catalina.core.ContainerBase.addChild(ContainerBase.java:690)
	at org.apache.catalina.core.StandardHost.addChild(StandardHost.java:695)
	at org.apache.catalina.startup.HostConfig.deployDescriptor(HostConfig.java:631)
	at org.apache.catalina.startup.HostConfig$DeployDescriptor.run(HostConfig.java:1832)
	at java.util.concurrent.Executors$RunnableAdapter.call(Executors.java:511)
	at java.util.concurrent.FutureTask.run(FutureTask.java:266)
	at org.apache.tomcat.util.threads.InlineExecutorService.execute(InlineExecutorService.java:75)
	at java.util.concurrent.AbstractExecutorService.submit(AbstractExecutorService.java:112)
	at org.apache.catalina.startup.HostConfig.deployDescriptors(HostConfig.java:526)
	at org.apache.catalina.startup.HostConfig.deployApps(HostConfig.java:425)
	at org.apache.catalina.startup.HostConfig.start(HostConfig.java:1577)
	at org.apache.catalina.startup.HostConfig.lifecycleEvent(HostConfig.java:309)
	at org.apache.catalina.util.LifecycleBase.fireLifecycleEvent(LifecycleBase.java:123)
	at org.apache.catalina.util.LifecycleBase.setStateInternal(LifecycleBase.java:424)
	at org.apache.catalina.util.LifecycleBase.setState(LifecycleBase.java:367)
	at org.apache.catalina.core.ContainerBase.startInternal(ContainerBase.java:929)
	at org.apache.catalina.core.StandardHost.startInternal(StandardHost.java:831)
	at org.apache.catalina.util.LifecycleBase.start(LifecycleBase.java:183)
	at org.apache.catalina.core.ContainerBase$StartChild.call(ContainerBase.java:1377)
	at org.apache.catalina.core.ContainerBase$StartChild.call(ContainerBase.java:1367)
	at java.util.concurrent.FutureTask.run(FutureTask.java:266)
	at org.apache.tomcat.util.threads.InlineExecutorService.execute(InlineExecutorService.java:75)
	at java.util.concurrent.AbstractExecutorService.submit(AbstractExecutorService.java:134)
	at org.apache.catalina.core.ContainerBase.startInternal(ContainerBase.java:902)
	at org.apache.catalina.core.StandardEngine.startInternal(StandardEngine.java:262)
	at org.apache.catalina.util.LifecycleBase.start(LifecycleBase.java:183)
	at org.apache.catalina.core.StandardService.startInternal(StandardService.java:423)
	at org.apache.catalina.util.LifecycleBase.start(LifecycleBase.java:183)
	at org.apache.catalina.core.StandardServer.startInternal(StandardServer.java:928)
	at org.apache.catalina.util.LifecycleBase.start(LifecycleBase.java:183)
	at org.apache.catalina.startup.Catalina.start(Catalina.java:638)
	at sun.reflect.NativeMethodAccessorImpl.invoke0(Native Method)
	at sun.reflect.NativeMethodAccessorImpl.invoke(NativeMethodAccessorImpl.java:62)
	at sun.reflect.DelegatingMethodAccessorImpl.invoke(DelegatingMethodAccessorImpl.java:43)
	at java.lang.reflect.Method.invoke(Method.java:498)
	at org.apache.catalina.startup.Bootstrap.start(Bootstrap.java:350)
	at org.apache.catalina.startup.Bootstrap.main(Bootstrap.java:492)
Caused by: org.apache.catalina.LifecycleException: Failed to start component [org.apache.catalina.webresources.StandardRoot@77ec78b9]
	at org.apache.catalina.util.LifecycleBase.handleSubClassException(LifecycleBase.java:441)
	at org.apache.catalina.util.LifecycleBase.start(LifecycleBase.java:198)
	at org.apache.catalina.core.StandardContext.resourcesStart(StandardContext.java:4783)
	at org.apache.catalina.core.StandardContext.startInternal(StandardContext.java:4918)
	at org.apache.catalina.util.LifecycleBase.start(LifecycleBase.java:183)
	at org.apache.catalina.core.ContainerBase.addChildInternal(ContainerBase.java:713)
	... 37 more
Caused by: java.lang.IllegalArgumentException: The main resource set specified [E:\Git\Servlet\Basic\build\web] is not valid
	at org.apache.catalina.webresources.StandardRoot.createMainResourceSet(StandardRoot.java:749)
	at org.apache.catalina.webresources.StandardRoot.startInternal(StandardRoot.java:706)
	at org.apache.catalina.util.LifecycleBase.start(LifecycleBase.java:183)
	... 41 more

20-Apr-2019 00:39:50.249 INFO [main] org.apache.catalina.startup.HostConfig.deployDescriptor Deployment of deployment descriptor [F:\IDB\Git\Servlet\apache-tomcat-9.0.16\apache-tomcat-9.0.16\conf\Catalina\localhost\Basic.xml] has finished in [318] ms
20-Apr-2019 00:39:50.253 INFO [main] org.apache.catalina.startup.HostConfig.deployDescriptor Deploying deployment descriptor [F:\IDB\Git\Servlet\apache-tomcat-9.0.16\apache-tomcat-9.0.16\conf\Catalina\localhost\JstlDamo.xml]
20-Apr-2019 00:39:50.290 WARNING [main] org.apache.catalina.startup.HostConfig.deployDescriptor The path attribute with value [/JstlDamo] in deployment descriptor [F:\IDB\Git\Servlet\apache-tomcat-9.0.16\apache-tomcat-9.0.16\conf\Catalina\localhost\JstlDamo.xml] has been ignored
20-Apr-2019 00:39:52.051 INFO [main] org.apache.catalina.startup.HostConfig.deployDescriptor Deployment of deployment descriptor [F:\IDB\Git\Servlet\apache-tomcat-9.0.16\apache-tomcat-9.0.16\conf\Catalina\localhost\JstlDamo.xml] has finished in [1,798] ms
20-Apr-2019 00:39:52.052 INFO [main] org.apache.catalina.startup.HostConfig.deployDescriptor Deploying deployment descriptor [F:\IDB\Git\Servlet\apache-tomcat-9.0.16\apache-tomcat-9.0.16\conf\Catalina\localhost\LoginUsingJSPServlet.xml]
20-Apr-2019 00:39:52.061 WARNING [main] org.apache.catalina.startup.HostConfig.deployDescriptor The path attribute with value [/LoginUsingJSPServlet] in deployment descriptor [F:\IDB\Git\Servlet\apache-tomcat-9.0.16\apache-tomcat-9.0.16\conf\Catalina\localhost\LoginUsingJSPServlet.xml] has been ignored
20-Apr-2019 00:39:52.189 INFO [main] org.apache.catalina.startup.HostConfig.deployDescriptor Deployment of deployment descriptor [F:\IDB\Git\Servlet\apache-tomcat-9.0.16\apache-tomcat-9.0.16\conf\Catalina\localhost\LoginUsingJSPServlet.xml] has finished in [138] ms
20-Apr-2019 00:39:52.189 INFO [main] org.apache.catalina.startup.HostConfig.deployDescriptor Deploying deployment descriptor [F:\IDB\Git\Servlet\apache-tomcat-9.0.16\apache-tomcat-9.0.16\conf\Catalina\localhost\MyJsp.xml]
20-Apr-2019 00:39:52.195 WARNING [main] org.apache.catalina.startup.HostConfig.deployDescriptor The path attribute with value [/MyJsp] in deployment descriptor [F:\IDB\Git\Servlet\apache-tomcat-9.0.16\apache-tomcat-9.0.16\conf\Catalina\localhost\MyJsp.xml] has been ignored
20-Apr-2019 00:39:52.287 INFO [main] org.apache.catalina.startup.HostConfig.deployDescriptor Deployment of deployment descriptor [F:\IDB\Git\Servlet\apache-tomcat-9.0.16\apache-tomcat-9.0.16\conf\Catalina\localhost\MyJsp.xml] has finished in [98] ms
20-Apr-2019 00:39:52.287 INFO [main] org.apache.catalina.startup.HostConfig.deployDescriptor Deploying deployment descriptor [F:\IDB\Git\Servlet\apache-tomcat-9.0.16\apache-tomcat-9.0.16\conf\Catalina\localhost\MyServlet.xml]
20-Apr-2019 00:39:52.304 WARNING [main] org.apache.catalina.startup.HostConfig.deployDescriptor The path attribute with value [/MyServlet] in deployment descriptor [F:\IDB\Git\Servlet\apache-tomcat-9.0.16\apache-tomcat-9.0.16\conf\Catalina\localhost\MyServlet.xml] has been ignored
20-Apr-2019 00:39:52.458 INFO [main] org.apache.catalina.startup.HostConfig.deployDescriptor Deployment of deployment descriptor [F:\IDB\Git\Servlet\apache-tomcat-9.0.16\apache-tomcat-9.0.16\conf\Catalina\localhost\MyServlet.xml] has finished in [171] ms
20-Apr-2019 00:39:52.458 INFO [main] org.apache.catalina.startup.HostConfig.deployDescriptor Deploying deployment descriptor [F:\IDB\Git\Servlet\apache-tomcat-9.0.16\apache-tomcat-9.0.16\conf\Catalina\localhost\SumusingServlet.xml]
20-Apr-2019 00:39:52.467 WARNING [main] org.apache.catalina.startup.HostConfig.deployDescriptor The path attribute with value [/SumusingServlet] in deployment descriptor [F:\IDB\Git\Servlet\apache-tomcat-9.0.16\apache-tomcat-9.0.16\conf\Catalina\localhost\SumusingServlet.xml] has been ignored
20-Apr-2019 00:39:59.115 INFO [main] org.apache.jasper.servlet.TldScanner.scanJars At least one JAR was scanned for TLDs yet contained no TLDs. Enable debug logging for this logger for a complete list of JARs that were scanned but no TLDs were found in them. Skipping unneeded JARs during scanning can improve startup time and JSP compilation time.
20-Apr-2019 00:39:59.122 INFO [main] org.apache.catalina.startup.HostConfig.deployDescriptor Deployment of deployment descriptor [F:\IDB\Git\Servlet\apache-tomcat-9.0.16\apache-tomcat-9.0.16\conf\Catalina\localhost\SumusingServlet.xml] has finished in [6,664] ms
20-Apr-2019 00:39:59.123 INFO [main] org.apache.catalina.startup.HostConfig.deployDescriptor Deploying deployment descriptor [F:\IDB\Git\Servlet\apache-tomcat-9.0.16\apache-tomcat-9.0.16\conf\Catalina\localhost\ToDojsp.xml]
20-Apr-2019 00:39:59.150 WARNING [main] org.apache.catalina.startup.HostConfig.deployDescriptor The path attribute with value [/ToDojsp] in deployment descriptor [F:\IDB\Git\Servlet\apache-tomcat-9.0.16\apache-tomcat-9.0.16\conf\Catalina\localhost\ToDojsp.xml] has been ignored
20-Apr-2019 00:39:59.235 INFO [main] org.apache.catalina.startup.HostConfig.deployDescriptor Deployment of deployment descriptor [F:\IDB\Git\Servlet\apache-tomcat-9.0.16\apache-tomcat-9.0.16\conf\Catalina\localhost\ToDojsp.xml] has finished in [112] ms
20-Apr-2019 00:39:59.237 INFO [main] org.apache.catalina.startup.HostConfig.deployDirectory Deploying web application directory [F:\IDB\Git\Servlet\apache-tomcat-9.0.16\apache-tomcat-9.0.16\webapps\docs]
20-Apr-2019 00:39:59.399 INFO [main] org.apache.catalina.startup.HostConfig.deployDirectory Deployment of web application directory [F:\IDB\Git\Servlet\apache-tomcat-9.0.16\apache-tomcat-9.0.16\webapps\docs] has finished in [161] ms
20-Apr-2019 00:39:59.399 INFO [main] org.apache.catalina.startup.HostConfig.deployDirectory Deploying web application directory [F:\IDB\Git\Servlet\apache-tomcat-9.0.16\apache-tomcat-9.0.16\webapps\examples]
20-Apr-2019 00:40:03.547 INFO [main] org.apache.catalina.startup.HostConfig.deployDirectory Deployment of web application directory [F:\IDB\Git\Servlet\apache-tomcat-9.0.16\apache-tomcat-9.0.16\webapps\examples] has finished in [4,147] ms
20-Apr-2019 00:40:03.547 INFO [main] org.apache.catalina.startup.HostConfig.deployDirectory Deploying web application directory [F:\IDB\Git\Servlet\apache-tomcat-9.0.16\apache-tomcat-9.0.16\webapps\host-manager]
20-Apr-2019 00:40:03.853 INFO [main] org.apache.catalina.startup.HostConfig.deployDirectory Deployment of web application directory [F:\IDB\Git\Servlet\apache-tomcat-9.0.16\apache-tomcat-9.0.16\webapps\host-manager] has finished in [306] ms
20-Apr-2019 00:40:03.854 INFO [main] org.apache.catalina.startup.HostConfig.deployDirectory Deploying web application directory [F:\IDB\Git\Servlet\apache-tomcat-9.0.16\apache-tomcat-9.0.16\webapps\manager]
20-Apr-2019 00:40:04.204 INFO [main] org.apache.catalina.startup.HostConfig.deployDirectory Deployment of web application directory [F:\IDB\Git\Servlet\apache-tomcat-9.0.16\apache-tomcat-9.0.16\webapps\manager] has finished in [348] ms
20-Apr-2019 00:40:04.207 INFO [main] org.apache.catalina.startup.HostConfig.deployDirectory Deploying web application directory [F:\IDB\Git\Servlet\apache-tomcat-9.0.16\apache-tomcat-9.0.16\webapps\ROOT]
20-Apr-2019 00:40:04.291 INFO [main] org.apache.catalina.startup.HostConfig.deployDirectory Deployment of web application directory [F:\IDB\Git\Servlet\apache-tomcat-9.0.16\apache-tomcat-9.0.16\webapps\ROOT] has finished in [84] ms
20-Apr-2019 00:40:04.301 INFO [main] org.apache.coyote.AbstractProtocol.start Starting ProtocolHandler ["http-nio-8081"]
20-Apr-2019 00:40:04.354 INFO [main] org.apache.coyote.AbstractProtocol.start Starting ProtocolHandler ["ajp-nio-8009"]
20-Apr-2019 00:40:04.366 INFO [main] org.apache.catalina.startup.Catalina.start Server startup in [14,952] milliseconds
20-Apr-2019 00:40:10.129 INFO [http-nio-8081-exec-3] org.apache.catalina.startup.HostConfig.deployDescriptor Deploying deployment descriptor [F:\IDB\Git\Servlet\apache-tomcat-9.0.16\apache-tomcat-9.0.16\conf\Catalina\localhost\jspdemo.xml]
20-Apr-2019 00:40:10.132 WARNING [http-nio-8081-exec-3] org.apache.catalina.startup.HostConfig.deployDescriptor The path attribute with value [/jspdemo] in deployment descriptor [F:\IDB\Git\Servlet\apache-tomcat-9.0.16\apache-tomcat-9.0.16\conf\Catalina\localhost\jspdemo.xml] has been ignored
20-Apr-2019 00:40:10.303 INFO [http-nio-8081-exec-3] org.apache.catalina.startup.HostConfig.deployDescriptor Deployment of deployment descriptor [F:\IDB\Git\Servlet\apache-tomcat-9.0.16\apache-tomcat-9.0.16\conf\Catalina\localhost\jspdemo.xml] has finished in [173] ms
20-Apr-2019 00:40:10.311 INFO [http-nio-8081-exec-4] org.apache.catalina.util.LifecycleBase.start The start() method was called on component [StandardEngine[Catalina].StandardHost[localhost].StandardContext[/jspdemo]] after start() had already been called. The second call will be ignored.
20-Apr-2019 00:53:31.037 INFO [http-nio-8081-exec-10] org.apache.catalina.core.StandardContext.reload Reloading Context with name [/jspdemo] has started
20-Apr-2019 00:53:31.550 INFO [http-nio-8081-exec-10] org.apache.catalina.core.StandardContext.reload Reloading Context with name [/jspdemo] is completed
20-Apr-2019 00:53:32.336 INFO [http-nio-8081-exec-1] org.apache.catalina.core.StandardContext.reload Reloading Context with name [/jspdemo] has started
20-Apr-2019 00:53:32.466 INFO [http-nio-8081-exec-1] org.apache.catalina.core.StandardContext.reload Reloading Context with name [/jspdemo] is completed
20-Apr-2019 00:57:24.229 INFO [http-nio-8081-exec-12] org.apache.catalina.core.StandardContext.reload Reloading Context with name [/jspdemo] has started
20-Apr-2019 00:57:24.854 INFO [http-nio-8081-exec-12] org.apache.catalina.core.StandardContext.reload Reloading Context with name [/jspdemo] is completed
20-Apr-2019 01:01:17.727 INFO [http-nio-8081-exec-11] org.apache.catalina.core.StandardContext.reload Reloading Context with name [/jspdemo] has started
20-Apr-2019 01:01:18.647 INFO [http-nio-8081-exec-11] org.apache.catalina.core.StandardContext.reload Reloading Context with name [/jspdemo] is completed
20-Apr-2019 02:50:41.309 INFO [main] org.apache.catalina.core.StandardServer.await A valid shutdown command was received via the shutdown port. Stopping the Server instance.
20-Apr-2019 02:50:42.546 INFO [main] org.apache.coyote.AbstractProtocol.pause Pausing ProtocolHandler ["http-nio-8081"]
20-Apr-2019 02:50:45.693 INFO [main] org.apache.coyote.AbstractProtocol.pause Pausing ProtocolHandler ["ajp-nio-8009"]
20-Apr-2019 02:50:46.146 INFO [main] org.apache.catalina.core.StandardService.stopInternal Stopping service [Catalina]
20-Apr-2019 02:50:53.389 INFO [main] org.apache.coyote.AbstractProtocol.stop Stopping ProtocolHandler ["http-nio-8081"]
20-Apr-2019 02:50:54.294 INFO [main] org.apache.coyote.AbstractProtocol.stop Stopping ProtocolHandler ["ajp-nio-8009"]
20-Apr-2019 02:50:55.038 INFO [main] org.apache.coyote.AbstractProtocol.destroy Destroying ProtocolHandler ["http-nio-8081"]
20-Apr-2019 02:50:55.373 INFO [main] org.apache.coyote.AbstractProtocol.destroy Destroying ProtocolHandler ["ajp-nio-8009"]
