16-Apr-2019 05:48:59.026 INFO [main] org.apache.catalina.startup.VersionLoggerListener.log Server version name:   Apache Tomcat/9.0.16
16-Apr-2019 05:48:59.042 INFO [main] org.apache.catalina.startup.VersionLoggerListener.log Server built:          Feb 4 2019 16:30:29 UTC
16-Apr-2019 05:48:59.042 INFO [main] org.apache.catalina.startup.VersionLoggerListener.log Server version number: 9.0.16.0
16-Apr-2019 05:48:59.050 INFO [main] org.apache.catalina.startup.VersionLoggerListener.log OS Name:               Windows 10
16-Apr-2019 05:48:59.051 INFO [main] org.apache.catalina.startup.VersionLoggerListener.log OS Version:            10.0
16-Apr-2019 05:48:59.051 INFO [main] org.apache.catalina.startup.VersionLoggerListener.log Architecture:          amd64
16-Apr-2019 05:48:59.051 INFO [main] org.apache.catalina.startup.VersionLoggerListener.log Java Home:             C:\Program Files\Java\jdk1.8.0_171\jre
16-Apr-2019 05:48:59.052 INFO [main] org.apache.catalina.startup.VersionLoggerListener.log JVM Version:           1.8.0_171-b11
16-Apr-2019 05:48:59.052 INFO [main] org.apache.catalina.startup.VersionLoggerListener.log JVM Vendor:            Oracle Corporation
16-Apr-2019 05:48:59.052 INFO [main] org.apache.catalina.startup.VersionLoggerListener.log CATALINA_BASE:         F:\IDB\Git\Servlet\apache-tomcat-9.0.16\apache-tomcat-9.0.16
16-Apr-2019 05:48:59.052 INFO [main] org.apache.catalina.startup.VersionLoggerListener.log CATALINA_HOME:         F:\IDB\Git\Servlet\apache-tomcat-9.0.16\apache-tomcat-9.0.16
16-Apr-2019 05:48:59.053 INFO [main] org.apache.catalina.startup.VersionLoggerListener.log Command line argument: -Djava.util.logging.config.file=F:\IDB\Git\Servlet\apache-tomcat-9.0.16\apache-tomcat-9.0.16\conf\logging.properties
16-Apr-2019 05:48:59.053 INFO [main] org.apache.catalina.startup.VersionLoggerListener.log Command line argument: -Djava.util.logging.manager=org.apache.juli.ClassLoaderLogManager
16-Apr-2019 05:48:59.053 INFO [main] org.apache.catalina.startup.VersionLoggerListener.log Command line argument: -Dhttp.nonProxyHosts=localhost|127.0.0.1|DESKTOP-8B4V8EO
16-Apr-2019 05:48:59.053 INFO [main] org.apache.catalina.startup.VersionLoggerListener.log Command line argument: -Djdk.tls.ephemeralDHKeySize=2048
16-Apr-2019 05:48:59.053 INFO [main] org.apache.catalina.startup.VersionLoggerListener.log Command line argument: -Djava.protocol.handler.pkgs=org.apache.catalina.webresources
16-Apr-2019 05:48:59.054 INFO [main] org.apache.catalina.startup.VersionLoggerListener.log Command line argument: -Dignore.endorsed.dirs=
16-Apr-2019 05:48:59.054 INFO [main] org.apache.catalina.startup.VersionLoggerListener.log Command line argument: -Dcatalina.base=F:\IDB\Git\Servlet\apache-tomcat-9.0.16\apache-tomcat-9.0.16
16-Apr-2019 05:48:59.054 INFO [main] org.apache.catalina.startup.VersionLoggerListener.log Command line argument: -Dcatalina.home=F:\IDB\Git\Servlet\apache-tomcat-9.0.16\apache-tomcat-9.0.16
16-Apr-2019 05:48:59.054 INFO [main] org.apache.catalina.startup.VersionLoggerListener.log Command line argument: -Djava.io.tmpdir=F:\IDB\Git\Servlet\apache-tomcat-9.0.16\apache-tomcat-9.0.16\temp
16-Apr-2019 05:48:59.054 INFO [main] org.apache.catalina.core.AprLifecycleListener.lifecycleEvent Loaded APR based Apache Tomcat Native library [1.2.21] using APR version [1.6.5].
16-Apr-2019 05:48:59.054 INFO [main] org.apache.catalina.core.AprLifecycleListener.lifecycleEvent APR capabilities: IPv6 [true], sendfile [true], accept filters [false], random [true].
16-Apr-2019 05:48:59.055 INFO [main] org.apache.catalina.core.AprLifecycleListener.lifecycleEvent APR/OpenSSL configuration: useAprConnector [false], useOpenSSL [true]
16-Apr-2019 05:48:59.143 INFO [main] org.apache.catalina.core.AprLifecycleListener.initializeSSL OpenSSL successfully initialized [OpenSSL 1.1.1a  20 Nov 2018]
16-Apr-2019 05:49:01.277 INFO [main] org.apache.coyote.AbstractProtocol.init Initializing ProtocolHandler ["http-nio-8081"]
16-Apr-2019 05:49:02.026 INFO [main] org.apache.coyote.AbstractProtocol.init Initializing ProtocolHandler ["ajp-nio-8009"]
16-Apr-2019 05:49:02.078 INFO [main] org.apache.catalina.startup.Catalina.load Server initialization in [6,282] milliseconds
16-Apr-2019 05:49:02.640 INFO [main] org.apache.catalina.core.StandardService.startInternal Starting service [Catalina]
16-Apr-2019 05:49:02.643 INFO [main] org.apache.catalina.core.StandardEngine.startInternal Starting Servlet engine: [Apache Tomcat/9.0.16]
16-Apr-2019 05:49:02.852 INFO [main] org.apache.catalina.startup.HostConfig.deployDescriptor Deploying deployment descriptor [F:\IDB\Git\Servlet\apache-tomcat-9.0.16\apache-tomcat-9.0.16\conf\Catalina\localhost\Basic.xml]
16-Apr-2019 05:49:03.312 WARNING [main] org.apache.catalina.startup.HostConfig.deployDescriptor The path attribute with value [/Basic] in deployment descriptor [F:\IDB\Git\Servlet\apache-tomcat-9.0.16\apache-tomcat-9.0.16\conf\Catalina\localhost\Basic.xml] has been ignored
16-Apr-2019 05:49:04.034 SEVERE [main] org.apache.catalina.startup.HostConfig.deployDescriptor Error deploying deployment descriptor [F:\IDB\Git\Servlet\apache-tomcat-9.0.16\apache-tomcat-9.0.16\conf\Catalina\localhost\Basic.xml]
 java.lang.IllegalStateException: Error starting child
	at org.apache.catalina.core.ContainerBase.addChildInternal(ContainerBase.java:716)
	at org.apache.catalina.core.ContainerBase.addChild(ContainerBase.java:690)
	at org.apache.catalina.core.StandardHost.addChild(StandardHost.java:695)
	at org.apache.catalina.startup.HostConfig.deployDescriptor(HostConfig.java:631)
	at org.apache.catalina.startup.HostConfig$DeployDescriptor.run(HostConfig.java:1832)
	at java.util.concurrent.Executors$RunnableAdapter.call(Executors.java:511)
	at java.util.concurrent.FutureTask.run(FutureTask.java:266)
	at org.apache.tomcat.util.threads.InlineExecutorService.execute(InlineExecutorService.java:75)
	at java.util.concurrent.AbstractExecutorService.submit(AbstractExecutorService.java:112)
	at org.apache.catalina.startup.HostConfig.deployDescriptors(HostConfig.java:526)
	at org.apache.catalina.startup.HostConfig.deployApps(HostConfig.java:425)
	at org.apache.catalina.startup.HostConfig.start(HostConfig.java:1577)
	at org.apache.catalina.startup.HostConfig.lifecycleEvent(HostConfig.java:309)
	at org.apache.catalina.util.LifecycleBase.fireLifecycleEvent(LifecycleBase.java:123)
	at org.apache.catalina.util.LifecycleBase.setStateInternal(LifecycleBase.java:424)
	at org.apache.catalina.util.LifecycleBase.setState(LifecycleBase.java:367)
	at org.apache.catalina.core.ContainerBase.startInternal(ContainerBase.java:929)
	at org.apache.catalina.core.StandardHost.startInternal(StandardHost.java:831)
	at org.apache.catalina.util.LifecycleBase.start(LifecycleBase.java:183)
	at org.apache.catalina.core.ContainerBase$StartChild.call(ContainerBase.java:1377)
	at org.apache.catalina.core.ContainerBase$StartChild.call(ContainerBase.java:1367)
	at java.util.concurrent.FutureTask.run(FutureTask.java:266)
	at org.apache.tomcat.util.threads.InlineExecutorService.execute(InlineExecutorService.java:75)
	at java.util.concurrent.AbstractExecutorService.submit(AbstractExecutorService.java:134)
	at org.apache.catalina.core.ContainerBase.startInternal(ContainerBase.java:902)
	at org.apache.catalina.core.StandardEngine.startInternal(StandardEngine.java:262)
	at org.apache.catalina.util.LifecycleBase.start(LifecycleBase.java:183)
	at org.apache.catalina.core.StandardService.startInternal(StandardService.java:423)
	at org.apache.catalina.util.LifecycleBase.start(LifecycleBase.java:183)
	at org.apache.catalina.core.StandardServer.startInternal(StandardServer.java:928)
	at org.apache.catalina.util.LifecycleBase.start(LifecycleBase.java:183)
	at org.apache.catalina.startup.Catalina.start(Catalina.java:638)
	at sun.reflect.NativeMethodAccessorImpl.invoke0(Native Method)
	at sun.reflect.NativeMethodAccessorImpl.invoke(NativeMethodAccessorImpl.java:62)
	at sun.reflect.DelegatingMethodAccessorImpl.invoke(DelegatingMethodAccessorImpl.java:43)
	at java.lang.reflect.Method.invoke(Method.java:498)
	at org.apache.catalina.startup.Bootstrap.start(Bootstrap.java:350)
	at org.apache.catalina.startup.Bootstrap.main(Bootstrap.java:492)
Caused by: org.apache.catalina.LifecycleException: Failed to start component [org.apache.catalina.webresources.StandardRoot@77ec78b9]
	at org.apache.catalina.util.LifecycleBase.handleSubClassException(LifecycleBase.java:441)
	at org.apache.catalina.util.LifecycleBase.start(LifecycleBase.java:198)
	at org.apache.catalina.core.StandardContext.resourcesStart(StandardContext.java:4783)
	at org.apache.catalina.core.StandardContext.startInternal(StandardContext.java:4918)
	at org.apache.catalina.util.LifecycleBase.start(LifecycleBase.java:183)
	at org.apache.catalina.core.ContainerBase.addChildInternal(ContainerBase.java:713)
	... 37 more
Caused by: java.lang.IllegalArgumentException: The main resource set specified [E:\Git\Servlet\Basic\build\web] is not valid
	at org.apache.catalina.webresources.StandardRoot.createMainResourceSet(StandardRoot.java:749)
	at org.apache.catalina.webresources.StandardRoot.startInternal(StandardRoot.java:706)
	at org.apache.catalina.util.LifecycleBase.start(LifecycleBase.java:183)
	... 41 more

16-Apr-2019 05:49:04.163 INFO [main] org.apache.catalina.startup.HostConfig.deployDescriptor Deployment of deployment descriptor [F:\IDB\Git\Servlet\apache-tomcat-9.0.16\apache-tomcat-9.0.16\conf\Catalina\localhost\Basic.xml] has finished in [1,310] ms
16-Apr-2019 05:49:04.164 INFO [main] org.apache.catalina.startup.HostConfig.deployDescriptor Deploying deployment descriptor [F:\IDB\Git\Servlet\apache-tomcat-9.0.16\apache-tomcat-9.0.16\conf\Catalina\localhost\JstlDamo.xml]
16-Apr-2019 05:49:04.203 WARNING [main] org.apache.catalina.startup.HostConfig.deployDescriptor The path attribute with value [/JstlDamo] in deployment descriptor [F:\IDB\Git\Servlet\apache-tomcat-9.0.16\apache-tomcat-9.0.16\conf\Catalina\localhost\JstlDamo.xml] has been ignored
16-Apr-2019 05:49:08.686 INFO [main] org.apache.catalina.startup.HostConfig.deployDescriptor Deployment of deployment descriptor [F:\IDB\Git\Servlet\apache-tomcat-9.0.16\apache-tomcat-9.0.16\conf\Catalina\localhost\JstlDamo.xml] has finished in [4,522] ms
16-Apr-2019 05:49:08.688 INFO [main] org.apache.catalina.startup.HostConfig.deployDescriptor Deploying deployment descriptor [F:\IDB\Git\Servlet\apache-tomcat-9.0.16\apache-tomcat-9.0.16\conf\Catalina\localhost\MyJsp.xml]
16-Apr-2019 05:49:08.695 WARNING [main] org.apache.catalina.startup.HostConfig.deployDescriptor The path attribute with value [/MyJsp] in deployment descriptor [F:\IDB\Git\Servlet\apache-tomcat-9.0.16\apache-tomcat-9.0.16\conf\Catalina\localhost\MyJsp.xml] has been ignored
16-Apr-2019 05:49:08.883 INFO [main] org.apache.catalina.startup.HostConfig.deployDescriptor Deployment of deployment descriptor [F:\IDB\Git\Servlet\apache-tomcat-9.0.16\apache-tomcat-9.0.16\conf\Catalina\localhost\MyJsp.xml] has finished in [195] ms
16-Apr-2019 05:49:08.884 INFO [main] org.apache.catalina.startup.HostConfig.deployDescriptor Deploying deployment descriptor [F:\IDB\Git\Servlet\apache-tomcat-9.0.16\apache-tomcat-9.0.16\conf\Catalina\localhost\MyServlet.xml]
16-Apr-2019 05:49:08.888 WARNING [main] org.apache.catalina.startup.HostConfig.deployDescriptor The path attribute with value [/MyServlet] in deployment descriptor [F:\IDB\Git\Servlet\apache-tomcat-9.0.16\apache-tomcat-9.0.16\conf\Catalina\localhost\MyServlet.xml] has been ignored
16-Apr-2019 05:49:09.152 INFO [main] org.apache.catalina.startup.HostConfig.deployDescriptor Deployment of deployment descriptor [F:\IDB\Git\Servlet\apache-tomcat-9.0.16\apache-tomcat-9.0.16\conf\Catalina\localhost\MyServlet.xml] has finished in [268] ms
16-Apr-2019 05:49:09.155 INFO [main] org.apache.catalina.startup.HostConfig.deployDescriptor Deploying deployment descriptor [F:\IDB\Git\Servlet\apache-tomcat-9.0.16\apache-tomcat-9.0.16\conf\Catalina\localhost\SumusingServlet.xml]
16-Apr-2019 05:49:09.157 WARNING [main] org.apache.catalina.startup.HostConfig.deployDescriptor The path attribute with value [/SumusingServlet] in deployment descriptor [F:\IDB\Git\Servlet\apache-tomcat-9.0.16\apache-tomcat-9.0.16\conf\Catalina\localhost\SumusingServlet.xml] has been ignored
16-Apr-2019 05:49:31.846 INFO [main] org.apache.jasper.servlet.TldScanner.scanJars At least one JAR was scanned for TLDs yet contained no TLDs. Enable debug logging for this logger for a complete list of JARs that were scanned but no TLDs were found in them. Skipping unneeded JARs during scanning can improve startup time and JSP compilation time.
16-Apr-2019 05:49:31.871 INFO [main] org.apache.catalina.startup.HostConfig.deployDescriptor Deployment of deployment descriptor [F:\IDB\Git\Servlet\apache-tomcat-9.0.16\apache-tomcat-9.0.16\conf\Catalina\localhost\SumusingServlet.xml] has finished in [22,716] ms
16-Apr-2019 05:49:31.872 INFO [main] org.apache.catalina.startup.HostConfig.deployDescriptor Deploying deployment descriptor [F:\IDB\Git\Servlet\apache-tomcat-9.0.16\apache-tomcat-9.0.16\conf\Catalina\localhost\ToDojsp.xml]
16-Apr-2019 05:49:31.887 WARNING [main] org.apache.catalina.startup.HostConfig.deployDescriptor The path attribute with value [/ToDojsp] in deployment descriptor [F:\IDB\Git\Servlet\apache-tomcat-9.0.16\apache-tomcat-9.0.16\conf\Catalina\localhost\ToDojsp.xml] has been ignored
16-Apr-2019 05:49:31.964 INFO [main] org.apache.catalina.startup.HostConfig.deployDescriptor Deployment of deployment descriptor [F:\IDB\Git\Servlet\apache-tomcat-9.0.16\apache-tomcat-9.0.16\conf\Catalina\localhost\ToDojsp.xml] has finished in [93] ms
16-Apr-2019 05:49:31.968 INFO [main] org.apache.catalina.startup.HostConfig.deployDirectory Deploying web application directory [F:\IDB\Git\Servlet\apache-tomcat-9.0.16\apache-tomcat-9.0.16\webapps\docs]
16-Apr-2019 05:49:32.119 INFO [main] org.apache.catalina.startup.HostConfig.deployDirectory Deployment of web application directory [F:\IDB\Git\Servlet\apache-tomcat-9.0.16\apache-tomcat-9.0.16\webapps\docs] has finished in [150] ms
16-Apr-2019 05:49:32.120 INFO [main] org.apache.catalina.startup.HostConfig.deployDirectory Deploying web application directory [F:\IDB\Git\Servlet\apache-tomcat-9.0.16\apache-tomcat-9.0.16\webapps\examples]
16-Apr-2019 05:49:35.127 INFO [main] org.apache.catalina.startup.HostConfig.deployDirectory Deployment of web application directory [F:\IDB\Git\Servlet\apache-tomcat-9.0.16\apache-tomcat-9.0.16\webapps\examples] has finished in [3,006] ms
16-Apr-2019 05:49:35.127 INFO [main] org.apache.catalina.startup.HostConfig.deployDirectory Deploying web application directory [F:\IDB\Git\Servlet\apache-tomcat-9.0.16\apache-tomcat-9.0.16\webapps\host-manager]
16-Apr-2019 05:49:35.349 INFO [main] org.apache.catalina.startup.HostConfig.deployDirectory Deployment of web application directory [F:\IDB\Git\Servlet\apache-tomcat-9.0.16\apache-tomcat-9.0.16\webapps\host-manager] has finished in [222] ms
16-Apr-2019 05:49:35.351 INFO [main] org.apache.catalina.startup.HostConfig.deployDirectory Deploying web application directory [F:\IDB\Git\Servlet\apache-tomcat-9.0.16\apache-tomcat-9.0.16\webapps\manager]
16-Apr-2019 05:49:35.657 INFO [main] org.apache.catalina.startup.HostConfig.deployDirectory Deployment of web application directory [F:\IDB\Git\Servlet\apache-tomcat-9.0.16\apache-tomcat-9.0.16\webapps\manager] has finished in [306] ms
16-Apr-2019 05:49:35.668 INFO [main] org.apache.catalina.startup.HostConfig.deployDirectory Deploying web application directory [F:\IDB\Git\Servlet\apache-tomcat-9.0.16\apache-tomcat-9.0.16\webapps\ROOT]
16-Apr-2019 05:49:35.895 INFO [main] org.apache.catalina.startup.HostConfig.deployDirectory Deployment of web application directory [F:\IDB\Git\Servlet\apache-tomcat-9.0.16\apache-tomcat-9.0.16\webapps\ROOT] has finished in [227] ms
16-Apr-2019 05:49:35.959 INFO [main] org.apache.coyote.AbstractProtocol.start Starting ProtocolHandler ["http-nio-8081"]
16-Apr-2019 05:49:36.026 INFO [main] org.apache.coyote.AbstractProtocol.start Starting ProtocolHandler ["ajp-nio-8009"]
16-Apr-2019 05:49:36.039 INFO [main] org.apache.catalina.startup.Catalina.start Server startup in [33,960] milliseconds
16-Apr-2019 05:49:46.285 INFO [http-nio-8081-exec-5] org.apache.catalina.startup.HostConfig.deployDescriptor Deploying deployment descriptor [F:\IDB\Git\Servlet\apache-tomcat-9.0.16\apache-tomcat-9.0.16\conf\Catalina\localhost\LoginUsingJSPServlet.xml]
16-Apr-2019 05:49:46.330 WARNING [http-nio-8081-exec-5] org.apache.catalina.startup.HostConfig.deployDescriptor The path attribute with value [/LoginUsingJSPServlet] in deployment descriptor [F:\IDB\Git\Servlet\apache-tomcat-9.0.16\apache-tomcat-9.0.16\conf\Catalina\localhost\LoginUsingJSPServlet.xml] has been ignored
16-Apr-2019 05:49:46.754 INFO [http-nio-8081-exec-5] org.apache.catalina.startup.HostConfig.deployDescriptor Deployment of deployment descriptor [F:\IDB\Git\Servlet\apache-tomcat-9.0.16\apache-tomcat-9.0.16\conf\Catalina\localhost\LoginUsingJSPServlet.xml] has finished in [470] ms
16-Apr-2019 05:49:46.780 INFO [http-nio-8081-exec-2] org.apache.catalina.util.LifecycleBase.start The start() method was called on component [StandardEngine[Catalina].StandardHost[localhost].StandardContext[/LoginUsingJSPServlet]] after start() had already been called. The second call will be ignored.
16-Apr-2019 05:50:48.659 INFO [http-nio-8081-exec-4] org.apache.catalina.core.StandardContext.reload Reloading Context with name [/LoginUsingJSPServlet] has started
16-Apr-2019 05:50:49.299 INFO [http-nio-8081-exec-4] org.apache.catalina.core.StandardContext.reload Reloading Context with name [/LoginUsingJSPServlet] is completed
16-Apr-2019 05:51:30.863 INFO [http-nio-8081-exec-10] org.apache.catalina.core.StandardContext.reload Reloading Context with name [/LoginUsingJSPServlet] has started
16-Apr-2019 05:51:31.483 INFO [http-nio-8081-exec-10] org.apache.catalina.core.StandardContext.reload Reloading Context with name [/LoginUsingJSPServlet] is completed
16-Apr-2019 05:51:54.812 INFO [http-nio-8081-exec-8] org.apache.catalina.core.StandardContext.reload Reloading Context with name [/LoginUsingJSPServlet] has started
16-Apr-2019 05:51:54.891 INFO [http-nio-8081-exec-8] org.apache.catalina.core.StandardContext.reload Reloading Context with name [/LoginUsingJSPServlet] is completed
16-Apr-2019 05:55:03.431 INFO [http-nio-8081-exec-19] org.apache.catalina.core.StandardContext.reload Reloading Context with name [/LoginUsingJSPServlet] has started
16-Apr-2019 05:55:04.332 INFO [http-nio-8081-exec-19] org.apache.catalina.core.StandardContext.reload Reloading Context with name [/LoginUsingJSPServlet] is completed
16-Apr-2019 05:59:47.698 INFO [http-nio-8081-exec-38] org.apache.catalina.core.StandardContext.reload Reloading Context with name [/LoginUsingJSPServlet] has started
16-Apr-2019 05:59:47.870 INFO [http-nio-8081-exec-38] org.apache.catalina.core.StandardContext.reload Reloading Context with name [/LoginUsingJSPServlet] is completed
16-Apr-2019 06:04:27.631 INFO [http-nio-8081-exec-43] org.apache.catalina.core.StandardContext.reload Reloading Context with name [/LoginUsingJSPServlet] has started
16-Apr-2019 06:04:27.953 INFO [http-nio-8081-exec-43] org.apache.catalina.core.StandardContext.reload Reloading Context with name [/LoginUsingJSPServlet] is completed
16-Apr-2019 06:04:31.650 INFO [http-nio-8081-exec-50] org.apache.catalina.core.StandardContext.reload Reloading Context with name [/LoginUsingJSPServlet] has started
16-Apr-2019 06:04:31.802 INFO [http-nio-8081-exec-50] org.apache.catalina.core.StandardContext.reload Reloading Context with name [/LoginUsingJSPServlet] is completed
16-Apr-2019 06:08:32.143 INFO [http-nio-8081-exec-51] org.apache.catalina.core.StandardContext.reload Reloading Context with name [/LoginUsingJSPServlet] has started
16-Apr-2019 06:08:32.503 INFO [http-nio-8081-exec-51] org.apache.catalina.core.StandardContext.reload Reloading Context with name [/LoginUsingJSPServlet] is completed
16-Apr-2019 06:10:10.705 INFO [http-nio-8081-exec-56] org.apache.catalina.core.StandardContext.reload Reloading Context with name [/LoginUsingJSPServlet] has started
16-Apr-2019 06:10:11.513 INFO [http-nio-8081-exec-56] org.apache.catalina.core.StandardContext.reload Reloading Context with name [/LoginUsingJSPServlet] is completed
16-Apr-2019 12:07:38.645 INFO [main] org.apache.catalina.core.StandardServer.await A valid shutdown command was received via the shutdown port. Stopping the Server instance.
16-Apr-2019 12:07:39.320 INFO [main] org.apache.coyote.AbstractProtocol.pause Pausing ProtocolHandler ["http-nio-8081"]
16-Apr-2019 12:07:40.271 INFO [main] org.apache.coyote.AbstractProtocol.pause Pausing ProtocolHandler ["ajp-nio-8009"]
16-Apr-2019 12:07:40.372 INFO [main] org.apache.catalina.core.StandardService.stopInternal Stopping service [Catalina]
16-Apr-2019 12:07:42.599 INFO [main] org.apache.coyote.AbstractProtocol.stop Stopping ProtocolHandler ["http-nio-8081"]
16-Apr-2019 12:07:42.724 INFO [main] org.apache.coyote.AbstractProtocol.stop Stopping ProtocolHandler ["ajp-nio-8009"]
16-Apr-2019 12:07:42.911 INFO [main] org.apache.coyote.AbstractProtocol.destroy Destroying ProtocolHandler ["http-nio-8081"]
16-Apr-2019 12:07:42.975 INFO [main] org.apache.coyote.AbstractProtocol.destroy Destroying ProtocolHandler ["ajp-nio-8009"]
