20-Apr-2019 00:40:03.528 INFO [main] org.apache.catalina.core.ApplicationContext.log ContextListener: contextInitialized()
20-Apr-2019 00:40:03.529 INFO [main] org.apache.catalina.core.ApplicationContext.log SessionListener: contextInitialized()
20-Apr-2019 00:40:03.533 INFO [main] org.apache.catalina.core.ApplicationContext.log ContextListener: attributeAdded('StockTicker', 'async.Stockticker@570b85dd')
20-Apr-2019 00:49:50.029 SEVERE [http-nio-8081-exec-5] org.apache.catalina.core.StandardWrapperValve.invoke Servlet.service() for servlet [jsp] in context with path [/jspdemo] threw exception [Unable to compile class for JSP: 

An error occurred at line: [21] in the jsp file: [/hello.jsp]
The method print(boolean) in the type JspWriter is not applicable for the arguments ()
18:         25 multipiied bt 4 equals <%= 25*4 %><br/>
19:         is 75 less then 69? <%= 75<69 %><br/>
20:         
21:         <%=
22:         for (int i = 0; i <= 10; i++) {
23:                 out.println("yasin "+i+"<br/>");
24:             }


An error occurred at line: [21] in the jsp file: [/hello.jsp]
Syntax error, insert ")" to complete MethodInvocation
18:         25 multipiied bt 4 equals <%= 25*4 %><br/>
19:         is 75 less then 69? <%= 75<69 %><br/>
20:         
21:         <%=
22:         for (int i = 0; i <= 10; i++) {
23:                 out.println("yasin "+i+"<br/>");
24:             }


An error occurred at line: [21] in the jsp file: [/hello.jsp]
Syntax error, insert ";" to complete Statement
18:         25 multipiied bt 4 equals <%= 25*4 %><br/>
19:         is 75 less then 69? <%= 75<69 %><br/>
20:         
21:         <%=
22:         for (int i = 0; i <= 10; i++) {
23:                 out.println("yasin "+i+"<br/>");
24:             }


An error occurred at line: [23] in the jsp file: [/hello.jsp]
Syntax error on token ")", delete this token
20:         
21:         <%=
22:         for (int i = 0; i <= 10; i++) {
23:                 out.println("yasin "+i+"<br/>");
24:             }
25:         %>
26:     </body>


Stacktrace:] with root cause
 org.apache.jasper.JasperException: Unable to compile class for JSP: 

An error occurred at line: [21] in the jsp file: [/hello.jsp]
The method print(boolean) in the type JspWriter is not applicable for the arguments ()
18:         25 multipiied bt 4 equals <%= 25*4 %><br/>
19:         is 75 less then 69? <%= 75<69 %><br/>
20:         
21:         <%=
22:         for (int i = 0; i <= 10; i++) {
23:                 out.println("yasin "+i+"<br/>");
24:             }


An error occurred at line: [21] in the jsp file: [/hello.jsp]
Syntax error, insert ")" to complete MethodInvocation
18:         25 multipiied bt 4 equals <%= 25*4 %><br/>
19:         is 75 less then 69? <%= 75<69 %><br/>
20:         
21:         <%=
22:         for (int i = 0; i <= 10; i++) {
23:                 out.println("yasin "+i+"<br/>");
24:             }


An error occurred at line: [21] in the jsp file: [/hello.jsp]
Syntax error, insert ";" to complete Statement
18:         25 multipiied bt 4 equals <%= 25*4 %><br/>
19:         is 75 less then 69? <%= 75<69 %><br/>
20:         
21:         <%=
22:         for (int i = 0; i <= 10; i++) {
23:                 out.println("yasin "+i+"<br/>");
24:             }


An error occurred at line: [23] in the jsp file: [/hello.jsp]
Syntax error on token ")", delete this token
20:         
21:         <%=
22:         for (int i = 0; i <= 10; i++) {
23:                 out.println("yasin "+i+"<br/>");
24:             }
25:         %>
26:     </body>


Stacktrace:
	at org.apache.jasper.compiler.DefaultErrorHandler.javacError(DefaultErrorHandler.java:103)
	at org.apache.jasper.compiler.ErrorDispatcher.javacError(ErrorDispatcher.java:213)
	at org.apache.jasper.compiler.JDTCompiler.generateClass(JDTCompiler.java:473)
	at org.apache.jasper.compiler.Compiler.compile(Compiler.java:392)
	at org.apache.jasper.compiler.Compiler.compile(Compiler.java:362)
	at org.apache.jasper.compiler.Compiler.compile(Compiler.java:346)
	at org.apache.jasper.JspCompilationContext.compile(JspCompilationContext.java:603)
	at org.apache.jasper.servlet.JspServletWrapper.service(JspServletWrapper.java:399)
	at org.apache.jasper.servlet.JspServlet.serviceJspFile(JspServlet.java:385)
	at org.apache.jasper.servlet.JspServlet.service(JspServlet.java:329)
	at javax.servlet.http.HttpServlet.service(HttpServlet.java:741)
	at org.apache.catalina.core.ApplicationFilterChain.internalDoFilter(ApplicationFilterChain.java:231)
	at org.apache.catalina.core.ApplicationFilterChain.doFilter(ApplicationFilterChain.java:166)
	at org.apache.tomcat.websocket.server.WsFilter.doFilter(WsFilter.java:53)
	at org.apache.catalina.core.ApplicationFilterChain.internalDoFilter(ApplicationFilterChain.java:193)
	at org.apache.catalina.core.ApplicationFilterChain.doFilter(ApplicationFilterChain.java:166)
	at org.apache.catalina.core.StandardWrapperValve.invoke(StandardWrapperValve.java:200)
	at org.apache.catalina.core.StandardContextValve.invoke(StandardContextValve.java:96)
	at org.apache.catalina.authenticator.AuthenticatorBase.invoke(AuthenticatorBase.java:490)
	at org.apache.catalina.core.StandardHostValve.invoke(StandardHostValve.java:139)
	at org.apache.catalina.valves.ErrorReportValve.invoke(ErrorReportValve.java:92)
	at org.apache.catalina.valves.AbstractAccessLogValve.invoke(AbstractAccessLogValve.java:668)
	at org.apache.catalina.core.StandardEngineValve.invoke(StandardEngineValve.java:74)
	at org.apache.catalina.connector.CoyoteAdapter.service(CoyoteAdapter.java:343)
	at org.apache.coyote.http11.Http11Processor.service(Http11Processor.java:408)
	at org.apache.coyote.AbstractProcessorLight.process(AbstractProcessorLight.java:66)
	at org.apache.coyote.AbstractProtocol$ConnectionHandler.process(AbstractProtocol.java:834)
	at org.apache.tomcat.util.net.NioEndpoint$SocketProcessor.doRun(NioEndpoint.java:1415)
	at org.apache.tomcat.util.net.SocketProcessorBase.run(SocketProcessorBase.java:49)
	at java.util.concurrent.ThreadPoolExecutor.runWorker(ThreadPoolExecutor.java:1149)
	at java.util.concurrent.ThreadPoolExecutor$Worker.run(ThreadPoolExecutor.java:624)
	at org.apache.tomcat.util.threads.TaskThread$WrappingRunnable.run(TaskThread.java:61)
	at java.lang.Thread.run(Thread.java:748)

20-Apr-2019 02:50:50.704 INFO [main] org.apache.catalina.core.ApplicationContext.log SessionListener: contextDestroyed()
20-Apr-2019 02:50:50.704 INFO [main] org.apache.catalina.core.ApplicationContext.log ContextListener: contextDestroyed()
20-Apr-2019 12:48:10.290 INFO [main] org.apache.catalina.core.ApplicationContext.log ContextListener: contextInitialized()
20-Apr-2019 12:48:10.293 INFO [main] org.apache.catalina.core.ApplicationContext.log SessionListener: contextInitialized()
20-Apr-2019 12:48:10.299 INFO [main] org.apache.catalina.core.ApplicationContext.log ContextListener: attributeAdded('StockTicker', 'async.Stockticker@60d32006')
20-Apr-2019 12:53:53.422 INFO [main] org.apache.catalina.core.ApplicationContext.log SessionListener: contextDestroyed()
20-Apr-2019 12:53:53.423 INFO [main] org.apache.catalina.core.ApplicationContext.log ContextListener: contextDestroyed()
20-Apr-2019 20:46:29.119 INFO [main] org.apache.catalina.core.ApplicationContext.log ContextListener: contextInitialized()
20-Apr-2019 20:46:29.121 INFO [main] org.apache.catalina.core.ApplicationContext.log SessionListener: contextInitialized()
20-Apr-2019 20:46:29.422 INFO [main] org.apache.catalina.core.ApplicationContext.log ContextListener: attributeAdded('StockTicker', 'async.Stockticker@147ad4bb')
20-Apr-2019 21:32:42.877 SEVERE [http-nio-8081-exec-66] org.apache.catalina.core.StandardWrapperValve.invoke Servlet.service() for servlet [jsp] in context with path [/tageDamo] threw exception [An exception occurred processing [/foreach-student.jsp] at line [25]

22:     </head>
23:     <body>
24:         <c:forEach var="tempStudent" items="#{myStudent}">
25:             ${tempStudent.firtName} ${tempStudent.lastName} ${tempStudent.goldCustomer} 
26:         </c:forEach>
27:     </body>
28: </html>


Stacktrace:] with root cause
 javax.el.PropertyNotFoundException: Property [firtName] not found on type [com.yasin.jsp.tagdemo.Student]
	at javax.el.BeanELResolver$BeanProperties.get(BeanELResolver.java:260)
	at javax.el.BeanELResolver$BeanProperties.access$300(BeanELResolver.java:212)
	at javax.el.BeanELResolver.property(BeanELResolver.java:347)
	at javax.el.BeanELResolver.getValue(BeanELResolver.java:92)
	at org.apache.jasper.el.JasperELResolver.getValue(JasperELResolver.java:113)
	at org.apache.el.parser.AstValue.getValue(AstValue.java:169)
	at org.apache.el.ValueExpressionImpl.getValue(ValueExpressionImpl.java:190)
	at org.apache.jasper.runtime.PageContextImpl.proprietaryEvaluate(PageContextImpl.java:701)
	at org.apache.jsp.foreach_002dstudent_jsp._jspx_meth_c_005fforEach_005f0(foreach_002dstudent_jsp.java:196)
	at org.apache.jsp.foreach_002dstudent_jsp._jspService(foreach_002dstudent_jsp.java:151)
	at org.apache.jasper.runtime.HttpJspBase.service(HttpJspBase.java:70)
	at javax.servlet.http.HttpServlet.service(HttpServlet.java:741)
	at org.apache.jasper.servlet.JspServletWrapper.service(JspServletWrapper.java:476)
	at org.apache.jasper.servlet.JspServlet.serviceJspFile(JspServlet.java:385)
	at org.apache.jasper.servlet.JspServlet.service(JspServlet.java:329)
	at javax.servlet.http.HttpServlet.service(HttpServlet.java:741)
	at org.apache.catalina.core.ApplicationFilterChain.internalDoFilter(ApplicationFilterChain.java:231)
	at org.apache.catalina.core.ApplicationFilterChain.doFilter(ApplicationFilterChain.java:166)
	at org.apache.tomcat.websocket.server.WsFilter.doFilter(WsFilter.java:53)
	at org.apache.catalina.core.ApplicationFilterChain.internalDoFilter(ApplicationFilterChain.java:193)
	at org.apache.catalina.core.ApplicationFilterChain.doFilter(ApplicationFilterChain.java:166)
	at org.apache.catalina.core.StandardWrapperValve.invoke(StandardWrapperValve.java:200)
	at org.apache.catalina.core.StandardContextValve.invoke(StandardContextValve.java:96)
	at org.apache.catalina.authenticator.AuthenticatorBase.invoke(AuthenticatorBase.java:490)
	at org.apache.catalina.core.StandardHostValve.invoke(StandardHostValve.java:139)
	at org.apache.catalina.valves.ErrorReportValve.invoke(ErrorReportValve.java:92)
	at org.apache.catalina.valves.AbstractAccessLogValve.invoke(AbstractAccessLogValve.java:668)
	at org.apache.catalina.core.StandardEngineValve.invoke(StandardEngineValve.java:74)
	at org.apache.catalina.connector.CoyoteAdapter.service(CoyoteAdapter.java:343)
	at org.apache.coyote.http11.Http11Processor.service(Http11Processor.java:408)
	at org.apache.coyote.AbstractProcessorLight.process(AbstractProcessorLight.java:66)
	at org.apache.coyote.AbstractProtocol$ConnectionHandler.process(AbstractProtocol.java:834)
	at org.apache.tomcat.util.net.NioEndpoint$SocketProcessor.doRun(NioEndpoint.java:1415)
	at org.apache.tomcat.util.net.SocketProcessorBase.run(SocketProcessorBase.java:49)
	at java.util.concurrent.ThreadPoolExecutor.runWorker(ThreadPoolExecutor.java:1149)
	at java.util.concurrent.ThreadPoolExecutor$Worker.run(ThreadPoolExecutor.java:624)
	at org.apache.tomcat.util.threads.TaskThread$WrappingRunnable.run(TaskThread.java:61)
	at java.lang.Thread.run(Thread.java:748)

