14-Apr-2019 13:58:13.838 INFO [http-nio-8081-exec-4] org.apache.catalina.core.ApplicationContext.log Manager: init: Associated with Deployer 'Catalina:type=Deployer,host=localhost'
14-Apr-2019 13:58:13.838 INFO [http-nio-8081-exec-4] org.apache.catalina.core.ApplicationContext.log Manager: init: Global resources are available
14-Apr-2019 13:58:14.541 INFO [http-nio-8081-exec-3] org.apache.catalina.core.ApplicationContext.log Manager: list: Listing contexts for virtual host 'localhost'
14-Apr-2019 13:58:14.547 INFO [http-nio-8081-exec-8] org.apache.catalina.core.ApplicationContext.log Manager: list: Listing contexts for virtual host 'localhost'
14-Apr-2019 13:58:14.617 INFO [http-nio-8081-exec-10] org.apache.catalina.core.ApplicationContext.log Manager: install: Installing context configuration at 'file:/C:/Users/MDYASI~1/AppData/Local/Temp/context8929069003362709134.xml'
14-Apr-2019 13:58:14.866 INFO [http-nio-8081-exec-2] org.apache.catalina.core.ApplicationContext.log Manager: start: Starting web application '/SumusingServlet'
14-Apr-2019 13:59:36.655 INFO [http-nio-8081-exec-5] org.apache.catalina.core.ApplicationContext.log Manager: list: Listing contexts for virtual host 'localhost'
14-Apr-2019 13:59:36.720 INFO [http-nio-8081-exec-3] org.apache.catalina.core.ApplicationContext.log Manager: restart: Reloading web application '/SumusingServlet'
14-Apr-2019 13:59:37.953 INFO [http-nio-8081-exec-2] org.apache.catalina.core.ApplicationContext.log Manager: list: Listing contexts for virtual host 'localhost'
14-Apr-2019 13:59:37.966 INFO [http-nio-8081-exec-11] org.apache.catalina.core.ApplicationContext.log Manager: restart: Reloading web application '/SumusingServlet'
14-Apr-2019 14:00:22.027 INFO [http-nio-8081-exec-8] org.apache.catalina.core.ApplicationContext.log Manager: list: Listing contexts for virtual host 'localhost'
14-Apr-2019 14:04:18.099 INFO [http-nio-8081-exec-1] org.apache.catalina.core.ApplicationContext.log Manager: list: Listing contexts for virtual host 'localhost'
14-Apr-2019 14:04:18.154 INFO [http-nio-8081-exec-12] org.apache.catalina.core.ApplicationContext.log Manager: restart: Reloading web application '/SumusingServlet'
14-Apr-2019 14:04:23.225 INFO [http-nio-8081-exec-18] org.apache.catalina.core.ApplicationContext.log Manager: list: Listing contexts for virtual host 'localhost'
14-Apr-2019 14:04:23.240 INFO [http-nio-8081-exec-14] org.apache.catalina.core.ApplicationContext.log Manager: list: Listing contexts for virtual host 'localhost'
14-Apr-2019 14:04:23.273 INFO [http-nio-8081-exec-15] org.apache.catalina.core.ApplicationContext.log Manager: restart: Reloading web application '/SumusingServlet'
14-Apr-2019 14:07:41.876 INFO [http-nio-8081-exec-15] org.apache.catalina.core.ApplicationContext.log Manager: list: Listing contexts for virtual host 'localhost'
14-Apr-2019 14:07:41.920 INFO [http-nio-8081-exec-20] org.apache.catalina.core.ApplicationContext.log Manager: restart: Reloading web application '/SumusingServlet'
14-Apr-2019 14:07:53.301 INFO [http-nio-8081-exec-25] org.apache.catalina.core.ApplicationContext.log Manager: list: Listing contexts for virtual host 'localhost'
14-Apr-2019 14:07:53.345 INFO [http-nio-8081-exec-29] org.apache.catalina.core.ApplicationContext.log Manager: restart: Reloading web application '/SumusingServlet'
14-Apr-2019 14:08:44.044 INFO [http-nio-8081-exec-25] org.apache.catalina.core.ApplicationContext.log Manager: list: Listing contexts for virtual host 'localhost'
14-Apr-2019 14:08:44.055 INFO [http-nio-8081-exec-31] org.apache.catalina.core.ApplicationContext.log Manager: stop: Stopping web application '/SumusingServlet'
14-Apr-2019 14:08:44.069 INFO [http-nio-8081-exec-24] org.apache.catalina.core.ApplicationContext.log Manager: start: Starting web application '/SumusingServlet'
14-Apr-2019 14:08:49.847 INFO [http-nio-8081-exec-32] org.apache.catalina.core.ApplicationContext.log Manager: list: Listing contexts for virtual host 'localhost'
14-Apr-2019 14:08:49.857 INFO [http-nio-8081-exec-25] org.apache.catalina.core.ApplicationContext.log Manager: stop: Stopping web application '/SumusingServlet'
14-Apr-2019 14:08:49.867 INFO [http-nio-8081-exec-27] org.apache.catalina.core.ApplicationContext.log Manager: start: Starting web application '/SumusingServlet'
14-Apr-2019 14:14:46.909 INFO [http-nio-8081-exec-38] org.apache.catalina.core.ApplicationContext.log Manager: list: Listing contexts for virtual host 'localhost'
14-Apr-2019 14:14:51.513 INFO [http-nio-8081-exec-41] org.apache.catalina.core.ApplicationContext.log Manager: list: Listing contexts for virtual host 'localhost'
14-Apr-2019 14:15:09.338 INFO [http-nio-8081-exec-35] org.apache.catalina.core.ApplicationContext.log Manager: list: Listing contexts for virtual host 'localhost'
14-Apr-2019 14:15:09.346 INFO [http-nio-8081-exec-43] org.apache.catalina.core.ApplicationContext.log Manager: stop: Stopping web application '/SumusingServlet'
14-Apr-2019 14:15:09.356 INFO [http-nio-8081-exec-40] org.apache.catalina.core.ApplicationContext.log Manager: start: Starting web application '/SumusingServlet'
14-Apr-2019 14:18:25.490 INFO [http-nio-8081-exec-47] org.apache.catalina.core.ApplicationContext.log Manager: list: Listing contexts for virtual host 'localhost'
14-Apr-2019 14:18:25.510 INFO [http-nio-8081-exec-45] org.apache.catalina.core.ApplicationContext.log Manager: stop: Stopping web application '/SumusingServlet'
14-Apr-2019 14:18:25.580 INFO [http-nio-8081-exec-48] org.apache.catalina.core.ApplicationContext.log Manager: start: Starting web application '/SumusingServlet'
14-Apr-2019 14:18:38.391 INFO [http-nio-8081-exec-42] org.apache.catalina.core.ApplicationContext.log Manager: list: Listing contexts for virtual host 'localhost'
14-Apr-2019 14:18:38.397 INFO [http-nio-8081-exec-33] org.apache.catalina.core.ApplicationContext.log Manager: list: Listing contexts for virtual host 'localhost'
14-Apr-2019 14:18:38.428 INFO [http-nio-8081-exec-37] org.apache.catalina.core.ApplicationContext.log Manager: stop: Stopping web application '/SumusingServlet'
14-Apr-2019 14:18:38.457 INFO [http-nio-8081-exec-33] org.apache.catalina.core.ApplicationContext.log Manager: start: Starting web application '/SumusingServlet'
14-Apr-2019 14:20:06.343 INFO [http-nio-8081-exec-57] org.apache.catalina.core.ApplicationContext.log Manager: list: Listing contexts for virtual host 'localhost'
14-Apr-2019 14:20:06.355 INFO [http-nio-8081-exec-51] org.apache.catalina.core.ApplicationContext.log Manager: restart: Reloading web application '/SumusingServlet'
14-Apr-2019 14:22:57.494 INFO [http-nio-8081-exec-64] org.apache.catalina.core.ApplicationContext.log Manager: list: Listing contexts for virtual host 'localhost'
14-Apr-2019 14:23:16.647 INFO [http-nio-8081-exec-68] org.apache.catalina.core.ApplicationContext.log Manager: list: Listing contexts for virtual host 'localhost'
14-Apr-2019 14:23:16.654 INFO [http-nio-8081-exec-59] org.apache.catalina.core.ApplicationContext.log Manager: list: Listing contexts for virtual host 'localhost'
14-Apr-2019 14:23:16.686 INFO [http-nio-8081-exec-60] org.apache.catalina.core.ApplicationContext.log Manager: restart: Reloading web application '/SumusingServlet'
14-Apr-2019 14:24:32.078 INFO [http-nio-8081-exec-72] org.apache.catalina.core.ApplicationContext.log Manager: list: Listing contexts for virtual host 'localhost'
14-Apr-2019 14:24:32.101 INFO [http-nio-8081-exec-70] org.apache.catalina.core.ApplicationContext.log Manager: restart: Reloading web application '/SumusingServlet'
14-Apr-2019 14:24:42.774 INFO [http-nio-8081-exec-75] org.apache.catalina.core.ApplicationContext.log Manager: list: Listing contexts for virtual host 'localhost'
14-Apr-2019 14:24:42.798 INFO [http-nio-8081-exec-64] org.apache.catalina.core.ApplicationContext.log Manager: restart: Reloading web application '/SumusingServlet'
14-Apr-2019 14:25:41.326 INFO [http-nio-8081-exec-77] org.apache.catalina.core.ApplicationContext.log Manager: list: Listing contexts for virtual host 'localhost'
14-Apr-2019 14:25:41.339 INFO [http-nio-8081-exec-71] org.apache.catalina.core.ApplicationContext.log Manager: restart: Reloading web application '/SumusingServlet'
14-Apr-2019 14:26:07.657 INFO [http-nio-8081-exec-77] org.apache.catalina.core.ApplicationContext.log Manager: list: Listing contexts for virtual host 'localhost'
14-Apr-2019 14:26:07.672 INFO [http-nio-8081-exec-81] org.apache.catalina.core.ApplicationContext.log Manager: restart: Reloading web application '/SumusingServlet'
14-Apr-2019 14:26:20.421 INFO [http-nio-8081-exec-80] org.apache.catalina.core.ApplicationContext.log Manager: list: Listing contexts for virtual host 'localhost'
14-Apr-2019 14:26:20.462 INFO [http-nio-8081-exec-79] org.apache.catalina.core.ApplicationContext.log Manager: restart: Reloading web application '/SumusingServlet'
14-Apr-2019 14:28:23.839 INFO [http-nio-8081-exec-87] org.apache.catalina.core.ApplicationContext.log Manager: list: Listing contexts for virtual host 'localhost'
14-Apr-2019 14:28:23.861 INFO [http-nio-8081-exec-84] org.apache.catalina.core.ApplicationContext.log Manager: restart: Reloading web application '/SumusingServlet'
14-Apr-2019 14:29:10.725 INFO [http-nio-8081-exec-90] org.apache.catalina.core.ApplicationContext.log Manager: list: Listing contexts for virtual host 'localhost'
14-Apr-2019 14:29:10.738 INFO [http-nio-8081-exec-62] org.apache.catalina.core.ApplicationContext.log Manager: restart: Reloading web application '/SumusingServlet'
14-Apr-2019 14:29:15.456 INFO [http-nio-8081-exec-88] org.apache.catalina.core.ApplicationContext.log Manager: list: Listing contexts for virtual host 'localhost'
14-Apr-2019 14:29:15.479 INFO [http-nio-8081-exec-91] org.apache.catalina.core.ApplicationContext.log Manager: restart: Reloading web application '/SumusingServlet'
14-Apr-2019 14:31:39.234 INFO [http-nio-8081-exec-93] org.apache.catalina.core.ApplicationContext.log Manager: list: Listing contexts for virtual host 'localhost'
14-Apr-2019 14:31:39.248 INFO [http-nio-8081-exec-94] org.apache.catalina.core.ApplicationContext.log Manager: restart: Reloading web application '/SumusingServlet'
14-Apr-2019 14:33:20.997 INFO [http-nio-8081-exec-98] org.apache.catalina.core.ApplicationContext.log Manager: list: Listing contexts for virtual host 'localhost'
14-Apr-2019 14:33:21.007 INFO [http-nio-8081-exec-78] org.apache.catalina.core.ApplicationContext.log Manager: stop: Stopping web application '/SumusingServlet'
14-Apr-2019 14:33:21.020 INFO [http-nio-8081-exec-100] org.apache.catalina.core.ApplicationContext.log Manager: start: Starting web application '/SumusingServlet'
14-Apr-2019 14:33:38.081 INFO [http-nio-8081-exec-103] org.apache.catalina.core.ApplicationContext.log Manager: list: Listing contexts for virtual host 'localhost'
14-Apr-2019 14:33:38.089 INFO [http-nio-8081-exec-97] org.apache.catalina.core.ApplicationContext.log Manager: restart: Reloading web application '/SumusingServlet'
14-Apr-2019 14:33:40.519 INFO [http-nio-8081-exec-104] org.apache.catalina.core.ApplicationContext.log Manager: list: Listing contexts for virtual host 'localhost'
14-Apr-2019 14:33:40.533 INFO [http-nio-8081-exec-103] org.apache.catalina.core.ApplicationContext.log Manager: restart: Reloading web application '/SumusingServlet'
14-Apr-2019 14:33:45.841 INFO [http-nio-8081-exec-89] org.apache.catalina.core.ApplicationContext.log Manager: list: Listing contexts for virtual host 'localhost'
14-Apr-2019 14:33:45.850 INFO [http-nio-8081-exec-106] org.apache.catalina.core.ApplicationContext.log Manager: stop: Stopping web application '/SumusingServlet'
14-Apr-2019 14:33:45.858 INFO [http-nio-8081-exec-99] org.apache.catalina.core.ApplicationContext.log Manager: start: Starting web application '/SumusingServlet'
14-Apr-2019 14:36:19.443 INFO [http-nio-8081-exec-108] org.apache.catalina.core.ApplicationContext.log Manager: list: Listing contexts for virtual host 'localhost'
14-Apr-2019 14:36:19.451 INFO [http-nio-8081-exec-89] org.apache.catalina.core.ApplicationContext.log Manager: restart: Reloading web application '/SumusingServlet'
14-Apr-2019 14:36:30.705 INFO [http-nio-8081-exec-112] org.apache.catalina.core.ApplicationContext.log Manager: list: Listing contexts for virtual host 'localhost'
14-Apr-2019 14:36:30.714 INFO [http-nio-8081-exec-98] org.apache.catalina.core.ApplicationContext.log Manager: stop: Stopping web application '/SumusingServlet'
14-Apr-2019 14:36:30.724 INFO [http-nio-8081-exec-108] org.apache.catalina.core.ApplicationContext.log Manager: start: Starting web application '/SumusingServlet'
14-Apr-2019 14:36:35.195 INFO [http-nio-8081-exec-113] org.apache.catalina.core.ApplicationContext.log Manager: list: Listing contexts for virtual host 'localhost'
14-Apr-2019 14:36:35.226 INFO [http-nio-8081-exec-98] org.apache.catalina.core.ApplicationContext.log Manager: restart: Reloading web application '/SumusingServlet'
14-Apr-2019 14:36:40.632 INFO [http-nio-8081-exec-115] org.apache.catalina.core.ApplicationContext.log Manager: list: Listing contexts for virtual host 'localhost'
14-Apr-2019 14:36:40.642 INFO [http-nio-8081-exec-110] org.apache.catalina.core.ApplicationContext.log Manager: restart: Reloading web application '/SumusingServlet'
14-Apr-2019 14:37:57.078 INFO [http-nio-8081-exec-116] org.apache.catalina.core.ApplicationContext.log Manager: list: Listing contexts for virtual host 'localhost'
14-Apr-2019 14:37:57.095 INFO [http-nio-8081-exec-90] org.apache.catalina.core.ApplicationContext.log Manager: restart: Reloading web application '/SumusingServlet'
14-Apr-2019 14:38:25.864 INFO [http-nio-8081-exec-114] org.apache.catalina.core.ApplicationContext.log Manager: list: Listing contexts for virtual host 'localhost'
14-Apr-2019 14:38:25.867 INFO [http-nio-8081-exec-117] org.apache.catalina.core.ApplicationContext.log Manager: list: Listing contexts for virtual host 'localhost'
14-Apr-2019 14:38:25.878 INFO [http-nio-8081-exec-78] org.apache.catalina.core.ApplicationContext.log Manager: stop: Stopping web application '/SumusingServlet'
14-Apr-2019 14:38:25.885 INFO [http-nio-8081-exec-118] org.apache.catalina.core.ApplicationContext.log Manager: start: Starting web application '/SumusingServlet'
14-Apr-2019 14:38:54.195 INFO [http-nio-8081-exec-114] org.apache.catalina.core.ApplicationContext.log Manager: list: Listing contexts for virtual host 'localhost'
14-Apr-2019 14:38:58.283 INFO [http-nio-8081-exec-116] org.apache.catalina.core.ApplicationContext.log Manager: list: Listing contexts for virtual host 'localhost'
14-Apr-2019 14:38:58.289 INFO [http-nio-8081-exec-127] org.apache.catalina.core.ApplicationContext.log Manager: list: Listing contexts for virtual host 'localhost'
14-Apr-2019 14:39:34.625 INFO [http-nio-8081-exec-129] org.apache.catalina.core.ApplicationContext.log Manager: list: Listing contexts for virtual host 'localhost'
14-Apr-2019 14:39:34.634 INFO [http-nio-8081-exec-130] org.apache.catalina.core.ApplicationContext.log Manager: restart: Reloading web application '/SumusingServlet'
14-Apr-2019 14:39:51.118 INFO [http-nio-8081-exec-121] org.apache.catalina.core.ApplicationContext.log Manager: list: Listing contexts for virtual host 'localhost'
14-Apr-2019 14:39:51.122 INFO [http-nio-8081-exec-122] org.apache.catalina.core.ApplicationContext.log Manager: list: Listing contexts for virtual host 'localhost'
14-Apr-2019 14:39:51.137 INFO [http-nio-8081-exec-131] org.apache.catalina.core.ApplicationContext.log Manager: restart: Reloading web application '/SumusingServlet'
14-Apr-2019 14:40:48.602 INFO [http-nio-8081-exec-138] org.apache.catalina.core.ApplicationContext.log Manager: list: Listing contexts for virtual host 'localhost'
14-Apr-2019 14:40:59.153 INFO [http-nio-8081-exec-139] org.apache.catalina.core.ApplicationContext.log Manager: list: Listing contexts for virtual host 'localhost'
14-Apr-2019 14:40:59.156 INFO [http-nio-8081-exec-132] org.apache.catalina.core.ApplicationContext.log Manager: list: Listing contexts for virtual host 'localhost'
14-Apr-2019 14:46:09.825 INFO [http-nio-8081-exec-143] org.apache.catalina.core.ApplicationContext.log Manager: list: Listing contexts for virtual host 'localhost'
14-Apr-2019 14:46:09.844 INFO [http-nio-8081-exec-135] org.apache.catalina.core.ApplicationContext.log Manager: restart: Reloading web application '/SumusingServlet'
14-Apr-2019 14:47:22.485 INFO [http-nio-8081-exec-138] org.apache.catalina.core.ApplicationContext.log Manager: list: Listing contexts for virtual host 'localhost'
14-Apr-2019 14:47:22.512 INFO [http-nio-8081-exec-144] org.apache.catalina.core.ApplicationContext.log Manager: restart: Reloading web application '/SumusingServlet'
14-Apr-2019 14:47:29.213 INFO [http-nio-8081-exec-140] org.apache.catalina.core.ApplicationContext.log Manager: list: Listing contexts for virtual host 'localhost'
14-Apr-2019 14:47:29.216 INFO [http-nio-8081-exec-143] org.apache.catalina.core.ApplicationContext.log Manager: list: Listing contexts for virtual host 'localhost'
14-Apr-2019 14:47:29.253 INFO [http-nio-8081-exec-139] org.apache.catalina.core.ApplicationContext.log Manager: restart: Reloading web application '/SumusingServlet'
14-Apr-2019 14:48:13.321 INFO [http-nio-8081-exec-154] org.apache.catalina.core.ApplicationContext.log Manager: list: Listing contexts for virtual host 'localhost'
14-Apr-2019 14:48:13.337 INFO [http-nio-8081-exec-155] org.apache.catalina.core.ApplicationContext.log Manager: restart: Reloading web application '/SumusingServlet'
14-Apr-2019 14:48:51.544 INFO [http-nio-8081-exec-157] org.apache.catalina.core.ApplicationContext.log Manager: list: Listing contexts for virtual host 'localhost'
14-Apr-2019 14:48:51.555 INFO [http-nio-8081-exec-150] org.apache.catalina.core.ApplicationContext.log Manager: restart: Reloading web application '/SumusingServlet'
14-Apr-2019 14:49:01.789 INFO [http-nio-8081-exec-151] org.apache.catalina.core.ApplicationContext.log Manager: list: Listing contexts for virtual host 'localhost'
14-Apr-2019 14:49:01.792 INFO [http-nio-8081-exec-157] org.apache.catalina.core.ApplicationContext.log Manager: list: Listing contexts for virtual host 'localhost'
14-Apr-2019 14:49:01.808 INFO [http-nio-8081-exec-149] org.apache.catalina.core.ApplicationContext.log Manager: restart: Reloading web application '/SumusingServlet'
14-Apr-2019 14:49:24.980 INFO [http-nio-8081-exec-162] org.apache.catalina.core.ApplicationContext.log Manager: list: Listing contexts for virtual host 'localhost'
14-Apr-2019 14:49:24.994 INFO [http-nio-8081-exec-140] org.apache.catalina.core.ApplicationContext.log Manager: restart: Reloading web application '/SumusingServlet'
14-Apr-2019 15:05:20.894 INFO [http-nio-8081-exec-164] org.apache.catalina.core.ApplicationContext.log Manager: list: Listing contexts for virtual host 'localhost'
14-Apr-2019 15:05:20.923 INFO [http-nio-8081-exec-167] org.apache.catalina.core.ApplicationContext.log Manager: restart: Reloading web application '/SumusingServlet'
14-Apr-2019 15:06:35.478 INFO [http-nio-8081-exec-165] org.apache.catalina.core.ApplicationContext.log Manager: list: Listing contexts for virtual host 'localhost'
14-Apr-2019 15:06:35.480 INFO [http-nio-8081-exec-173] org.apache.catalina.core.ApplicationContext.log Manager: list: Listing contexts for virtual host 'localhost'
14-Apr-2019 15:06:35.492 INFO [http-nio-8081-exec-170] org.apache.catalina.core.ApplicationContext.log Manager: restart: Reloading web application '/SumusingServlet'
14-Apr-2019 15:11:36.628 INFO [http-nio-8081-exec-188] org.apache.catalina.core.ApplicationContext.log Manager: list: Listing contexts for virtual host 'localhost'
14-Apr-2019 15:11:36.657 INFO [http-nio-8081-exec-179] org.apache.catalina.core.ApplicationContext.log Manager: restart: Reloading web application '/SumusingServlet'
14-Apr-2019 15:11:42.234 INFO [http-nio-8081-exec-187] org.apache.catalina.core.ApplicationContext.log Manager: list: Listing contexts for virtual host 'localhost'
14-Apr-2019 15:11:42.255 INFO [http-nio-8081-exec-187] org.apache.catalina.core.ApplicationContext.log Manager: list: Listing contexts for virtual host 'localhost'
14-Apr-2019 15:11:42.269 INFO [http-nio-8081-exec-182] org.apache.catalina.core.ApplicationContext.log Manager: restart: Reloading web application '/SumusingServlet'
14-Apr-2019 15:12:54.128 INFO [http-nio-8081-exec-196] org.apache.catalina.core.ApplicationContext.log Manager: list: Listing contexts for virtual host 'localhost'
14-Apr-2019 15:12:54.137 INFO [http-nio-8081-exec-191] org.apache.catalina.core.ApplicationContext.log Manager: restart: Reloading web application '/SumusingServlet'
14-Apr-2019 15:12:59.238 INFO [http-nio-8081-exec-180] org.apache.catalina.core.ApplicationContext.log Manager: list: Listing contexts for virtual host 'localhost'
14-Apr-2019 15:12:59.244 INFO [http-nio-8081-exec-197] org.apache.catalina.core.ApplicationContext.log Manager: list: Listing contexts for virtual host 'localhost'
14-Apr-2019 15:12:59.297 INFO [http-nio-8081-exec-196] org.apache.catalina.core.ApplicationContext.log Manager: restart: Reloading web application '/SumusingServlet'
14-Apr-2019 15:16:46.362 INFO [http-nio-8081-exec-200] org.apache.catalina.core.ApplicationContext.log Manager: list: Listing contexts for virtual host 'localhost'
14-Apr-2019 15:16:46.385 INFO [http-nio-8081-exec-203] org.apache.catalina.core.ApplicationContext.log Manager: restart: Reloading web application '/SumusingServlet'
14-Apr-2019 15:19:24.156 INFO [http-nio-8081-exec-214] org.apache.catalina.core.ApplicationContext.log Manager: list: Listing contexts for virtual host 'localhost'
14-Apr-2019 15:19:24.171 INFO [http-nio-8081-exec-210] org.apache.catalina.core.ApplicationContext.log Manager: restart: Reloading web application '/SumusingServlet'
14-Apr-2019 15:19:42.925 INFO [http-nio-8081-exec-206] org.apache.catalina.core.ApplicationContext.log Manager: list: Listing contexts for virtual host 'localhost'
14-Apr-2019 15:19:42.929 INFO [http-nio-8081-exec-214] org.apache.catalina.core.ApplicationContext.log Manager: list: Listing contexts for virtual host 'localhost'
14-Apr-2019 15:19:42.945 INFO [http-nio-8081-exec-204] org.apache.catalina.core.ApplicationContext.log Manager: restart: Reloading web application '/SumusingServlet'
14-Apr-2019 15:21:53.611 INFO [http-nio-8081-exec-225] org.apache.catalina.core.ApplicationContext.log Manager: list: Listing contexts for virtual host 'localhost'
14-Apr-2019 15:21:53.617 INFO [http-nio-8081-exec-220] org.apache.catalina.core.ApplicationContext.log Manager: restart: Reloading web application '/SumusingServlet'
14-Apr-2019 15:22:15.738 INFO [http-nio-8081-exec-223] org.apache.catalina.core.ApplicationContext.log Manager: list: Listing contexts for virtual host 'localhost'
14-Apr-2019 15:22:15.741 INFO [http-nio-8081-exec-227] org.apache.catalina.core.ApplicationContext.log Manager: list: Listing contexts for virtual host 'localhost'
14-Apr-2019 15:22:15.753 INFO [http-nio-8081-exec-214] org.apache.catalina.core.ApplicationContext.log Manager: restart: Reloading web application '/SumusingServlet'
14-Apr-2019 15:22:47.026 INFO [http-nio-8081-exec-229] org.apache.catalina.core.ApplicationContext.log Manager: list: Listing contexts for virtual host 'localhost'
14-Apr-2019 15:22:47.029 INFO [http-nio-8081-exec-222] org.apache.catalina.core.ApplicationContext.log Manager: list: Listing contexts for virtual host 'localhost'
14-Apr-2019 15:23:27.086 INFO [http-nio-8081-exec-235] org.apache.catalina.core.ApplicationContext.log Manager: list: Listing contexts for virtual host 'localhost'
14-Apr-2019 15:23:27.174 INFO [http-nio-8081-exec-231] org.apache.catalina.core.ApplicationContext.log Manager: restart: Reloading web application '/SumusingServlet'
14-Apr-2019 15:23:34.169 INFO [http-nio-8081-exec-232] org.apache.catalina.core.ApplicationContext.log Manager: list: Listing contexts for virtual host 'localhost'
14-Apr-2019 15:23:34.172 INFO [http-nio-8081-exec-233] org.apache.catalina.core.ApplicationContext.log Manager: list: Listing contexts for virtual host 'localhost'
14-Apr-2019 15:23:34.207 INFO [http-nio-8081-exec-237] org.apache.catalina.core.ApplicationContext.log Manager: restart: Reloading web application '/SumusingServlet'
14-Apr-2019 15:26:09.820 INFO [http-nio-8081-exec-246] org.apache.catalina.core.ApplicationContext.log Manager: list: Listing contexts for virtual host 'localhost'
14-Apr-2019 15:26:09.833 INFO [http-nio-8081-exec-239] org.apache.catalina.core.ApplicationContext.log Manager: restart: Reloading web application '/SumusingServlet'
14-Apr-2019 15:26:21.913 INFO [http-nio-8081-exec-243] org.apache.catalina.core.ApplicationContext.log Manager: list: Listing contexts for virtual host 'localhost'
14-Apr-2019 15:26:21.916 INFO [http-nio-8081-exec-247] org.apache.catalina.core.ApplicationContext.log Manager: list: Listing contexts for virtual host 'localhost'
14-Apr-2019 15:26:21.931 INFO [http-nio-8081-exec-233] org.apache.catalina.core.ApplicationContext.log Manager: restart: Reloading web application '/SumusingServlet'
14-Apr-2019 15:27:58.381 INFO [http-nio-8081-exec-256] org.apache.catalina.core.ApplicationContext.log Manager: list: Listing contexts for virtual host 'localhost'
14-Apr-2019 15:27:58.383 INFO [http-nio-8081-exec-246] org.apache.catalina.core.ApplicationContext.log Manager: list: Listing contexts for virtual host 'localhost'
14-Apr-2019 15:27:58.394 INFO [http-nio-8081-exec-243] org.apache.catalina.core.ApplicationContext.log Manager: restart: Reloading web application '/SumusingServlet'
14-Apr-2019 15:29:04.604 INFO [http-nio-8081-exec-257] org.apache.catalina.core.ApplicationContext.log Manager: list: Listing contexts for virtual host 'localhost'
14-Apr-2019 15:29:04.618 INFO [http-nio-8081-exec-258] org.apache.catalina.core.ApplicationContext.log Manager: restart: Reloading web application '/SumusingServlet'
14-Apr-2019 15:29:09.998 INFO [http-nio-8081-exec-257] org.apache.catalina.core.ApplicationContext.log Manager: list: Listing contexts for virtual host 'localhost'
14-Apr-2019 15:29:10.001 INFO [http-nio-8081-exec-261] org.apache.catalina.core.ApplicationContext.log Manager: list: Listing contexts for virtual host 'localhost'
14-Apr-2019 15:29:10.131 INFO [http-nio-8081-exec-259] org.apache.catalina.core.ApplicationContext.log Manager: restart: Reloading web application '/SumusingServlet'
14-Apr-2019 15:29:56.773 INFO [http-nio-8081-exec-257] org.apache.catalina.core.ApplicationContext.log Manager: list: Listing contexts for virtual host 'localhost'
14-Apr-2019 15:29:56.782 INFO [http-nio-8081-exec-253] org.apache.catalina.core.ApplicationContext.log Manager: restart: Reloading web application '/SumusingServlet'
14-Apr-2019 15:30:23.895 INFO [http-nio-8081-exec-274] org.apache.catalina.core.ApplicationContext.log Manager: list: Listing contexts for virtual host 'localhost'
14-Apr-2019 15:30:23.903 INFO [http-nio-8081-exec-257] org.apache.catalina.core.ApplicationContext.log Manager: restart: Reloading web application '/SumusingServlet'
14-Apr-2019 15:52:30.281 INFO [http-nio-8081-exec-283] org.apache.catalina.core.ApplicationContext.log Manager: list: Listing contexts for virtual host 'localhost'
14-Apr-2019 15:52:30.458 INFO [http-nio-8081-exec-284] org.apache.catalina.core.ApplicationContext.log Manager: restart: Reloading web application '/SumusingServlet'
14-Apr-2019 15:52:41.024 INFO [http-nio-8081-exec-275] org.apache.catalina.core.ApplicationContext.log Manager: list: Listing contexts for virtual host 'localhost'
14-Apr-2019 15:52:41.034 INFO [http-nio-8081-exec-285] org.apache.catalina.core.ApplicationContext.log Manager: restart: Reloading web application '/SumusingServlet'
14-Apr-2019 15:54:51.340 INFO [http-nio-8081-exec-286] org.apache.catalina.core.ApplicationContext.log Manager: list: Listing contexts for virtual host 'localhost'
14-Apr-2019 15:54:51.383 INFO [http-nio-8081-exec-287] org.apache.catalina.core.ApplicationContext.log Manager: restart: Reloading web application '/SumusingServlet'
14-Apr-2019 15:55:01.581 INFO [http-nio-8081-exec-291] org.apache.catalina.core.ApplicationContext.log Manager: list: Listing contexts for virtual host 'localhost'
14-Apr-2019 15:55:01.584 INFO [http-nio-8081-exec-289] org.apache.catalina.core.ApplicationContext.log Manager: list: Listing contexts for virtual host 'localhost'
14-Apr-2019 15:55:01.601 INFO [http-nio-8081-exec-288] org.apache.catalina.core.ApplicationContext.log Manager: restart: Reloading web application '/SumusingServlet'
14-Apr-2019 15:56:00.990 INFO [http-nio-8081-exec-299] org.apache.catalina.core.ApplicationContext.log Manager: list: Listing contexts for virtual host 'localhost'
14-Apr-2019 15:56:01.019 INFO [http-nio-8081-exec-294] org.apache.catalina.core.ApplicationContext.log Manager: restart: Reloading web application '/SumusingServlet'
14-Apr-2019 15:56:50.640 INFO [http-nio-8081-exec-293] org.apache.catalina.core.ApplicationContext.log Manager: list: Listing contexts for virtual host 'localhost'
14-Apr-2019 15:56:50.642 INFO [http-nio-8081-exec-298] org.apache.catalina.core.ApplicationContext.log Manager: list: Listing contexts for virtual host 'localhost'
14-Apr-2019 15:56:50.662 INFO [http-nio-8081-exec-292] org.apache.catalina.core.ApplicationContext.log Manager: restart: Reloading web application '/SumusingServlet'
14-Apr-2019 15:57:18.480 INFO [http-nio-8081-exec-299] org.apache.catalina.core.ApplicationContext.log Manager: list: Listing contexts for virtual host 'localhost'
14-Apr-2019 15:57:18.483 INFO [http-nio-8081-exec-298] org.apache.catalina.core.ApplicationContext.log Manager: list: Listing contexts for virtual host 'localhost'
14-Apr-2019 15:59:00.326 INFO [http-nio-8081-exec-309] org.apache.catalina.core.ApplicationContext.log Manager: list: Listing contexts for virtual host 'localhost'
14-Apr-2019 15:59:00.358 INFO [http-nio-8081-exec-304] org.apache.catalina.core.ApplicationContext.log Manager: restart: Reloading web application '/SumusingServlet'
14-Apr-2019 16:00:13.430 INFO [http-nio-8081-exec-311] org.apache.catalina.core.ApplicationContext.log Manager: list: Listing contexts for virtual host 'localhost'
14-Apr-2019 16:00:13.485 INFO [http-nio-8081-exec-298] org.apache.catalina.core.ApplicationContext.log Manager: restart: Reloading web application '/SumusingServlet'
14-Apr-2019 16:03:53.244 INFO [http-nio-8081-exec-315] org.apache.catalina.core.ApplicationContext.log Manager: list: Listing contexts for virtual host 'localhost'
14-Apr-2019 16:03:53.257 INFO [http-nio-8081-exec-316] org.apache.catalina.core.ApplicationContext.log Manager: restart: Reloading web application '/SumusingServlet'
14-Apr-2019 16:06:17.072 INFO [http-nio-8081-exec-325] org.apache.catalina.core.ApplicationContext.log Manager: list: Listing contexts for virtual host 'localhost'
14-Apr-2019 16:06:17.187 INFO [http-nio-8081-exec-322] org.apache.catalina.core.ApplicationContext.log Manager: restart: Reloading web application '/SumusingServlet'
14-Apr-2019 16:06:34.858 INFO [http-nio-8081-exec-326] org.apache.catalina.core.ApplicationContext.log Manager: list: Listing contexts for virtual host 'localhost'
14-Apr-2019 16:06:34.862 INFO [http-nio-8081-exec-306] org.apache.catalina.core.ApplicationContext.log Manager: list: Listing contexts for virtual host 'localhost'
14-Apr-2019 16:06:34.888 INFO [http-nio-8081-exec-325] org.apache.catalina.core.ApplicationContext.log Manager: restart: Reloading web application '/SumusingServlet'
14-Apr-2019 16:37:40.235 INFO [http-nio-8081-exec-332] org.apache.catalina.core.ApplicationContext.log Manager: list: Listing contexts for virtual host 'localhost'
14-Apr-2019 16:37:40.268 INFO [http-nio-8081-exec-333] org.apache.catalina.core.ApplicationContext.log Manager: list: Listing contexts for virtual host 'localhost'
14-Apr-2019 16:37:40.471 INFO [http-nio-8081-exec-335] org.apache.catalina.core.ApplicationContext.log Manager: install: Installing context configuration at 'file:/C:/Users/MDYASI~1/AppData/Local/Temp/context73088694223279847.xml'
14-Apr-2019 16:37:41.649 INFO [http-nio-8081-exec-334] org.apache.catalina.core.ApplicationContext.log Manager: start: Starting web application '/MyServlet'
14-Apr-2019 16:38:04.669 INFO [http-nio-8081-exec-330] org.apache.catalina.core.ApplicationContext.log Manager: list: Listing contexts for virtual host 'localhost'
14-Apr-2019 16:38:04.673 INFO [http-nio-8081-exec-332] org.apache.catalina.core.ApplicationContext.log Manager: list: Listing contexts for virtual host 'localhost'
14-Apr-2019 16:38:21.233 INFO [http-nio-8081-exec-336] org.apache.catalina.core.ApplicationContext.log Manager: list: Listing contexts for virtual host 'localhost'
14-Apr-2019 16:38:21.246 INFO [http-nio-8081-exec-337] org.apache.catalina.core.ApplicationContext.log Manager: restart: Reloading web application '/MyServlet'
14-Apr-2019 16:38:26.245 INFO [http-nio-8081-exec-333] org.apache.catalina.core.ApplicationContext.log Manager: list: Listing contexts for virtual host 'localhost'
14-Apr-2019 16:38:26.249 INFO [http-nio-8081-exec-334] org.apache.catalina.core.ApplicationContext.log Manager: list: Listing contexts for virtual host 'localhost'
14-Apr-2019 16:38:26.269 INFO [http-nio-8081-exec-338] org.apache.catalina.core.ApplicationContext.log Manager: restart: Reloading web application '/MyServlet'
14-Apr-2019 16:39:27.986 INFO [http-nio-8081-exec-342] org.apache.catalina.core.ApplicationContext.log Manager: list: Listing contexts for virtual host 'localhost'
14-Apr-2019 16:39:27.997 INFO [http-nio-8081-exec-344] org.apache.catalina.core.ApplicationContext.log Manager: restart: Reloading web application '/MyServlet'
14-Apr-2019 16:40:28.103 INFO [http-nio-8081-exec-348] org.apache.catalina.core.ApplicationContext.log Manager: list: Listing contexts for virtual host 'localhost'
14-Apr-2019 16:40:28.133 INFO [http-nio-8081-exec-344] org.apache.catalina.core.ApplicationContext.log Manager: restart: Reloading web application '/MyServlet'
14-Apr-2019 16:40:35.554 INFO [http-nio-8081-exec-338] org.apache.catalina.core.ApplicationContext.log Manager: list: Listing contexts for virtual host 'localhost'
14-Apr-2019 16:40:35.563 INFO [http-nio-8081-exec-342] org.apache.catalina.core.ApplicationContext.log Manager: list: Listing contexts for virtual host 'localhost'
14-Apr-2019 16:40:35.579 INFO [http-nio-8081-exec-336] org.apache.catalina.core.ApplicationContext.log Manager: restart: Reloading web application '/MyServlet'
14-Apr-2019 16:41:01.787 INFO [http-nio-8081-exec-353] org.apache.catalina.core.ApplicationContext.log Manager: list: Listing contexts for virtual host 'localhost'
14-Apr-2019 16:41:01.806 INFO [http-nio-8081-exec-354] org.apache.catalina.core.ApplicationContext.log Manager: restart: Reloading web application '/MyServlet'
14-Apr-2019 16:41:17.654 INFO [http-nio-8081-exec-355] org.apache.catalina.core.ApplicationContext.log Manager: list: Listing contexts for virtual host 'localhost'
14-Apr-2019 16:41:17.670 INFO [http-nio-8081-exec-356] org.apache.catalina.core.ApplicationContext.log Manager: restart: Reloading web application '/MyServlet'
14-Apr-2019 16:41:33.051 INFO [http-nio-8081-exec-357] org.apache.catalina.core.ApplicationContext.log Manager: list: Listing contexts for virtual host 'localhost'
14-Apr-2019 16:41:33.063 INFO [http-nio-8081-exec-358] org.apache.catalina.core.ApplicationContext.log Manager: restart: Reloading web application '/MyServlet'
14-Apr-2019 16:44:43.662 INFO [http-nio-8081-exec-359] org.apache.catalina.core.ApplicationContext.log Manager: list: Listing contexts for virtual host 'localhost'
14-Apr-2019 16:44:43.678 INFO [http-nio-8081-exec-348] org.apache.catalina.core.ApplicationContext.log Manager: stop: Stopping web application '/MyServlet'
14-Apr-2019 16:44:43.725 INFO [http-nio-8081-exec-362] org.apache.catalina.core.ApplicationContext.log Manager: start: Starting web application '/MyServlet'
14-Apr-2019 16:44:55.675 INFO [http-nio-8081-exec-358] org.apache.catalina.core.ApplicationContext.log Manager: list: Listing contexts for virtual host 'localhost'
14-Apr-2019 16:44:55.695 INFO [http-nio-8081-exec-364] org.apache.catalina.core.ApplicationContext.log Manager: stop: Stopping web application '/MyServlet'
14-Apr-2019 16:44:55.718 INFO [http-nio-8081-exec-351] org.apache.catalina.core.ApplicationContext.log Manager: start: Starting web application '/MyServlet'
14-Apr-2019 16:46:35.608 INFO [http-nio-8081-exec-358] org.apache.catalina.core.ApplicationContext.log Manager: list: Listing contexts for virtual host 'localhost'
14-Apr-2019 16:46:35.627 INFO [http-nio-8081-exec-366] org.apache.catalina.core.ApplicationContext.log Manager: restart: Reloading web application '/MyServlet'
14-Apr-2019 16:46:40.214 INFO [http-nio-8081-exec-351] org.apache.catalina.core.ApplicationContext.log Manager: list: Listing contexts for virtual host 'localhost'
14-Apr-2019 16:46:40.228 INFO [http-nio-8081-exec-367] org.apache.catalina.core.ApplicationContext.log Manager: restart: Reloading web application '/MyServlet'
14-Apr-2019 16:48:18.774 INFO [http-nio-8081-exec-372] org.apache.catalina.core.ApplicationContext.log Manager: list: Listing contexts for virtual host 'localhost'
14-Apr-2019 16:48:18.785 INFO [http-nio-8081-exec-368] org.apache.catalina.core.ApplicationContext.log Manager: stop: Stopping web application '/MyServlet'
14-Apr-2019 16:48:18.800 INFO [http-nio-8081-exec-351] org.apache.catalina.core.ApplicationContext.log Manager: start: Starting web application '/MyServlet'
14-Apr-2019 23:23:58.062 INFO [http-nio-8081-exec-8] org.apache.catalina.core.ApplicationContext.log Manager: init: Associated with Deployer 'Catalina:type=Deployer,host=localhost'
14-Apr-2019 23:23:58.062 INFO [http-nio-8081-exec-8] org.apache.catalina.core.ApplicationContext.log Manager: init: Global resources are available
14-Apr-2019 23:23:59.003 INFO [http-nio-8081-exec-10] org.apache.catalina.core.ApplicationContext.log Manager: list: Listing contexts for virtual host 'localhost'
14-Apr-2019 23:23:59.042 INFO [http-nio-8081-exec-5] org.apache.catalina.core.ApplicationContext.log Manager: list: Listing contexts for virtual host 'localhost'
14-Apr-2019 23:23:59.087 INFO [http-nio-8081-exec-2] org.apache.catalina.core.ApplicationContext.log Manager: install: Installing context configuration at 'file:/C:/Users/MDYASI~1/AppData/Local/Temp/context5743633985707154640.xml'
14-Apr-2019 23:23:59.318 INFO [http-nio-8081-exec-1] org.apache.catalina.core.ApplicationContext.log Manager: start: Starting web application '/MyJsp'
14-Apr-2019 23:25:33.482 INFO [http-nio-8081-exec-6] org.apache.catalina.core.ApplicationContext.log Manager: list: Listing contexts for virtual host 'localhost'
14-Apr-2019 23:25:38.826 INFO [http-nio-8081-exec-5] org.apache.catalina.core.ApplicationContext.log Manager: list: Listing contexts for virtual host 'localhost'
14-Apr-2019 23:25:38.831 INFO [http-nio-8081-exec-4] org.apache.catalina.core.ApplicationContext.log Manager: list: Listing contexts for virtual host 'localhost'
14-Apr-2019 23:28:20.141 INFO [http-nio-8081-exec-10] org.apache.catalina.core.ApplicationContext.log Manager: list: Listing contexts for virtual host 'localhost'
14-Apr-2019 23:28:20.149 INFO [http-nio-8081-exec-2] org.apache.catalina.core.ApplicationContext.log Manager: restart: Reloading web application '/MyJsp'
14-Apr-2019 23:28:24.414 INFO [http-nio-8081-exec-12] org.apache.catalina.core.ApplicationContext.log Manager: list: Listing contexts for virtual host 'localhost'
14-Apr-2019 23:28:37.477 INFO [http-nio-8081-exec-11] org.apache.catalina.core.ApplicationContext.log Manager: list: Listing contexts for virtual host 'localhost'
14-Apr-2019 23:28:37.481 INFO [http-nio-8081-exec-9] org.apache.catalina.core.ApplicationContext.log Manager: list: Listing contexts for virtual host 'localhost'
14-Apr-2019 23:28:37.495 INFO [http-nio-8081-exec-12] org.apache.catalina.core.ApplicationContext.log Manager: restart: Reloading web application '/MyJsp'
14-Apr-2019 23:29:50.712 INFO [http-nio-8081-exec-12] org.apache.catalina.core.ApplicationContext.log Manager: list: Listing contexts for virtual host 'localhost'
14-Apr-2019 23:29:52.851 INFO [http-nio-8081-exec-15] org.apache.catalina.core.ApplicationContext.log Manager: list: Listing contexts for virtual host 'localhost'
14-Apr-2019 23:29:52.869 INFO [http-nio-8081-exec-17] org.apache.catalina.core.ApplicationContext.log Manager: stop: Stopping web application '/MyJsp'
14-Apr-2019 23:29:52.887 INFO [http-nio-8081-exec-15] org.apache.catalina.core.ApplicationContext.log Manager: start: Starting web application '/MyJsp'
14-Apr-2019 23:30:05.488 INFO [http-nio-8081-exec-21] org.apache.catalina.core.ApplicationContext.log Manager: list: Listing contexts for virtual host 'localhost'
14-Apr-2019 23:30:26.720 INFO [http-nio-8081-exec-10] org.apache.catalina.core.ApplicationContext.log Manager: list: Listing contexts for virtual host 'localhost'
14-Apr-2019 23:30:33.110 INFO [http-nio-8081-exec-23] org.apache.catalina.core.ApplicationContext.log Manager: list: Listing contexts for virtual host 'localhost'
14-Apr-2019 23:31:10.251 INFO [http-nio-8081-exec-21] org.apache.catalina.core.ApplicationContext.log Manager: list: Listing contexts for virtual host 'localhost'
14-Apr-2019 23:31:14.424 INFO [http-nio-8081-exec-17] org.apache.catalina.core.ApplicationContext.log Manager: list: Listing contexts for virtual host 'localhost'
14-Apr-2019 23:31:14.430 INFO [http-nio-8081-exec-25] org.apache.catalina.core.ApplicationContext.log Manager: list: Listing contexts for virtual host 'localhost'
14-Apr-2019 23:31:14.449 INFO [http-nio-8081-exec-13] org.apache.catalina.core.ApplicationContext.log Manager: stop: Stopping web application '/MyJsp'
14-Apr-2019 23:31:14.460 INFO [http-nio-8081-exec-15] org.apache.catalina.core.ApplicationContext.log Manager: start: Starting web application '/MyJsp'
14-Apr-2019 23:31:30.443 INFO [http-nio-8081-exec-28] org.apache.catalina.core.ApplicationContext.log Manager: list: Listing contexts for virtual host 'localhost'
14-Apr-2019 23:31:30.447 INFO [http-nio-8081-exec-22] org.apache.catalina.core.ApplicationContext.log Manager: list: Listing contexts for virtual host 'localhost'
14-Apr-2019 23:31:39.406 INFO [http-nio-8081-exec-29] org.apache.catalina.core.ApplicationContext.log Manager: list: Listing contexts for virtual host 'localhost'
14-Apr-2019 23:31:42.461 INFO [http-nio-8081-exec-30] org.apache.catalina.core.ApplicationContext.log Manager: list: Listing contexts for virtual host 'localhost'
14-Apr-2019 23:31:42.466 INFO [http-nio-8081-exec-28] org.apache.catalina.core.ApplicationContext.log Manager: list: Listing contexts for virtual host 'localhost'
14-Apr-2019 23:32:19.011 INFO [http-nio-8081-exec-33] org.apache.catalina.core.ApplicationContext.log Manager: list: Listing contexts for virtual host 'localhost'
14-Apr-2019 23:32:19.023 INFO [http-nio-8081-exec-27] org.apache.catalina.core.ApplicationContext.log Manager: restart: Reloading web application '/MyJsp'
14-Apr-2019 23:32:51.046 INFO [http-nio-8081-exec-28] org.apache.catalina.core.ApplicationContext.log Manager: list: Listing contexts for virtual host 'localhost'
14-Apr-2019 23:32:54.007 INFO [http-nio-8081-exec-27] org.apache.catalina.core.ApplicationContext.log Manager: list: Listing contexts for virtual host 'localhost'
14-Apr-2019 23:32:54.011 INFO [http-nio-8081-exec-26] org.apache.catalina.core.ApplicationContext.log Manager: list: Listing contexts for virtual host 'localhost'
14-Apr-2019 23:32:54.024 INFO [http-nio-8081-exec-31] org.apache.catalina.core.ApplicationContext.log Manager: restart: Reloading web application '/MyJsp'
14-Apr-2019 23:33:34.212 INFO [http-nio-8081-exec-39] org.apache.catalina.core.ApplicationContext.log Manager: list: Listing contexts for virtual host 'localhost'
14-Apr-2019 23:33:39.356 INFO [http-nio-8081-exec-31] org.apache.catalina.core.ApplicationContext.log Manager: list: Listing contexts for virtual host 'localhost'
14-Apr-2019 23:33:39.360 INFO [http-nio-8081-exec-27] org.apache.catalina.core.ApplicationContext.log Manager: list: Listing contexts for virtual host 'localhost'
14-Apr-2019 23:37:32.121 INFO [http-nio-8081-exec-42] org.apache.catalina.core.ApplicationContext.log Manager: list: Listing contexts for virtual host 'localhost'
14-Apr-2019 23:37:32.124 INFO [http-nio-8081-exec-44] org.apache.catalina.core.ApplicationContext.log Manager: list: Listing contexts for virtual host 'localhost'
14-Apr-2019 23:37:46.732 INFO [http-nio-8081-exec-48] org.apache.catalina.core.ApplicationContext.log Manager: list: Listing contexts for virtual host 'localhost'
14-Apr-2019 23:37:46.759 INFO [http-nio-8081-exec-41] org.apache.catalina.core.ApplicationContext.log Manager: list: Listing contexts for virtual host 'localhost'
14-Apr-2019 23:38:14.258 INFO [http-nio-8081-exec-44] org.apache.catalina.core.ApplicationContext.log Manager: list: Listing contexts for virtual host 'localhost'
14-Apr-2019 23:38:16.628 INFO [http-nio-8081-exec-50] org.apache.catalina.core.ApplicationContext.log Manager: list: Listing contexts for virtual host 'localhost'
14-Apr-2019 23:38:26.371 INFO [http-nio-8081-exec-45] org.apache.catalina.core.ApplicationContext.log Manager: list: Listing contexts for virtual host 'localhost'
14-Apr-2019 23:38:31.616 INFO [http-nio-8081-exec-42] org.apache.catalina.core.ApplicationContext.log Manager: list: Listing contexts for virtual host 'localhost'
14-Apr-2019 23:38:31.620 INFO [http-nio-8081-exec-49] org.apache.catalina.core.ApplicationContext.log Manager: list: Listing contexts for virtual host 'localhost'
14-Apr-2019 23:38:49.584 INFO [http-nio-8081-exec-44] org.apache.catalina.core.ApplicationContext.log Manager: list: Listing contexts for virtual host 'localhost'
14-Apr-2019 23:38:49.594 INFO [http-nio-8081-exec-48] org.apache.catalina.core.ApplicationContext.log Manager: restart: Reloading web application '/MyJsp'
14-Apr-2019 23:38:53.697 INFO [http-nio-8081-exec-41] org.apache.catalina.core.ApplicationContext.log Manager: list: Listing contexts for virtual host 'localhost'
